<?xml version="1.0"?>
<testsuite name="HeadlessChrome 80.0.3987 (Mac OS X 10.15.3)" package="" timestamp="2020-04-19T15:49:29" id="0" hostname="Robs-MacBook-Pro.local" tests="71" errors="0" failures="35" time="6.939">
  <properties>
    <property name="browser.fullName" value="Mozilla/5.0 (Macintosh; Intel Mac OS X 10_15_3) AppleWebKit/537.36 (KHTML, like Gecko) HeadlessChrome/80.0.3987.0 Safari/537.36"/>
  </properties>
  <testcase name="H8FloorPlanComponent  should create" time="0.306" classname="HeadlessChrome_80_0_3987_(Mac_OS_X_10_15_3).H8FloorPlanComponent "/>
  <testcase name="H8FloorPlanComponent  should set events after view init" time="0.191" classname="HeadlessChrome_80_0_3987_(Mac_OS_X_10_15_3).H8FloorPlanComponent "/>
  <testcase name="H9FloorPlanComponent  should create" time="0.344" classname="HeadlessChrome_80_0_3987_(Mac_OS_X_10_15_3).H9FloorPlanComponent "/>
  <testcase name="H9FloorPlanComponent  should set events after view init" time="0.173" classname="HeadlessChrome_80_0_3987_(Mac_OS_X_10_15_3).H9FloorPlanComponent "/>
  <testcase name="MB1FloorPlanComponent  should create" time="0.127" classname="HeadlessChrome_80_0_3987_(Mac_OS_X_10_15_3).MB1FloorPlanComponent "/>
  <testcase name="MB1FloorPlanComponent  should set events after view init" time="0.095" classname="HeadlessChrome_80_0_3987_(Mac_OS_X_10_15_3).MB1FloorPlanComponent "/>
  <testcase name="IndoorMapComponent  should create" time="0.03" classname="HeadlessChrome_80_0_3987_(Mac_OS_X_10_15_3).IndoorMapComponent "/>
  <testcase name="IndoorMapComponent  should ngAfterViewInit" time="0.024" classname="HeadlessChrome_80_0_3987_(Mac_OS_X_10_15_3).IndoorMapComponent ">
    <failure type="">Error: Expected spy setMap to have been called.
    at &lt;Jasmine&gt;
    at UserContext.&lt;anonymous&gt; (http://localhost:9876/_karma_webpack_/src/app/components/indoor/indoor-map/indoor-map.component.spec.ts:66:19)
    at ZoneDelegate../node_modules/zone.js/dist/zone.js.ZoneDelegate.invoke (http://localhost:9876/_karma_webpack_/node_modules/zone.js/dist/zone.js:391:1)
    at ProxyZoneSpec.push../node_modules/zone.js/dist/zone-testing.js.ProxyZoneSpec.onInvoke (http://localhost:9876/_karma_webpack_/node_modules/zone.js/dist/zone-testing.js:308:1)
</failure>
  </testcase>
  <testcase name="IndoorMapComponent  should initNav() without point and invalid name" time="0.025" classname="HeadlessChrome_80_0_3987_(Mac_OS_X_10_15_3).IndoorMapComponent "/>
  <testcase name="IndoorMapComponent  should initNav() without point and valid name mb" time="0.044" classname="HeadlessChrome_80_0_3987_(Mac_OS_X_10_15_3).IndoorMapComponent "/>
  <testcase name="IndoorMapComponent  should initNav() without point and valid name mb valid point" time="0.04" classname="HeadlessChrome_80_0_3987_(Mac_OS_X_10_15_3).IndoorMapComponent "/>
  <testcase name="IndoorMapComponent  should initNav() without point and valid name escalator up" time="0.022" classname="HeadlessChrome_80_0_3987_(Mac_OS_X_10_15_3).IndoorMapComponent "/>
  <testcase name="IndoorMapComponent  should initNav() without point and valid name escalator down" time="0.025" classname="HeadlessChrome_80_0_3987_(Mac_OS_X_10_15_3).IndoorMapComponent "/>
  <testcase name="IndoorMapComponent  should resetNav()" time="0.022" classname="HeadlessChrome_80_0_3987_(Mac_OS_X_10_15_3).IndoorMapComponent ">
    <failure type="">TypeError: Cannot read property 'getElementsByTagName' of null
    at &lt;Jasmine&gt;
    at IndoorMapComponent.setMap (http://localhost:9876/_karma_webpack_/src/app/components/indoor/indoor-map/indoor-map.component.ts:207:28)
    at UserContext.&lt;anonymous&gt; (http://localhost:9876/_karma_webpack_/src/app/components/indoor/indoor-map/indoor-map.component.spec.ts:96:24)
    at ZoneDelegate../node_modules/zone.js/dist/zone.js.ZoneDelegate.invoke (http://localhost:9876/_karma_webpack_/node_modules/zone.js/dist/zone.js:391:1)
    at ProxyZoneSpec.push../node_modules/zone.js/dist/zone-testing.js.ProxyZoneSpec.onInvoke (http://localhost:9876/_karma_webpack_/node_modules/zone.js/dist/zone-testing.js:308:1)
    at ZoneDelegate../node_modules/zone.js/dist/zone.js.ZoneDelegate.invoke (http://localhost:9876/_karma_webpack_/node_modules/zone.js/dist/zone.js:390:1)
    at Zone../node_modules/zone.js/dist/zone.js.Zone.run (http://localhost:9876/_karma_webpack_/node_modules/zone.js/dist/zone.js:150:1)
    at runInTestZone (http://localhost:9876/_karma_webpack_/node_modules/zone.js/dist/zone-testing.js:561:1)
    at UserContext.&lt;anonymous&gt; (http://localhost:9876/_karma_webpack_/node_modules/zone.js/dist/zone-testing.js:576:1)
    at &lt;Jasmine&gt;
</failure>
  </testcase>
  <testcase name="IndoorNavigationSideButtonsComponent  should create" time="0.18" classname="HeadlessChrome_80_0_3987_(Mac_OS_X_10_15_3).IndoorNavigationSideButtonsComponent "/>
  <testcase name="IndoorNavigationSideButtonsComponent  should test compass button clicked presentPopover()" time="0.179" classname="HeadlessChrome_80_0_3987_(Mac_OS_X_10_15_3).IndoorNavigationSideButtonsComponent ">
    <failure type="">Error: Expected spy presentPopover to have been called.
    at &lt;Jasmine&gt;
    at UserContext.&lt;anonymous&gt; (http://localhost:9876/_karma_webpack_/src/app/components/indoor/indoor-navigation-side-buttons/indoor-navigation-side-buttons.component.spec.ts:78:24)
    at ZoneDelegate../node_modules/zone.js/dist/zone.js.ZoneDelegate.invoke (http://localhost:9876/_karma_webpack_/node_modules/zone.js/dist/zone.js:391:1)
    at ProxyZoneSpec.push../node_modules/zone.js/dist/zone-testing.js.ProxyZoneSpec.onInvoke (http://localhost:9876/_karma_webpack_/node_modules/zone.js/dist/zone-testing.js:308:1)
</failure>
  </testcase>
  <testcase name="IndoorNavigationSideButtonsComponent  should test showInfo button clicked showInfo()" time="0.139" classname="HeadlessChrome_80_0_3987_(Mac_OS_X_10_15_3).IndoorNavigationSideButtonsComponent "/>
  <testcase name="IndoorNavigationSideButtonsComponent  should getData TRUE isSelectMode" time="0.368" classname="HeadlessChrome_80_0_3987_(Mac_OS_X_10_15_3).IndoorNavigationSideButtonsComponent "/>
  <testcase name="IndoorNavigationSideButtonsComponent  should getData FALSE isSelectMode and FALSE directionsManagerService.isIndoorInRoute" time="0.277" classname="HeadlessChrome_80_0_3987_(Mac_OS_X_10_15_3).IndoorNavigationSideButtonsComponent "/>
  <testcase name="IndoorNavigationToolbarComponent  should create" time="0.048" classname="HeadlessChrome_80_0_3987_(Mac_OS_X_10_15_3).IndoorNavigationToolbarComponent ">
    <failure type="">NullInjectorError: StaticInjectorError(DynamicTestModule)[IndoorNavigationToolbarComponent -&gt; DirectionsManagerService]: 
  StaticInjectorError(Platform: core)[IndoorNavigationToolbarComponent -&gt; DirectionsManagerService]: 
    NullInjectorError: No provider for DirectionsManagerService!
error properties: Object({ ngTempTokenPath: null, ngTokenPath: [ 'IndoorNavigationToolbarComponent', Function ], ngDebugContext: DebugContext_({ view: Object({ def: Object({ factory: Function, nodeFlags: 37797889, rootNodeFlags: 33554433, nodeMatchedQueries: 0, flags: 0, nodes: [ Object({ nodeIndex: 0, parent: null, renderParent: null, bindingIndex: 0, outputIndex: 0, checkIndex: 0, flags: 33554433, childFlags: 4243456, directChildFlags: 4243456, childMatchedQueries: 0, matchedQueries: Object({  }), matchedQueryIds: 0, references: Object({  }), ngContentIndex: null, childCount: 1, bindings: [  ], bindingFlags: 0, outputs: [  ], element: Object({ ns: '', name: 'app-indoor-navigation-toolbar', attrs: [  ], template: null, componentProvider: Object({ nodeIndex: 1, parent: &lt;circular reference: Object&gt;, renderParent: &lt;circular reference: Object&gt;, bindingIndex: 0, outputIndex: 0, checkIndex: 1, flags: 4243456, childFlags: 0, directChildFlags: 0, childMatchedQueries: 0, matchedQueries: Object, matchedQueryIds ...
    at &lt;Jasmine&gt;
    at NullInjector.push../node_modules/@angular/core/fesm5/core.js.NullInjector.get (http://localhost:9876/_karma_webpack_/node_modules/@angular/core/fesm5/core.js:724:1)
    at resolveToken (http://localhost:9876/_karma_webpack_/node_modules/@angular/core/fesm5/core.js:2093:1)
    at tryResolveToken (http://localhost:9876/_karma_webpack_/node_modules/@angular/core/fesm5/core.js:2037:1)
    at StaticInjector.push../node_modules/@angular/core/fesm5/core.js.StaticInjector.get (http://localhost:9876/_karma_webpack_/node_modules/@angular/core/fesm5/core.js:1941:1)
    at resolveToken (http://localhost:9876/_karma_webpack_/node_modules/@angular/core/fesm5/core.js:2093:1)
    at tryResolveToken (http://localhost:9876/_karma_webpack_/node_modules/@angular/core/fesm5/core.js:2037:1)
    at StaticInjector.push../node_modules/@angular/core/fesm5/core.js.StaticInjector.get (http://localhost:9876/_karma_webpack_/node_modules/@angular/core/fesm5/core.js:1941:1)
    at resolveNgModuleDep (http://localhost:9876/_karma_webpack_/node_modules/@angular/core/fesm5/core.js:20895:1)
    at NgModuleRef_.push../node_modules/@angular/core/fesm5/core.js.NgModuleRef_.get (http://localhost:9876/_karma_webpack_/node_modules/@angular/core/fesm5/core.js:21584:1)
    at resolveDep (http://localhost:9876/_karma_webpack_/node_modules/@angular/core/fesm5/core.js:21955:1)
</failure>
    <failure type="">Error: Expected undefined to be truthy.
    at &lt;Jasmine&gt;
    at UserContext.&lt;anonymous&gt; (http://localhost:9876/_karma_webpack_/src/app/components/indoor/indoor-navigation-toolbar/indoor-navigation-toolbar.component.spec.ts:60:23)
    at ZoneDelegate../node_modules/zone.js/dist/zone.js.ZoneDelegate.invoke (http://localhost:9876/_karma_webpack_/node_modules/zone.js/dist/zone.js:391:1)
    at ProxyZoneSpec.push../node_modules/zone.js/dist/zone-testing.js.ProxyZoneSpec.onInvoke (http://localhost:9876/_karma_webpack_/node_modules/zone.js/dist/zone-testing.js:308:1)
</failure>
  </testcase>
  <testcase name="IndoorNavigationToolbarComponent  should ngAfterViewInit()" time="0.038" classname="HeadlessChrome_80_0_3987_(Mac_OS_X_10_15_3).IndoorNavigationToolbarComponent ">
    <failure type="">NullInjectorError: StaticInjectorError(DynamicTestModule)[IndoorNavigationToolbarComponent -&gt; DirectionsManagerService]: 
  StaticInjectorError(Platform: core)[IndoorNavigationToolbarComponent -&gt; DirectionsManagerService]: 
    NullInjectorError: No provider for DirectionsManagerService!
error properties: Object({ ngTempTokenPath: null, ngTokenPath: [ 'IndoorNavigationToolbarComponent', Function ], ngDebugContext: DebugContext_({ view: Object({ def: Object({ factory: Function, nodeFlags: 37797889, rootNodeFlags: 33554433, nodeMatchedQueries: 0, flags: 0, nodes: [ Object({ nodeIndex: 0, parent: null, renderParent: null, bindingIndex: 0, outputIndex: 0, checkIndex: 0, flags: 33554433, childFlags: 4243456, directChildFlags: 4243456, childMatchedQueries: 0, matchedQueries: Object({  }), matchedQueryIds: 0, references: Object({  }), ngContentIndex: null, childCount: 1, bindings: [  ], bindingFlags: 0, outputs: [  ], element: Object({ ns: '', name: 'app-indoor-navigation-toolbar', attrs: [  ], template: null, componentProvider: Object({ nodeIndex: 1, parent: &lt;circular reference: Object&gt;, renderParent: &lt;circular reference: Object&gt;, bindingIndex: 0, outputIndex: 0, checkIndex: 1, flags: 4243456, childFlags: 0, directChildFlags: 0, childMatchedQueries: 0, matchedQueries: Object, matchedQueryIds ...
    at &lt;Jasmine&gt;
    at NullInjector.push../node_modules/@angular/core/fesm5/core.js.NullInjector.get (http://localhost:9876/_karma_webpack_/node_modules/@angular/core/fesm5/core.js:724:1)
    at resolveToken (http://localhost:9876/_karma_webpack_/node_modules/@angular/core/fesm5/core.js:2093:1)
    at tryResolveToken (http://localhost:9876/_karma_webpack_/node_modules/@angular/core/fesm5/core.js:2037:1)
    at StaticInjector.push../node_modules/@angular/core/fesm5/core.js.StaticInjector.get (http://localhost:9876/_karma_webpack_/node_modules/@angular/core/fesm5/core.js:1941:1)
    at resolveToken (http://localhost:9876/_karma_webpack_/node_modules/@angular/core/fesm5/core.js:2093:1)
    at tryResolveToken (http://localhost:9876/_karma_webpack_/node_modules/@angular/core/fesm5/core.js:2037:1)
    at StaticInjector.push../node_modules/@angular/core/fesm5/core.js.StaticInjector.get (http://localhost:9876/_karma_webpack_/node_modules/@angular/core/fesm5/core.js:1941:1)
    at resolveNgModuleDep (http://localhost:9876/_karma_webpack_/node_modules/@angular/core/fesm5/core.js:20895:1)
    at NgModuleRef_.push../node_modules/@angular/core/fesm5/core.js.NgModuleRef_.get (http://localhost:9876/_karma_webpack_/node_modules/@angular/core/fesm5/core.js:21584:1)
    at resolveDep (http://localhost:9876/_karma_webpack_/node_modules/@angular/core/fesm5/core.js:21955:1)
</failure>
    <failure type="">TypeError: Cannot set property 'inputBuilding' of undefined
    at &lt;Jasmine&gt;
    at UserContext.&lt;anonymous&gt; (http://localhost:9876/_karma_webpack_/src/app/components/indoor/indoor-navigation-toolbar/indoor-navigation-toolbar.component.spec.ts:63:31)
    at ZoneDelegate../node_modules/zone.js/dist/zone.js.ZoneDelegate.invoke (http://localhost:9876/_karma_webpack_/node_modules/zone.js/dist/zone.js:391:1)
    at ProxyZoneSpec.push../node_modules/zone.js/dist/zone-testing.js.ProxyZoneSpec.onInvoke (http://localhost:9876/_karma_webpack_/node_modules/zone.js/dist/zone-testing.js:308:1)
    at ZoneDelegate../node_modules/zone.js/dist/zone.js.ZoneDelegate.invoke (http://localhost:9876/_karma_webpack_/node_modules/zone.js/dist/zone.js:390:1)
    at Zone../node_modules/zone.js/dist/zone.js.Zone.run (http://localhost:9876/_karma_webpack_/node_modules/zone.js/dist/zone.js:150:1)
    at runInTestZone (http://localhost:9876/_karma_webpack_/node_modules/zone.js/dist/zone-testing.js:561:1)
    at UserContext.&lt;anonymous&gt; (http://localhost:9876/_karma_webpack_/node_modules/zone.js/dist/zone-testing.js:576:1)
    at &lt;Jasmine&gt;
</failure>
  </testcase>
  <testcase name="IndoorNavigationToolbarComponent  should changeFloor" time="0.023" classname="HeadlessChrome_80_0_3987_(Mac_OS_X_10_15_3).IndoorNavigationToolbarComponent ">
    <failure type="">NullInjectorError: StaticInjectorError(DynamicTestModule)[IndoorNavigationToolbarComponent -&gt; DirectionsManagerService]: 
  StaticInjectorError(Platform: core)[IndoorNavigationToolbarComponent -&gt; DirectionsManagerService]: 
    NullInjectorError: No provider for DirectionsManagerService!
error properties: Object({ ngTempTokenPath: null, ngTokenPath: [ 'IndoorNavigationToolbarComponent', Function ], ngDebugContext: DebugContext_({ view: Object({ def: Object({ factory: Function, nodeFlags: 37797889, rootNodeFlags: 33554433, nodeMatchedQueries: 0, flags: 0, nodes: [ Object({ nodeIndex: 0, parent: null, renderParent: null, bindingIndex: 0, outputIndex: 0, checkIndex: 0, flags: 33554433, childFlags: 4243456, directChildFlags: 4243456, childMatchedQueries: 0, matchedQueries: Object({  }), matchedQueryIds: 0, references: Object({  }), ngContentIndex: null, childCount: 1, bindings: [  ], bindingFlags: 0, outputs: [  ], element: Object({ ns: '', name: 'app-indoor-navigation-toolbar', attrs: [  ], template: null, componentProvider: Object({ nodeIndex: 1, parent: &lt;circular reference: Object&gt;, renderParent: &lt;circular reference: Object&gt;, bindingIndex: 0, outputIndex: 0, checkIndex: 1, flags: 4243456, childFlags: 0, directChildFlags: 0, childMatchedQueries: 0, matchedQueries: Object, matchedQueryIds ...
    at &lt;Jasmine&gt;
    at NullInjector.push../node_modules/@angular/core/fesm5/core.js.NullInjector.get (http://localhost:9876/_karma_webpack_/node_modules/@angular/core/fesm5/core.js:724:1)
    at resolveToken (http://localhost:9876/_karma_webpack_/node_modules/@angular/core/fesm5/core.js:2093:1)
    at tryResolveToken (http://localhost:9876/_karma_webpack_/node_modules/@angular/core/fesm5/core.js:2037:1)
    at StaticInjector.push../node_modules/@angular/core/fesm5/core.js.StaticInjector.get (http://localhost:9876/_karma_webpack_/node_modules/@angular/core/fesm5/core.js:1941:1)
    at resolveToken (http://localhost:9876/_karma_webpack_/node_modules/@angular/core/fesm5/core.js:2093:1)
    at tryResolveToken (http://localhost:9876/_karma_webpack_/node_modules/@angular/core/fesm5/core.js:2037:1)
    at StaticInjector.push../node_modules/@angular/core/fesm5/core.js.StaticInjector.get (http://localhost:9876/_karma_webpack_/node_modules/@angular/core/fesm5/core.js:1941:1)
    at resolveNgModuleDep (http://localhost:9876/_karma_webpack_/node_modules/@angular/core/fesm5/core.js:20895:1)
    at NgModuleRef_.push../node_modules/@angular/core/fesm5/core.js.NgModuleRef_.get (http://localhost:9876/_karma_webpack_/node_modules/@angular/core/fesm5/core.js:21584:1)
    at resolveDep (http://localhost:9876/_karma_webpack_/node_modules/@angular/core/fesm5/core.js:21955:1)
</failure>
    <failure type="">TypeError: Cannot set property 'currentFloorIndex' of undefined
    at &lt;Jasmine&gt;
    at UserContext.&lt;anonymous&gt; (http://localhost:9876/_karma_webpack_/src/app/components/indoor/indoor-navigation-toolbar/indoor-navigation-toolbar.component.spec.ts:71:35)
    at ZoneDelegate../node_modules/zone.js/dist/zone.js.ZoneDelegate.invoke (http://localhost:9876/_karma_webpack_/node_modules/zone.js/dist/zone.js:391:1)
    at ProxyZoneSpec.push../node_modules/zone.js/dist/zone-testing.js.ProxyZoneSpec.onInvoke (http://localhost:9876/_karma_webpack_/node_modules/zone.js/dist/zone-testing.js:308:1)
    at ZoneDelegate../node_modules/zone.js/dist/zone.js.ZoneDelegate.invoke (http://localhost:9876/_karma_webpack_/node_modules/zone.js/dist/zone.js:390:1)
    at Zone../node_modules/zone.js/dist/zone.js.Zone.run (http://localhost:9876/_karma_webpack_/node_modules/zone.js/dist/zone.js:150:1)
    at runInTestZone (http://localhost:9876/_karma_webpack_/node_modules/zone.js/dist/zone-testing.js:561:1)
    at UserContext.&lt;anonymous&gt; (http://localhost:9876/_karma_webpack_/node_modules/zone.js/dist/zone-testing.js:576:1)
    at &lt;Jasmine&gt;
</failure>
  </testcase>
  <testcase name="IndoorNavigationToolbarComponent  should moveUpFloor() currentFloorIndex &lt; maxFloorIndex" time="0.031" classname="HeadlessChrome_80_0_3987_(Mac_OS_X_10_15_3).IndoorNavigationToolbarComponent ">
    <failure type="">NullInjectorError: StaticInjectorError(DynamicTestModule)[IndoorNavigationToolbarComponent -&gt; DirectionsManagerService]: 
  StaticInjectorError(Platform: core)[IndoorNavigationToolbarComponent -&gt; DirectionsManagerService]: 
    NullInjectorError: No provider for DirectionsManagerService!
error properties: Object({ ngTempTokenPath: null, ngTokenPath: [ 'IndoorNavigationToolbarComponent', Function ], ngDebugContext: DebugContext_({ view: Object({ def: Object({ factory: Function, nodeFlags: 37797889, rootNodeFlags: 33554433, nodeMatchedQueries: 0, flags: 0, nodes: [ Object({ nodeIndex: 0, parent: null, renderParent: null, bindingIndex: 0, outputIndex: 0, checkIndex: 0, flags: 33554433, childFlags: 4243456, directChildFlags: 4243456, childMatchedQueries: 0, matchedQueries: Object({  }), matchedQueryIds: 0, references: Object({  }), ngContentIndex: null, childCount: 1, bindings: [  ], bindingFlags: 0, outputs: [  ], element: Object({ ns: '', name: 'app-indoor-navigation-toolbar', attrs: [  ], template: null, componentProvider: Object({ nodeIndex: 1, parent: &lt;circular reference: Object&gt;, renderParent: &lt;circular reference: Object&gt;, bindingIndex: 0, outputIndex: 0, checkIndex: 1, flags: 4243456, childFlags: 0, directChildFlags: 0, childMatchedQueries: 0, matchedQueries: Object, matchedQueryIds ...
    at &lt;Jasmine&gt;
    at NullInjector.push../node_modules/@angular/core/fesm5/core.js.NullInjector.get (http://localhost:9876/_karma_webpack_/node_modules/@angular/core/fesm5/core.js:724:1)
    at resolveToken (http://localhost:9876/_karma_webpack_/node_modules/@angular/core/fesm5/core.js:2093:1)
    at tryResolveToken (http://localhost:9876/_karma_webpack_/node_modules/@angular/core/fesm5/core.js:2037:1)
    at StaticInjector.push../node_modules/@angular/core/fesm5/core.js.StaticInjector.get (http://localhost:9876/_karma_webpack_/node_modules/@angular/core/fesm5/core.js:1941:1)
    at resolveToken (http://localhost:9876/_karma_webpack_/node_modules/@angular/core/fesm5/core.js:2093:1)
    at tryResolveToken (http://localhost:9876/_karma_webpack_/node_modules/@angular/core/fesm5/core.js:2037:1)
    at StaticInjector.push../node_modules/@angular/core/fesm5/core.js.StaticInjector.get (http://localhost:9876/_karma_webpack_/node_modules/@angular/core/fesm5/core.js:1941:1)
    at resolveNgModuleDep (http://localhost:9876/_karma_webpack_/node_modules/@angular/core/fesm5/core.js:20895:1)
    at NgModuleRef_.push../node_modules/@angular/core/fesm5/core.js.NgModuleRef_.get (http://localhost:9876/_karma_webpack_/node_modules/@angular/core/fesm5/core.js:21584:1)
    at resolveDep (http://localhost:9876/_karma_webpack_/node_modules/@angular/core/fesm5/core.js:21955:1)
</failure>
    <failure type="">TypeError: Cannot set property 'currentFloorIndex' of undefined
    at &lt;Jasmine&gt;
    at UserContext.&lt;anonymous&gt; (http://localhost:9876/_karma_webpack_/src/app/components/indoor/indoor-navigation-toolbar/indoor-navigation-toolbar.component.spec.ts:78:35)
    at ZoneDelegate../node_modules/zone.js/dist/zone.js.ZoneDelegate.invoke (http://localhost:9876/_karma_webpack_/node_modules/zone.js/dist/zone.js:391:1)
    at ProxyZoneSpec.push../node_modules/zone.js/dist/zone-testing.js.ProxyZoneSpec.onInvoke (http://localhost:9876/_karma_webpack_/node_modules/zone.js/dist/zone-testing.js:308:1)
    at ZoneDelegate../node_modules/zone.js/dist/zone.js.ZoneDelegate.invoke (http://localhost:9876/_karma_webpack_/node_modules/zone.js/dist/zone.js:390:1)
    at Zone../node_modules/zone.js/dist/zone.js.Zone.run (http://localhost:9876/_karma_webpack_/node_modules/zone.js/dist/zone.js:150:1)
    at runInTestZone (http://localhost:9876/_karma_webpack_/node_modules/zone.js/dist/zone-testing.js:561:1)
    at UserContext.&lt;anonymous&gt; (http://localhost:9876/_karma_webpack_/node_modules/zone.js/dist/zone-testing.js:576:1)
    at &lt;Jasmine&gt;
</failure>
  </testcase>
  <testcase name="IndoorNavigationToolbarComponent  should moveUpFloor() currentFloorIndex > maxFloorIndex" time="0.036" classname="HeadlessChrome_80_0_3987_(Mac_OS_X_10_15_3).IndoorNavigationToolbarComponent ">
    <failure type="">NullInjectorError: StaticInjectorError(DynamicTestModule)[IndoorNavigationToolbarComponent -&gt; DirectionsManagerService]: 
  StaticInjectorError(Platform: core)[IndoorNavigationToolbarComponent -&gt; DirectionsManagerService]: 
    NullInjectorError: No provider for DirectionsManagerService!
error properties: Object({ ngTempTokenPath: null, ngTokenPath: [ 'IndoorNavigationToolbarComponent', Function ], ngDebugContext: DebugContext_({ view: Object({ def: Object({ factory: Function, nodeFlags: 37797889, rootNodeFlags: 33554433, nodeMatchedQueries: 0, flags: 0, nodes: [ Object({ nodeIndex: 0, parent: null, renderParent: null, bindingIndex: 0, outputIndex: 0, checkIndex: 0, flags: 33554433, childFlags: 4243456, directChildFlags: 4243456, childMatchedQueries: 0, matchedQueries: Object({  }), matchedQueryIds: 0, references: Object({  }), ngContentIndex: null, childCount: 1, bindings: [  ], bindingFlags: 0, outputs: [  ], element: Object({ ns: '', name: 'app-indoor-navigation-toolbar', attrs: [  ], template: null, componentProvider: Object({ nodeIndex: 1, parent: &lt;circular reference: Object&gt;, renderParent: &lt;circular reference: Object&gt;, bindingIndex: 0, outputIndex: 0, checkIndex: 1, flags: 4243456, childFlags: 0, directChildFlags: 0, childMatchedQueries: 0, matchedQueries: Object, matchedQueryIds ...
    at &lt;Jasmine&gt;
    at NullInjector.push../node_modules/@angular/core/fesm5/core.js.NullInjector.get (http://localhost:9876/_karma_webpack_/node_modules/@angular/core/fesm5/core.js:724:1)
    at resolveToken (http://localhost:9876/_karma_webpack_/node_modules/@angular/core/fesm5/core.js:2093:1)
    at tryResolveToken (http://localhost:9876/_karma_webpack_/node_modules/@angular/core/fesm5/core.js:2037:1)
    at StaticInjector.push../node_modules/@angular/core/fesm5/core.js.StaticInjector.get (http://localhost:9876/_karma_webpack_/node_modules/@angular/core/fesm5/core.js:1941:1)
    at resolveToken (http://localhost:9876/_karma_webpack_/node_modules/@angular/core/fesm5/core.js:2093:1)
    at tryResolveToken (http://localhost:9876/_karma_webpack_/node_modules/@angular/core/fesm5/core.js:2037:1)
    at StaticInjector.push../node_modules/@angular/core/fesm5/core.js.StaticInjector.get (http://localhost:9876/_karma_webpack_/node_modules/@angular/core/fesm5/core.js:1941:1)
    at resolveNgModuleDep (http://localhost:9876/_karma_webpack_/node_modules/@angular/core/fesm5/core.js:20895:1)
    at NgModuleRef_.push../node_modules/@angular/core/fesm5/core.js.NgModuleRef_.get (http://localhost:9876/_karma_webpack_/node_modules/@angular/core/fesm5/core.js:21584:1)
    at resolveDep (http://localhost:9876/_karma_webpack_/node_modules/@angular/core/fesm5/core.js:21955:1)
</failure>
    <failure type="">TypeError: Cannot set property 'currentFloorIndex' of undefined
    at &lt;Jasmine&gt;
    at UserContext.&lt;anonymous&gt; (http://localhost:9876/_karma_webpack_/src/app/components/indoor/indoor-navigation-toolbar/indoor-navigation-toolbar.component.spec.ts:85:35)
    at ZoneDelegate../node_modules/zone.js/dist/zone.js.ZoneDelegate.invoke (http://localhost:9876/_karma_webpack_/node_modules/zone.js/dist/zone.js:391:1)
    at ProxyZoneSpec.push../node_modules/zone.js/dist/zone-testing.js.ProxyZoneSpec.onInvoke (http://localhost:9876/_karma_webpack_/node_modules/zone.js/dist/zone-testing.js:308:1)
    at ZoneDelegate../node_modules/zone.js/dist/zone.js.ZoneDelegate.invoke (http://localhost:9876/_karma_webpack_/node_modules/zone.js/dist/zone.js:390:1)
    at Zone../node_modules/zone.js/dist/zone.js.Zone.run (http://localhost:9876/_karma_webpack_/node_modules/zone.js/dist/zone.js:150:1)
    at runInTestZone (http://localhost:9876/_karma_webpack_/node_modules/zone.js/dist/zone-testing.js:561:1)
    at UserContext.&lt;anonymous&gt; (http://localhost:9876/_karma_webpack_/node_modules/zone.js/dist/zone-testing.js:576:1)
    at &lt;Jasmine&gt;
</failure>
  </testcase>
  <testcase name="IndoorNavigationToolbarComponent  should moveDownFloor() currentFloorIndex > minFloorIndex" time="0.034" classname="HeadlessChrome_80_0_3987_(Mac_OS_X_10_15_3).IndoorNavigationToolbarComponent ">
    <failure type="">NullInjectorError: StaticInjectorError(DynamicTestModule)[IndoorNavigationToolbarComponent -&gt; DirectionsManagerService]: 
  StaticInjectorError(Platform: core)[IndoorNavigationToolbarComponent -&gt; DirectionsManagerService]: 
    NullInjectorError: No provider for DirectionsManagerService!
error properties: Object({ ngTempTokenPath: null, ngTokenPath: [ 'IndoorNavigationToolbarComponent', Function ], ngDebugContext: DebugContext_({ view: Object({ def: Object({ factory: Function, nodeFlags: 37797889, rootNodeFlags: 33554433, nodeMatchedQueries: 0, flags: 0, nodes: [ Object({ nodeIndex: 0, parent: null, renderParent: null, bindingIndex: 0, outputIndex: 0, checkIndex: 0, flags: 33554433, childFlags: 4243456, directChildFlags: 4243456, childMatchedQueries: 0, matchedQueries: Object({  }), matchedQueryIds: 0, references: Object({  }), ngContentIndex: null, childCount: 1, bindings: [  ], bindingFlags: 0, outputs: [  ], element: Object({ ns: '', name: 'app-indoor-navigation-toolbar', attrs: [  ], template: null, componentProvider: Object({ nodeIndex: 1, parent: &lt;circular reference: Object&gt;, renderParent: &lt;circular reference: Object&gt;, bindingIndex: 0, outputIndex: 0, checkIndex: 1, flags: 4243456, childFlags: 0, directChildFlags: 0, childMatchedQueries: 0, matchedQueries: Object, matchedQueryIds ...
    at &lt;Jasmine&gt;
    at NullInjector.push../node_modules/@angular/core/fesm5/core.js.NullInjector.get (http://localhost:9876/_karma_webpack_/node_modules/@angular/core/fesm5/core.js:724:1)
    at resolveToken (http://localhost:9876/_karma_webpack_/node_modules/@angular/core/fesm5/core.js:2093:1)
    at tryResolveToken (http://localhost:9876/_karma_webpack_/node_modules/@angular/core/fesm5/core.js:2037:1)
    at StaticInjector.push../node_modules/@angular/core/fesm5/core.js.StaticInjector.get (http://localhost:9876/_karma_webpack_/node_modules/@angular/core/fesm5/core.js:1941:1)
    at resolveToken (http://localhost:9876/_karma_webpack_/node_modules/@angular/core/fesm5/core.js:2093:1)
    at tryResolveToken (http://localhost:9876/_karma_webpack_/node_modules/@angular/core/fesm5/core.js:2037:1)
    at StaticInjector.push../node_modules/@angular/core/fesm5/core.js.StaticInjector.get (http://localhost:9876/_karma_webpack_/node_modules/@angular/core/fesm5/core.js:1941:1)
    at resolveNgModuleDep (http://localhost:9876/_karma_webpack_/node_modules/@angular/core/fesm5/core.js:20895:1)
    at NgModuleRef_.push../node_modules/@angular/core/fesm5/core.js.NgModuleRef_.get (http://localhost:9876/_karma_webpack_/node_modules/@angular/core/fesm5/core.js:21584:1)
    at resolveDep (http://localhost:9876/_karma_webpack_/node_modules/@angular/core/fesm5/core.js:21955:1)
</failure>
    <failure type="">TypeError: Cannot set property 'currentFloorIndex' of undefined
    at &lt;Jasmine&gt;
    at UserContext.&lt;anonymous&gt; (http://localhost:9876/_karma_webpack_/src/app/components/indoor/indoor-navigation-toolbar/indoor-navigation-toolbar.component.spec.ts:92:35)
    at ZoneDelegate../node_modules/zone.js/dist/zone.js.ZoneDelegate.invoke (http://localhost:9876/_karma_webpack_/node_modules/zone.js/dist/zone.js:391:1)
    at ProxyZoneSpec.push../node_modules/zone.js/dist/zone-testing.js.ProxyZoneSpec.onInvoke (http://localhost:9876/_karma_webpack_/node_modules/zone.js/dist/zone-testing.js:308:1)
    at ZoneDelegate../node_modules/zone.js/dist/zone.js.ZoneDelegate.invoke (http://localhost:9876/_karma_webpack_/node_modules/zone.js/dist/zone.js:390:1)
    at Zone../node_modules/zone.js/dist/zone.js.Zone.run (http://localhost:9876/_karma_webpack_/node_modules/zone.js/dist/zone.js:150:1)
    at runInTestZone (http://localhost:9876/_karma_webpack_/node_modules/zone.js/dist/zone-testing.js:561:1)
    at UserContext.&lt;anonymous&gt; (http://localhost:9876/_karma_webpack_/node_modules/zone.js/dist/zone-testing.js:576:1)
    at &lt;Jasmine&gt;
</failure>
  </testcase>
  <testcase name="IndoorNavigationToolbarComponent  should moveDownFloor() currentFloorIndex &lt; minFloorIndex" time="0.07" classname="HeadlessChrome_80_0_3987_(Mac_OS_X_10_15_3).IndoorNavigationToolbarComponent ">
    <failure type="">NullInjectorError: StaticInjectorError(DynamicTestModule)[IndoorNavigationToolbarComponent -&gt; DirectionsManagerService]: 
  StaticInjectorError(Platform: core)[IndoorNavigationToolbarComponent -&gt; DirectionsManagerService]: 
    NullInjectorError: No provider for DirectionsManagerService!
error properties: Object({ ngTempTokenPath: null, ngTokenPath: [ 'IndoorNavigationToolbarComponent', Function ], ngDebugContext: DebugContext_({ view: Object({ def: Object({ factory: Function, nodeFlags: 37797889, rootNodeFlags: 33554433, nodeMatchedQueries: 0, flags: 0, nodes: [ Object({ nodeIndex: 0, parent: null, renderParent: null, bindingIndex: 0, outputIndex: 0, checkIndex: 0, flags: 33554433, childFlags: 4243456, directChildFlags: 4243456, childMatchedQueries: 0, matchedQueries: Object({  }), matchedQueryIds: 0, references: Object({  }), ngContentIndex: null, childCount: 1, bindings: [  ], bindingFlags: 0, outputs: [  ], element: Object({ ns: '', name: 'app-indoor-navigation-toolbar', attrs: [  ], template: null, componentProvider: Object({ nodeIndex: 1, parent: &lt;circular reference: Object&gt;, renderParent: &lt;circular reference: Object&gt;, bindingIndex: 0, outputIndex: 0, checkIndex: 1, flags: 4243456, childFlags: 0, directChildFlags: 0, childMatchedQueries: 0, matchedQueries: Object, matchedQueryIds ...
    at &lt;Jasmine&gt;
    at NullInjector.push../node_modules/@angular/core/fesm5/core.js.NullInjector.get (http://localhost:9876/_karma_webpack_/node_modules/@angular/core/fesm5/core.js:724:1)
    at resolveToken (http://localhost:9876/_karma_webpack_/node_modules/@angular/core/fesm5/core.js:2093:1)
    at tryResolveToken (http://localhost:9876/_karma_webpack_/node_modules/@angular/core/fesm5/core.js:2037:1)
    at StaticInjector.push../node_modules/@angular/core/fesm5/core.js.StaticInjector.get (http://localhost:9876/_karma_webpack_/node_modules/@angular/core/fesm5/core.js:1941:1)
    at resolveToken (http://localhost:9876/_karma_webpack_/node_modules/@angular/core/fesm5/core.js:2093:1)
    at tryResolveToken (http://localhost:9876/_karma_webpack_/node_modules/@angular/core/fesm5/core.js:2037:1)
    at StaticInjector.push../node_modules/@angular/core/fesm5/core.js.StaticInjector.get (http://localhost:9876/_karma_webpack_/node_modules/@angular/core/fesm5/core.js:1941:1)
    at resolveNgModuleDep (http://localhost:9876/_karma_webpack_/node_modules/@angular/core/fesm5/core.js:20895:1)
    at NgModuleRef_.push../node_modules/@angular/core/fesm5/core.js.NgModuleRef_.get (http://localhost:9876/_karma_webpack_/node_modules/@angular/core/fesm5/core.js:21584:1)
    at resolveDep (http://localhost:9876/_karma_webpack_/node_modules/@angular/core/fesm5/core.js:21955:1)
</failure>
    <failure type="">TypeError: Cannot set property 'currentFloorIndex' of undefined
    at &lt;Jasmine&gt;
    at UserContext.&lt;anonymous&gt; (http://localhost:9876/_karma_webpack_/src/app/components/indoor/indoor-navigation-toolbar/indoor-navigation-toolbar.component.spec.ts:98:35)
    at ZoneDelegate../node_modules/zone.js/dist/zone.js.ZoneDelegate.invoke (http://localhost:9876/_karma_webpack_/node_modules/zone.js/dist/zone.js:391:1)
    at ProxyZoneSpec.push../node_modules/zone.js/dist/zone-testing.js.ProxyZoneSpec.onInvoke (http://localhost:9876/_karma_webpack_/node_modules/zone.js/dist/zone-testing.js:308:1)
    at ZoneDelegate../node_modules/zone.js/dist/zone.js.ZoneDelegate.invoke (http://localhost:9876/_karma_webpack_/node_modules/zone.js/dist/zone.js:390:1)
    at Zone../node_modules/zone.js/dist/zone.js.Zone.run (http://localhost:9876/_karma_webpack_/node_modules/zone.js/dist/zone.js:150:1)
    at runInTestZone (http://localhost:9876/_karma_webpack_/node_modules/zone.js/dist/zone-testing.js:561:1)
    at UserContext.&lt;anonymous&gt; (http://localhost:9876/_karma_webpack_/node_modules/zone.js/dist/zone-testing.js:576:1)
    at &lt;Jasmine&gt;
</failure>
  </testcase>
  <testcase name="IndoorNavigationToolbarComponent  should goBackOutside() FALSE isSelectMode" time="0.04" classname="HeadlessChrome_80_0_3987_(Mac_OS_X_10_15_3).IndoorNavigationToolbarComponent ">
    <failure type="">NullInjectorError: StaticInjectorError(DynamicTestModule)[IndoorNavigationToolbarComponent -&gt; DirectionsManagerService]: 
  StaticInjectorError(Platform: core)[IndoorNavigationToolbarComponent -&gt; DirectionsManagerService]: 
    NullInjectorError: No provider for DirectionsManagerService!
error properties: Object({ ngTempTokenPath: null, ngTokenPath: [ 'IndoorNavigationToolbarComponent', Function ], ngDebugContext: DebugContext_({ view: Object({ def: Object({ factory: Function, nodeFlags: 37797889, rootNodeFlags: 33554433, nodeMatchedQueries: 0, flags: 0, nodes: [ Object({ nodeIndex: 0, parent: null, renderParent: null, bindingIndex: 0, outputIndex: 0, checkIndex: 0, flags: 33554433, childFlags: 4243456, directChildFlags: 4243456, childMatchedQueries: 0, matchedQueries: Object({  }), matchedQueryIds: 0, references: Object({  }), ngContentIndex: null, childCount: 1, bindings: [  ], bindingFlags: 0, outputs: [  ], element: Object({ ns: '', name: 'app-indoor-navigation-toolbar', attrs: [  ], template: null, componentProvider: Object({ nodeIndex: 1, parent: &lt;circular reference: Object&gt;, renderParent: &lt;circular reference: Object&gt;, bindingIndex: 0, outputIndex: 0, checkIndex: 1, flags: 4243456, childFlags: 0, directChildFlags: 0, childMatchedQueries: 0, matchedQueries: Object, matchedQueryIds ...
    at &lt;Jasmine&gt;
    at NullInjector.push../node_modules/@angular/core/fesm5/core.js.NullInjector.get (http://localhost:9876/_karma_webpack_/node_modules/@angular/core/fesm5/core.js:724:1)
    at resolveToken (http://localhost:9876/_karma_webpack_/node_modules/@angular/core/fesm5/core.js:2093:1)
    at tryResolveToken (http://localhost:9876/_karma_webpack_/node_modules/@angular/core/fesm5/core.js:2037:1)
    at StaticInjector.push../node_modules/@angular/core/fesm5/core.js.StaticInjector.get (http://localhost:9876/_karma_webpack_/node_modules/@angular/core/fesm5/core.js:1941:1)
    at resolveToken (http://localhost:9876/_karma_webpack_/node_modules/@angular/core/fesm5/core.js:2093:1)
    at tryResolveToken (http://localhost:9876/_karma_webpack_/node_modules/@angular/core/fesm5/core.js:2037:1)
    at StaticInjector.push../node_modules/@angular/core/fesm5/core.js.StaticInjector.get (http://localhost:9876/_karma_webpack_/node_modules/@angular/core/fesm5/core.js:1941:1)
    at resolveNgModuleDep (http://localhost:9876/_karma_webpack_/node_modules/@angular/core/fesm5/core.js:20895:1)
    at NgModuleRef_.push../node_modules/@angular/core/fesm5/core.js.NgModuleRef_.get (http://localhost:9876/_karma_webpack_/node_modules/@angular/core/fesm5/core.js:21584:1)
    at resolveDep (http://localhost:9876/_karma_webpack_/node_modules/@angular/core/fesm5/core.js:21955:1)
</failure>
    <failure type="">TypeError: Cannot set property 'isSelectMode' of undefined
    at &lt;Jasmine&gt;
    at UserContext.&lt;anonymous&gt; (http://localhost:9876/_karma_webpack_/src/app/components/indoor/indoor-navigation-toolbar/indoor-navigation-toolbar.component.spec.ts:104:30)
    at ZoneDelegate../node_modules/zone.js/dist/zone.js.ZoneDelegate.invoke (http://localhost:9876/_karma_webpack_/node_modules/zone.js/dist/zone.js:391:1)
    at ProxyZoneSpec.push../node_modules/zone.js/dist/zone-testing.js.ProxyZoneSpec.onInvoke (http://localhost:9876/_karma_webpack_/node_modules/zone.js/dist/zone-testing.js:308:1)
    at ZoneDelegate../node_modules/zone.js/dist/zone.js.ZoneDelegate.invoke (http://localhost:9876/_karma_webpack_/node_modules/zone.js/dist/zone.js:390:1)
    at Zone../node_modules/zone.js/dist/zone.js.Zone.run (http://localhost:9876/_karma_webpack_/node_modules/zone.js/dist/zone.js:150:1)
    at runInTestZone (http://localhost:9876/_karma_webpack_/node_modules/zone.js/dist/zone-testing.js:561:1)
    at UserContext.&lt;anonymous&gt; (http://localhost:9876/_karma_webpack_/node_modules/zone.js/dist/zone-testing.js:576:1)
    at &lt;Jasmine&gt;
</failure>
  </testcase>
  <testcase name="IndoorNavigationToolbarComponent  should goBackOutside() TRUE isSelectMode" time="0.047" classname="HeadlessChrome_80_0_3987_(Mac_OS_X_10_15_3).IndoorNavigationToolbarComponent ">
    <failure type="">NullInjectorError: StaticInjectorError(DynamicTestModule)[IndoorNavigationToolbarComponent -&gt; DirectionsManagerService]: 
  StaticInjectorError(Platform: core)[IndoorNavigationToolbarComponent -&gt; DirectionsManagerService]: 
    NullInjectorError: No provider for DirectionsManagerService!
error properties: Object({ ngTempTokenPath: null, ngTokenPath: [ 'IndoorNavigationToolbarComponent', Function ], ngDebugContext: DebugContext_({ view: Object({ def: Object({ factory: Function, nodeFlags: 37797889, rootNodeFlags: 33554433, nodeMatchedQueries: 0, flags: 0, nodes: [ Object({ nodeIndex: 0, parent: null, renderParent: null, bindingIndex: 0, outputIndex: 0, checkIndex: 0, flags: 33554433, childFlags: 4243456, directChildFlags: 4243456, childMatchedQueries: 0, matchedQueries: Object({  }), matchedQueryIds: 0, references: Object({  }), ngContentIndex: null, childCount: 1, bindings: [  ], bindingFlags: 0, outputs: [  ], element: Object({ ns: '', name: 'app-indoor-navigation-toolbar', attrs: [  ], template: null, componentProvider: Object({ nodeIndex: 1, parent: &lt;circular reference: Object&gt;, renderParent: &lt;circular reference: Object&gt;, bindingIndex: 0, outputIndex: 0, checkIndex: 1, flags: 4243456, childFlags: 0, directChildFlags: 0, childMatchedQueries: 0, matchedQueries: Object, matchedQueryIds ...
    at &lt;Jasmine&gt;
    at NullInjector.push../node_modules/@angular/core/fesm5/core.js.NullInjector.get (http://localhost:9876/_karma_webpack_/node_modules/@angular/core/fesm5/core.js:724:1)
    at resolveToken (http://localhost:9876/_karma_webpack_/node_modules/@angular/core/fesm5/core.js:2093:1)
    at tryResolveToken (http://localhost:9876/_karma_webpack_/node_modules/@angular/core/fesm5/core.js:2037:1)
    at StaticInjector.push../node_modules/@angular/core/fesm5/core.js.StaticInjector.get (http://localhost:9876/_karma_webpack_/node_modules/@angular/core/fesm5/core.js:1941:1)
    at resolveToken (http://localhost:9876/_karma_webpack_/node_modules/@angular/core/fesm5/core.js:2093:1)
    at tryResolveToken (http://localhost:9876/_karma_webpack_/node_modules/@angular/core/fesm5/core.js:2037:1)
    at StaticInjector.push../node_modules/@angular/core/fesm5/core.js.StaticInjector.get (http://localhost:9876/_karma_webpack_/node_modules/@angular/core/fesm5/core.js:1941:1)
    at resolveNgModuleDep (http://localhost:9876/_karma_webpack_/node_modules/@angular/core/fesm5/core.js:20895:1)
    at NgModuleRef_.push../node_modules/@angular/core/fesm5/core.js.NgModuleRef_.get (http://localhost:9876/_karma_webpack_/node_modules/@angular/core/fesm5/core.js:21584:1)
    at resolveDep (http://localhost:9876/_karma_webpack_/node_modules/@angular/core/fesm5/core.js:21955:1)
</failure>
    <failure type="">TypeError: Cannot set property 'isSelectMode' of undefined
    at &lt;Jasmine&gt;
    at UserContext.&lt;anonymous&gt; (http://localhost:9876/_karma_webpack_/src/app/components/indoor/indoor-navigation-toolbar/indoor-navigation-toolbar.component.spec.ts:112:30)
    at ZoneDelegate../node_modules/zone.js/dist/zone.js.ZoneDelegate.invoke (http://localhost:9876/_karma_webpack_/node_modules/zone.js/dist/zone.js:391:1)
    at ProxyZoneSpec.push../node_modules/zone.js/dist/zone-testing.js.ProxyZoneSpec.onInvoke (http://localhost:9876/_karma_webpack_/node_modules/zone.js/dist/zone-testing.js:308:1)
    at ZoneDelegate../node_modules/zone.js/dist/zone.js.ZoneDelegate.invoke (http://localhost:9876/_karma_webpack_/node_modules/zone.js/dist/zone.js:390:1)
    at Zone../node_modules/zone.js/dist/zone.js.Zone.run (http://localhost:9876/_karma_webpack_/node_modules/zone.js/dist/zone.js:150:1)
    at runInTestZone (http://localhost:9876/_karma_webpack_/node_modules/zone.js/dist/zone-testing.js:561:1)
    at UserContext.&lt;anonymous&gt; (http://localhost:9876/_karma_webpack_/node_modules/zone.js/dist/zone-testing.js:576:1)
    at &lt;Jasmine&gt;
</failure>
  </testcase>
  <testcase name="IndoorNavigationToolbarComponent  should adjustSettings()" time="0.033" classname="HeadlessChrome_80_0_3987_(Mac_OS_X_10_15_3).IndoorNavigationToolbarComponent ">
    <failure type="">NullInjectorError: StaticInjectorError(DynamicTestModule)[IndoorNavigationToolbarComponent -&gt; DirectionsManagerService]: 
  StaticInjectorError(Platform: core)[IndoorNavigationToolbarComponent -&gt; DirectionsManagerService]: 
    NullInjectorError: No provider for DirectionsManagerService!
error properties: Object({ ngTempTokenPath: null, ngTokenPath: [ 'IndoorNavigationToolbarComponent', Function ], ngDebugContext: DebugContext_({ view: Object({ def: Object({ factory: Function, nodeFlags: 37797889, rootNodeFlags: 33554433, nodeMatchedQueries: 0, flags: 0, nodes: [ Object({ nodeIndex: 0, parent: null, renderParent: null, bindingIndex: 0, outputIndex: 0, checkIndex: 0, flags: 33554433, childFlags: 4243456, directChildFlags: 4243456, childMatchedQueries: 0, matchedQueries: Object({  }), matchedQueryIds: 0, references: Object({  }), ngContentIndex: null, childCount: 1, bindings: [  ], bindingFlags: 0, outputs: [  ], element: Object({ ns: '', name: 'app-indoor-navigation-toolbar', attrs: [  ], template: null, componentProvider: Object({ nodeIndex: 1, parent: &lt;circular reference: Object&gt;, renderParent: &lt;circular reference: Object&gt;, bindingIndex: 0, outputIndex: 0, checkIndex: 1, flags: 4243456, childFlags: 0, directChildFlags: 0, childMatchedQueries: 0, matchedQueries: Object, matchedQueryIds ...
    at &lt;Jasmine&gt;
    at NullInjector.push../node_modules/@angular/core/fesm5/core.js.NullInjector.get (http://localhost:9876/_karma_webpack_/node_modules/@angular/core/fesm5/core.js:724:1)
    at resolveToken (http://localhost:9876/_karma_webpack_/node_modules/@angular/core/fesm5/core.js:2093:1)
    at tryResolveToken (http://localhost:9876/_karma_webpack_/node_modules/@angular/core/fesm5/core.js:2037:1)
    at StaticInjector.push../node_modules/@angular/core/fesm5/core.js.StaticInjector.get (http://localhost:9876/_karma_webpack_/node_modules/@angular/core/fesm5/core.js:1941:1)
    at resolveToken (http://localhost:9876/_karma_webpack_/node_modules/@angular/core/fesm5/core.js:2093:1)
    at tryResolveToken (http://localhost:9876/_karma_webpack_/node_modules/@angular/core/fesm5/core.js:2037:1)
    at StaticInjector.push../node_modules/@angular/core/fesm5/core.js.StaticInjector.get (http://localhost:9876/_karma_webpack_/node_modules/@angular/core/fesm5/core.js:1941:1)
    at resolveNgModuleDep (http://localhost:9876/_karma_webpack_/node_modules/@angular/core/fesm5/core.js:20895:1)
    at NgModuleRef_.push../node_modules/@angular/core/fesm5/core.js.NgModuleRef_.get (http://localhost:9876/_karma_webpack_/node_modules/@angular/core/fesm5/core.js:21584:1)
    at resolveDep (http://localhost:9876/_karma_webpack_/node_modules/@angular/core/fesm5/core.js:21955:1)
</failure>
    <failure type="">TypeError: Cannot read property 'router' of undefined
    at &lt;Jasmine&gt;
    at UserContext.&lt;anonymous&gt; (http://localhost:9876/_karma_webpack_/src/app/components/indoor/indoor-navigation-toolbar/indoor-navigation-toolbar.component.spec.ts:124:20)
    at ZoneDelegate../node_modules/zone.js/dist/zone.js.ZoneDelegate.invoke (http://localhost:9876/_karma_webpack_/node_modules/zone.js/dist/zone.js:391:1)
    at ProxyZoneSpec.push../node_modules/zone.js/dist/zone-testing.js.ProxyZoneSpec.onInvoke (http://localhost:9876/_karma_webpack_/node_modules/zone.js/dist/zone-testing.js:308:1)
    at ZoneDelegate../node_modules/zone.js/dist/zone.js.ZoneDelegate.invoke (http://localhost:9876/_karma_webpack_/node_modules/zone.js/dist/zone.js:390:1)
    at Zone../node_modules/zone.js/dist/zone.js.Zone.run (http://localhost:9876/_karma_webpack_/node_modules/zone.js/dist/zone.js:150:1)
    at runInTestZone (http://localhost:9876/_karma_webpack_/node_modules/zone.js/dist/zone-testing.js:561:1)
    at UserContext.&lt;anonymous&gt; (http://localhost:9876/_karma_webpack_/node_modules/zone.js/dist/zone-testing.js:576:1)
    at &lt;Jasmine&gt;
</failure>
  </testcase>
  <testcase name="IndoorTimeOfArrivalComponent should create" time="0.234" classname="HeadlessChrome_80_0_3987_(Mac_OS_X_10_15_3).IndoorTimeOfArrivalComponent">
    <failure type="">&lt;ion-card&gt;
  &lt;ion-card-header&gt;
    &lt;ion-card-title&gt;{{'estimated-toa' | translate}} {{destPoint}} {{[ERROR -&gt;]'from' | translate}} {{startPoint}} &lt;/ion-card-title&gt;
  &lt;/ion-card-header&gt;
  &lt;ion-card-content&gt;
    {{'time' | translate}} {{travelTime}[ERROR -&gt;]} {{'mins' | translate}}
  &lt;/ion-card-content&gt;
&lt;/ion-card&gt;
error properties: Object({ ngSyntaxError: true, ngParseErrors: [ The pipe 'translate' could not be found ("
"): ng:///DynamicTestModule/IndoorTimeOfArrivalComponent.html@3:68, The pipe 'translate' could not be found ("
"): ng:///DynamicTestModule/IndoorTimeOfArrivalComponent.html@7:40 ] })
    at &lt;Jasmine&gt;
    at syntaxError (http://localhost:9876/_karma_webpack_/node_modules/@angular/compiler/fesm5/compiler.js:2420:1)
    at TemplateParser.push../node_modules/@angular/compiler/fesm5/compiler.js.TemplateParser.parse (http://localhost:9876/_karma_webpack_/node_modules/@angular/compiler/fesm5/compiler.js:11987:1)
    at JitCompiler.push../node_modules/@angular/compiler/fesm5/compiler.js.JitCompiler._parseTemplate (http://localhost:9876/_karma_webpack_/node_modules/@angular/compiler/fesm5/compiler.js:27259:1)
    at JitCompiler.push../node_modules/@angular/compiler/fesm5/compiler.js.JitCompiler._compileTemplate (http://localhost:9876/_karma_webpack_/node_modules/@angular/compiler/fesm5/compiler.js:27246:1)
    at http://localhost:9876/_karma_webpack_/node_modules/@angular/compiler/fesm5/compiler.js:27189:48
    at &lt;Jasmine&gt;
    at JitCompiler.push../node_modules/@angular/compiler/fesm5/compiler.js.JitCompiler._compileComponents (http://localhost:9876/_karma_webpack_/node_modules/@angular/compiler/fesm5/compiler.js:27189:1)
    at http://localhost:9876/_karma_webpack_/node_modules/@angular/compiler/fesm5/compiler.js:27107:1
    at Object.then (http://localhost:9876/_karma_webpack_/node_modules/@angular/compiler/fesm5/compiler.js:2411:33)
    at JitCompiler.push../node_modules/@angular/compiler/fesm5/compiler.js.JitCompiler._compileModuleAndAllComponents (http://localhost:9876/_karma_webpack_/node_modules/@angular/compiler/fesm5/compiler.js:27105:1)
</failure>
    <failure type="">Error: Expected undefined to be truthy.
    at &lt;Jasmine&gt;
    at UserContext.&lt;anonymous&gt; (http://localhost:9876/_karma_webpack_/src/app/components/indoor/indoor-time-of-arrival/indoor-time-of-arrival.component.spec.ts:22:23)
    at ZoneDelegate../node_modules/zone.js/dist/zone.js.ZoneDelegate.invoke (http://localhost:9876/_karma_webpack_/node_modules/zone.js/dist/zone.js:391:1)
    at ProxyZoneSpec.push../node_modules/zone.js/dist/zone-testing.js.ProxyZoneSpec.onInvoke (http://localhost:9876/_karma_webpack_/node_modules/zone.js/dist/zone-testing.js:308:1)
</failure>
  </testcase>
  <testcase name="GoogleMapComponent  should create" time="0.208" classname="HeadlessChrome_80_0_3987_(Mac_OS_X_10_15_3).GoogleMapComponent ">
    <failure type="">NullInjectorError: StaticInjectorError(DynamicTestModule)[GoogleMapComponent -&gt; DirectionsManagerService]: 
  StaticInjectorError(Platform: core)[GoogleMapComponent -&gt; DirectionsManagerService]: 
    NullInjectorError: No provider for DirectionsManagerService!
error properties: Object({ ngTempTokenPath: null, ngTokenPath: [ 'GoogleMapComponent', Function ], ngDebugContext: DebugContext_({ view: Object({ def: Object({ factory: Function, nodeFlags: 33669121, rootNodeFlags: 33554433, nodeMatchedQueries: 0, flags: 0, nodes: [ Object({ nodeIndex: 0, parent: null, renderParent: null, bindingIndex: 0, outputIndex: 0, checkIndex: 0, flags: 33554433, childFlags: 114688, directChildFlags: 114688, childMatchedQueries: 0, matchedQueries: Object({  }), matchedQueryIds: 0, references: Object({  }), ngContentIndex: null, childCount: 1, bindings: [  ], bindingFlags: 0, outputs: [  ], element: Object({ ns: '', name: 'app-google-map', attrs: [  ], template: null, componentProvider: Object({ nodeIndex: 1, parent: &lt;circular reference: Object&gt;, renderParent: &lt;circular reference: Object&gt;, bindingIndex: 0, outputIndex: 0, checkIndex: 1, flags: 114688, childFlags: 0, directChildFlags: 0, childMatchedQueries: 0, matchedQueries: Object, matchedQueryIds: 0, references: Object, ngCo ...
    at &lt;Jasmine&gt;
    at NullInjector.push../node_modules/@angular/core/fesm5/core.js.NullInjector.get (http://localhost:9876/_karma_webpack_/node_modules/@angular/core/fesm5/core.js:724:1)
    at resolveToken (http://localhost:9876/_karma_webpack_/node_modules/@angular/core/fesm5/core.js:2093:1)
    at tryResolveToken (http://localhost:9876/_karma_webpack_/node_modules/@angular/core/fesm5/core.js:2037:1)
    at StaticInjector.push../node_modules/@angular/core/fesm5/core.js.StaticInjector.get (http://localhost:9876/_karma_webpack_/node_modules/@angular/core/fesm5/core.js:1941:1)
    at resolveToken (http://localhost:9876/_karma_webpack_/node_modules/@angular/core/fesm5/core.js:2093:1)
    at tryResolveToken (http://localhost:9876/_karma_webpack_/node_modules/@angular/core/fesm5/core.js:2037:1)
    at StaticInjector.push../node_modules/@angular/core/fesm5/core.js.StaticInjector.get (http://localhost:9876/_karma_webpack_/node_modules/@angular/core/fesm5/core.js:1941:1)
    at resolveNgModuleDep (http://localhost:9876/_karma_webpack_/node_modules/@angular/core/fesm5/core.js:20895:1)
    at NgModuleRef_.push../node_modules/@angular/core/fesm5/core.js.NgModuleRef_.get (http://localhost:9876/_karma_webpack_/node_modules/@angular/core/fesm5/core.js:21584:1)
    at resolveDep (http://localhost:9876/_karma_webpack_/node_modules/@angular/core/fesm5/core.js:21955:1)
</failure>
    <failure type="">Error: Expected undefined to be truthy.
    at &lt;Jasmine&gt;
    at UserContext.&lt;anonymous&gt; (http://localhost:9876/_karma_webpack_/src/app/components/outdoor/google-map/google-map.component.spec.ts:77:23)
    at ZoneDelegate../node_modules/zone.js/dist/zone.js.ZoneDelegate.invoke (http://localhost:9876/_karma_webpack_/node_modules/zone.js/dist/zone.js:391:1)
    at ProxyZoneSpec.push../node_modules/zone.js/dist/zone-testing.js.ProxyZoneSpec.onInvoke (http://localhost:9876/_karma_webpack_/node_modules/zone.js/dist/zone-testing.js:308:1)
</failure>
  </testcase>
  <testcase name="GoogleMapComponent  should Mock currentLocation" time="0.165" classname="HeadlessChrome_80_0_3987_(Mac_OS_X_10_15_3).GoogleMapComponent ">
    <failure type="">NullInjectorError: StaticInjectorError(DynamicTestModule)[GoogleMapComponent -&gt; DirectionsManagerService]: 
  StaticInjectorError(Platform: core)[GoogleMapComponent -&gt; DirectionsManagerService]: 
    NullInjectorError: No provider for DirectionsManagerService!
error properties: Object({ ngTempTokenPath: null, ngTokenPath: [ 'GoogleMapComponent', Function ], ngDebugContext: DebugContext_({ view: Object({ def: Object({ factory: Function, nodeFlags: 33669121, rootNodeFlags: 33554433, nodeMatchedQueries: 0, flags: 0, nodes: [ Object({ nodeIndex: 0, parent: null, renderParent: null, bindingIndex: 0, outputIndex: 0, checkIndex: 0, flags: 33554433, childFlags: 114688, directChildFlags: 114688, childMatchedQueries: 0, matchedQueries: Object({  }), matchedQueryIds: 0, references: Object({  }), ngContentIndex: null, childCount: 1, bindings: [  ], bindingFlags: 0, outputs: [  ], element: Object({ ns: '', name: 'app-google-map', attrs: [  ], template: null, componentProvider: Object({ nodeIndex: 1, parent: &lt;circular reference: Object&gt;, renderParent: &lt;circular reference: Object&gt;, bindingIndex: 0, outputIndex: 0, checkIndex: 1, flags: 114688, childFlags: 0, directChildFlags: 0, childMatchedQueries: 0, matchedQueries: Object, matchedQueryIds: 0, references: Object, ngCo ...
    at &lt;Jasmine&gt;
    at NullInjector.push../node_modules/@angular/core/fesm5/core.js.NullInjector.get (http://localhost:9876/_karma_webpack_/node_modules/@angular/core/fesm5/core.js:724:1)
    at resolveToken (http://localhost:9876/_karma_webpack_/node_modules/@angular/core/fesm5/core.js:2093:1)
    at tryResolveToken (http://localhost:9876/_karma_webpack_/node_modules/@angular/core/fesm5/core.js:2037:1)
    at StaticInjector.push../node_modules/@angular/core/fesm5/core.js.StaticInjector.get (http://localhost:9876/_karma_webpack_/node_modules/@angular/core/fesm5/core.js:1941:1)
    at resolveToken (http://localhost:9876/_karma_webpack_/node_modules/@angular/core/fesm5/core.js:2093:1)
    at tryResolveToken (http://localhost:9876/_karma_webpack_/node_modules/@angular/core/fesm5/core.js:2037:1)
    at StaticInjector.push../node_modules/@angular/core/fesm5/core.js.StaticInjector.get (http://localhost:9876/_karma_webpack_/node_modules/@angular/core/fesm5/core.js:1941:1)
    at resolveNgModuleDep (http://localhost:9876/_karma_webpack_/node_modules/@angular/core/fesm5/core.js:20895:1)
    at NgModuleRef_.push../node_modules/@angular/core/fesm5/core.js.NgModuleRef_.get (http://localhost:9876/_karma_webpack_/node_modules/@angular/core/fesm5/core.js:21584:1)
    at resolveDep (http://localhost:9876/_karma_webpack_/node_modules/@angular/core/fesm5/core.js:21955:1)
</failure>
    <failure type="">TypeError: Cannot read property 'subscribeToChangeInCurrentPOS' of undefined
    at &lt;Jasmine&gt;
    at UserContext.&lt;anonymous&gt; (http://localhost:9876/_karma_webpack_/src/app/components/outdoor/google-map/google-map.component.spec.ts:87:15)
    at ZoneDelegate../node_modules/zone.js/dist/zone.js.ZoneDelegate.invoke (http://localhost:9876/_karma_webpack_/node_modules/zone.js/dist/zone.js:391:1)
    at ProxyZoneSpec.push../node_modules/zone.js/dist/zone-testing.js.ProxyZoneSpec.onInvoke (http://localhost:9876/_karma_webpack_/node_modules/zone.js/dist/zone-testing.js:308:1)
    at ZoneDelegate../node_modules/zone.js/dist/zone.js.ZoneDelegate.invoke (http://localhost:9876/_karma_webpack_/node_modules/zone.js/dist/zone.js:390:1)
    at Zone../node_modules/zone.js/dist/zone.js.Zone.run (http://localhost:9876/_karma_webpack_/node_modules/zone.js/dist/zone.js:150:1)
    at runInTestZone (http://localhost:9876/_karma_webpack_/node_modules/zone.js/dist/zone-testing.js:561:1)
    at UserContext.&lt;anonymous&gt; (http://localhost:9876/_karma_webpack_/node_modules/zone.js/dist/zone-testing.js:576:1)
    at &lt;Jasmine&gt;
</failure>
  </testcase>
  <testcase name="GoogleMapComponent  should mock building info" time="0.13" classname="HeadlessChrome_80_0_3987_(Mac_OS_X_10_15_3).GoogleMapComponent ">
    <failure type="">NullInjectorError: StaticInjectorError(DynamicTestModule)[GoogleMapComponent -&gt; DirectionsManagerService]: 
  StaticInjectorError(Platform: core)[GoogleMapComponent -&gt; DirectionsManagerService]: 
    NullInjectorError: No provider for DirectionsManagerService!
error properties: Object({ ngTempTokenPath: null, ngTokenPath: [ 'GoogleMapComponent', Function ], ngDebugContext: DebugContext_({ view: Object({ def: Object({ factory: Function, nodeFlags: 33669121, rootNodeFlags: 33554433, nodeMatchedQueries: 0, flags: 0, nodes: [ Object({ nodeIndex: 0, parent: null, renderParent: null, bindingIndex: 0, outputIndex: 0, checkIndex: 0, flags: 33554433, childFlags: 114688, directChildFlags: 114688, childMatchedQueries: 0, matchedQueries: Object({  }), matchedQueryIds: 0, references: Object({  }), ngContentIndex: null, childCount: 1, bindings: [  ], bindingFlags: 0, outputs: [  ], element: Object({ ns: '', name: 'app-google-map', attrs: [  ], template: null, componentProvider: Object({ nodeIndex: 1, parent: &lt;circular reference: Object&gt;, renderParent: &lt;circular reference: Object&gt;, bindingIndex: 0, outputIndex: 0, checkIndex: 1, flags: 114688, childFlags: 0, directChildFlags: 0, childMatchedQueries: 0, matchedQueries: Object, matchedQueryIds: 0, references: Object, ngCo ...
    at &lt;Jasmine&gt;
    at NullInjector.push../node_modules/@angular/core/fesm5/core.js.NullInjector.get (http://localhost:9876/_karma_webpack_/node_modules/@angular/core/fesm5/core.js:724:1)
    at resolveToken (http://localhost:9876/_karma_webpack_/node_modules/@angular/core/fesm5/core.js:2093:1)
    at tryResolveToken (http://localhost:9876/_karma_webpack_/node_modules/@angular/core/fesm5/core.js:2037:1)
    at StaticInjector.push../node_modules/@angular/core/fesm5/core.js.StaticInjector.get (http://localhost:9876/_karma_webpack_/node_modules/@angular/core/fesm5/core.js:1941:1)
    at resolveToken (http://localhost:9876/_karma_webpack_/node_modules/@angular/core/fesm5/core.js:2093:1)
    at tryResolveToken (http://localhost:9876/_karma_webpack_/node_modules/@angular/core/fesm5/core.js:2037:1)
    at StaticInjector.push../node_modules/@angular/core/fesm5/core.js.StaticInjector.get (http://localhost:9876/_karma_webpack_/node_modules/@angular/core/fesm5/core.js:1941:1)
    at resolveNgModuleDep (http://localhost:9876/_karma_webpack_/node_modules/@angular/core/fesm5/core.js:20895:1)
    at NgModuleRef_.push../node_modules/@angular/core/fesm5/core.js.NgModuleRef_.get (http://localhost:9876/_karma_webpack_/node_modules/@angular/core/fesm5/core.js:21584:1)
    at resolveDep (http://localhost:9876/_karma_webpack_/node_modules/@angular/core/fesm5/core.js:21955:1)
</failure>
    <failure type="">TypeError: Cannot read property 'overlayCoords' of undefined
    at &lt;Jasmine&gt;
    at UserContext.&lt;anonymous&gt; (http://localhost:9876/_karma_webpack_/src/app/components/outdoor/google-map/google-map.component.spec.ts:96:51)
    at ZoneDelegate../node_modules/zone.js/dist/zone.js.ZoneDelegate.invoke (http://localhost:9876/_karma_webpack_/node_modules/zone.js/dist/zone.js:391:1)
    at ProxyZoneSpec.push../node_modules/zone.js/dist/zone-testing.js.ProxyZoneSpec.onInvoke (http://localhost:9876/_karma_webpack_/node_modules/zone.js/dist/zone-testing.js:308:1)
    at ZoneDelegate../node_modules/zone.js/dist/zone.js.ZoneDelegate.invoke (http://localhost:9876/_karma_webpack_/node_modules/zone.js/dist/zone.js:390:1)
    at Zone../node_modules/zone.js/dist/zone.js.Zone.run (http://localhost:9876/_karma_webpack_/node_modules/zone.js/dist/zone.js:150:1)
    at runInTestZone (http://localhost:9876/_karma_webpack_/node_modules/zone.js/dist/zone-testing.js:561:1)
    at UserContext.&lt;anonymous&gt; (http://localhost:9876/_karma_webpack_/node_modules/zone.js/dist/zone-testing.js:576:1)
    at &lt;Jasmine&gt;
</failure>
  </testcase>
  <testcase name="ModalDirectionsComponent  should create" time="0.136" classname="HeadlessChrome_80_0_3987_(Mac_OS_X_10_15_3).ModalDirectionsComponent "/>
  <testcase name="OutdoorNavigationSideButtonsComponent  should create" time="0.249" classname="HeadlessChrome_80_0_3987_(Mac_OS_X_10_15_3).OutdoorNavigationSideButtonsComponent ">
    <failure type="">      [hidden]="isGoToButtonHidden"
      &gt;
      &lt;ion-label&gt;{{ [ERROR -&gt;]'gotolocation-label' | translate}}&lt;/ion-label&gt;
    &lt;/ion-button&gt;
  &lt;/ion-row&gt;
The pipe 'translate' could not be found ("
      [hidden]="isGoToButtonHidden"
      &gt;
      &lt;ion-label&gt;{{ [ERROR -&gt;]'gotolocation-label' | translate}}&lt;/ion-label&gt;
    &lt;/ion-button&gt;
  &lt;/ion-row&gt;
"): ng:///DynamicTestModule/OutdoorNavigationSideButtonsComponent.html@49:20
error properties: Object({ ngSyntaxError: true, ngParseErrors: [ The pipe 'translate' could not be found ("
"): ng:///DynamicTestModule/OutdoorNavigationSideButtonsComponent.html@49:20 ] })
Error: Template parse errors:
    at syntaxError (http://localhost:9876/_karma_webpack_/node_modules/@angular/compiler/fesm5/compiler.js:2420:1)
    at TemplateParser.push../node_modules/@angular/compiler/fesm5/compiler.js.TemplateParser.parse (http://localhost:9876/_karma_webpack_/node_modules/@angular/compiler/fesm5/compiler.js:11987:1)
    at JitCompiler.push../node_modules/@angular/compiler/fesm5/compiler.js.JitCompiler._parseTemplate (http://localhost:9876/_karma_webpack_/node_modules/@angular/compiler/fesm5/compiler.js:27259:1)
    at JitCompiler.push../node_modules/@angular/compiler/fesm5/compiler.js.JitCompiler._compileTemplate (http://localhost:9876/_karma_webpack_/node_modules/@angular/compiler/fesm5/compiler.js:27246:1)
    at http://localhost:9876/_karma_webpack_/node_modules/@angular/compiler/fesm5/compiler.js:27189:48
    at &lt;Jasmine&gt;
    at JitCompiler.push../node_modules/@angular/compiler/fesm5/compiler.js.JitCompiler._compileComponents (http://localhost:9876/_karma_webpack_/node_modules/@angular/compiler/fesm5/compiler.js:27189:1)
    at http://localhost:9876/_karma_webpack_/node_modules/@angular/compiler/fesm5/compiler.js:27107:1
    at Object.then (http://localhost:9876/_karma_webpack_/node_modules/@angular/compiler/fesm5/compiler.js:2411:33)
    at JitCompiler.push../node_modules/@angular/compiler/fesm5/compiler.js.JitCompiler._compileModuleAndAllComponents (http://localhost:9876/_karma_webpack_/node_modules/@angular/compiler/fesm5/compiler.js:27105:1)
</failure>
    <failure type="">      [hidden]="isGoToButtonHidden"
      &gt;
      &lt;ion-label&gt;{{ [ERROR -&gt;]'gotolocation-label' | translate}}&lt;/ion-label&gt;
    &lt;/ion-button&gt;
  &lt;/ion-row&gt;
Error: Template parse errors:
The pipe 'translate' could not be found ("
      [hidden]="isGoToButtonHidden"
      &gt;
      &lt;ion-label&gt;{{ [ERROR -&gt;]'gotolocation-label' | translate}}&lt;/ion-label&gt;
    &lt;/ion-button&gt;
  &lt;/ion-row&gt;
"): ng:///DynamicTestModule/OutdoorNavigationSideButtonsComponent.html@49:20
error properties: Object({ ngSyntaxError: true, ngParseErrors: [ The pipe 'translate' could not be found ("
"): ng:///DynamicTestModule/OutdoorNavigationSideButtonsComponent.html@49:20 ] })
    at syntaxError (http://localhost:9876/_karma_webpack_/node_modules/@angular/compiler/fesm5/compiler.js:2420:1)
    at TemplateParser.push../node_modules/@angular/compiler/fesm5/compiler.js.TemplateParser.parse (http://localhost:9876/_karma_webpack_/node_modules/@angular/compiler/fesm5/compiler.js:11987:1)
    at JitCompiler.push../node_modules/@angular/compiler/fesm5/compiler.js.JitCompiler._parseTemplate (http://localhost:9876/_karma_webpack_/node_modules/@angular/compiler/fesm5/compiler.js:27259:1)
    at JitCompiler.push../node_modules/@angular/compiler/fesm5/compiler.js.JitCompiler._compileTemplate (http://localhost:9876/_karma_webpack_/node_modules/@angular/compiler/fesm5/compiler.js:27246:1)
    at http://localhost:9876/_karma_webpack_/node_modules/@angular/compiler/fesm5/compiler.js:27189:48
    at &lt;Jasmine&gt;
    at JitCompiler.push../node_modules/@angular/compiler/fesm5/compiler.js.JitCompiler._compileComponents (http://localhost:9876/_karma_webpack_/node_modules/@angular/compiler/fesm5/compiler.js:27189:1)
    at http://localhost:9876/_karma_webpack_/node_modules/@angular/compiler/fesm5/compiler.js:27107:1
    at Object.then (http://localhost:9876/_karma_webpack_/node_modules/@angular/compiler/fesm5/compiler.js:2411:33)
    at JitCompiler.push../node_modules/@angular/compiler/fesm5/compiler.js.JitCompiler._compileModuleAndAllComponents (http://localhost:9876/_karma_webpack_/node_modules/@angular/compiler/fesm5/compiler.js:27105:1)
</failure>
    <failure type="">Error: Expected undefined to be truthy.
    at &lt;Jasmine&gt;
    at UserContext.&lt;anonymous&gt; (http://localhost:9876/_karma_webpack_/src/app/components/outdoor/outdoor-navigation-side-buttons/outdoor-navigation-side-buttons.component.spec.ts:47:23)
    at ZoneDelegate../node_modules/zone.js/dist/zone.js.ZoneDelegate.invoke (http://localhost:9876/_karma_webpack_/node_modules/zone.js/dist/zone.js:391:1)
    at ProxyZoneSpec.push../node_modules/zone.js/dist/zone-testing.js.ProxyZoneSpec.onInvoke (http://localhost:9876/_karma_webpack_/node_modules/zone.js/dist/zone-testing.js:308:1)
</failure>
  </testcase>
  <testcase name="OutdoorNavigationSideButtonsComponent  test poi toggle" time="0.204" classname="HeadlessChrome_80_0_3987_(Mac_OS_X_10_15_3).OutdoorNavigationSideButtonsComponent ">
    <failure type="">      [hidden]="isGoToButtonHidden"
      &gt;
      &lt;ion-label&gt;{{ [ERROR -&gt;]'gotolocation-label' | translate}}&lt;/ion-label&gt;
    &lt;/ion-button&gt;
  &lt;/ion-row&gt;
The pipe 'translate' could not be found ("
      [hidden]="isGoToButtonHidden"
      &gt;
      &lt;ion-label&gt;{{ [ERROR -&gt;]'gotolocation-label' | translate}}&lt;/ion-label&gt;
    &lt;/ion-button&gt;
  &lt;/ion-row&gt;
"): ng:///DynamicTestModule/OutdoorNavigationSideButtonsComponent.html@49:20
error properties: Object({ ngSyntaxError: true, ngParseErrors: [ The pipe 'translate' could not be found ("
"): ng:///DynamicTestModule/OutdoorNavigationSideButtonsComponent.html@49:20 ] })
Error: Template parse errors:
    at syntaxError (http://localhost:9876/_karma_webpack_/node_modules/@angular/compiler/fesm5/compiler.js:2420:1)
    at TemplateParser.push../node_modules/@angular/compiler/fesm5/compiler.js.TemplateParser.parse (http://localhost:9876/_karma_webpack_/node_modules/@angular/compiler/fesm5/compiler.js:11987:1)
    at JitCompiler.push../node_modules/@angular/compiler/fesm5/compiler.js.JitCompiler._parseTemplate (http://localhost:9876/_karma_webpack_/node_modules/@angular/compiler/fesm5/compiler.js:27259:1)
    at JitCompiler.push../node_modules/@angular/compiler/fesm5/compiler.js.JitCompiler._compileTemplate (http://localhost:9876/_karma_webpack_/node_modules/@angular/compiler/fesm5/compiler.js:27246:1)
    at http://localhost:9876/_karma_webpack_/node_modules/@angular/compiler/fesm5/compiler.js:27189:48
    at &lt;Jasmine&gt;
    at JitCompiler.push../node_modules/@angular/compiler/fesm5/compiler.js.JitCompiler._compileComponents (http://localhost:9876/_karma_webpack_/node_modules/@angular/compiler/fesm5/compiler.js:27189:1)
    at http://localhost:9876/_karma_webpack_/node_modules/@angular/compiler/fesm5/compiler.js:27107:1
    at Object.then (http://localhost:9876/_karma_webpack_/node_modules/@angular/compiler/fesm5/compiler.js:2411:33)
    at JitCompiler.push../node_modules/@angular/compiler/fesm5/compiler.js.JitCompiler._compileModuleAndAllComponents (http://localhost:9876/_karma_webpack_/node_modules/@angular/compiler/fesm5/compiler.js:27105:1)
</failure>
    <failure type="">      [hidden]="isGoToButtonHidden"
      &gt;
      &lt;ion-label&gt;{{ [ERROR -&gt;]'gotolocation-label' | translate}}&lt;/ion-label&gt;
    &lt;/ion-button&gt;
  &lt;/ion-row&gt;
Error: Template parse errors:
The pipe 'translate' could not be found ("
      [hidden]="isGoToButtonHidden"
      &gt;
      &lt;ion-label&gt;{{ [ERROR -&gt;]'gotolocation-label' | translate}}&lt;/ion-label&gt;
    &lt;/ion-button&gt;
  &lt;/ion-row&gt;
"): ng:///DynamicTestModule/OutdoorNavigationSideButtonsComponent.html@49:20
error properties: Object({ ngSyntaxError: true, ngParseErrors: [ The pipe 'translate' could not be found ("
"): ng:///DynamicTestModule/OutdoorNavigationSideButtonsComponent.html@49:20 ] })
    at syntaxError (http://localhost:9876/_karma_webpack_/node_modules/@angular/compiler/fesm5/compiler.js:2420:1)
    at TemplateParser.push../node_modules/@angular/compiler/fesm5/compiler.js.TemplateParser.parse (http://localhost:9876/_karma_webpack_/node_modules/@angular/compiler/fesm5/compiler.js:11987:1)
    at JitCompiler.push../node_modules/@angular/compiler/fesm5/compiler.js.JitCompiler._parseTemplate (http://localhost:9876/_karma_webpack_/node_modules/@angular/compiler/fesm5/compiler.js:27259:1)
    at JitCompiler.push../node_modules/@angular/compiler/fesm5/compiler.js.JitCompiler._compileTemplate (http://localhost:9876/_karma_webpack_/node_modules/@angular/compiler/fesm5/compiler.js:27246:1)
    at http://localhost:9876/_karma_webpack_/node_modules/@angular/compiler/fesm5/compiler.js:27189:48
    at &lt;Jasmine&gt;
    at JitCompiler.push../node_modules/@angular/compiler/fesm5/compiler.js.JitCompiler._compileComponents (http://localhost:9876/_karma_webpack_/node_modules/@angular/compiler/fesm5/compiler.js:27189:1)
    at http://localhost:9876/_karma_webpack_/node_modules/@angular/compiler/fesm5/compiler.js:27107:1
    at Object.then (http://localhost:9876/_karma_webpack_/node_modules/@angular/compiler/fesm5/compiler.js:2411:33)
    at JitCompiler.push../node_modules/@angular/compiler/fesm5/compiler.js.JitCompiler._compileModuleAndAllComponents (http://localhost:9876/_karma_webpack_/node_modules/@angular/compiler/fesm5/compiler.js:27105:1)
</failure>
    <failure type="">TypeError: Cannot read property 'detectChanges' of undefined
    at &lt;Jasmine&gt;
    at UserContext.&lt;anonymous&gt; (http://localhost:9876/_karma_webpack_/src/app/components/outdoor/outdoor-navigation-side-buttons/outdoor-navigation-side-buttons.component.spec.ts:51:13)
    at ZoneDelegate../node_modules/zone.js/dist/zone.js.ZoneDelegate.invoke (http://localhost:9876/_karma_webpack_/node_modules/zone.js/dist/zone.js:391:1)
    at ProxyZoneSpec.push../node_modules/zone.js/dist/zone-testing.js.ProxyZoneSpec.onInvoke (http://localhost:9876/_karma_webpack_/node_modules/zone.js/dist/zone-testing.js:308:1)
    at ZoneDelegate../node_modules/zone.js/dist/zone.js.ZoneDelegate.invoke (http://localhost:9876/_karma_webpack_/node_modules/zone.js/dist/zone.js:390:1)
    at Zone../node_modules/zone.js/dist/zone.js.Zone.run (http://localhost:9876/_karma_webpack_/node_modules/zone.js/dist/zone.js:150:1)
    at runInTestZone (http://localhost:9876/_karma_webpack_/node_modules/zone.js/dist/zone-testing.js:561:1)
    at UserContext.&lt;anonymous&gt; (http://localhost:9876/_karma_webpack_/node_modules/zone.js/dist/zone-testing.js:576:1)
    at &lt;Jasmine&gt;
</failure>
  </testcase>
  <testcase name="OutdoorNavigationSideButtonsComponent  test open pin" time="0.205" classname="HeadlessChrome_80_0_3987_(Mac_OS_X_10_15_3).OutdoorNavigationSideButtonsComponent ">
    <failure type="">      [hidden]="isGoToButtonHidden"
      &gt;
      &lt;ion-label&gt;{{ [ERROR -&gt;]'gotolocation-label' | translate}}&lt;/ion-label&gt;
    &lt;/ion-button&gt;
  &lt;/ion-row&gt;
The pipe 'translate' could not be found ("
      [hidden]="isGoToButtonHidden"
      &gt;
      &lt;ion-label&gt;{{ [ERROR -&gt;]'gotolocation-label' | translate}}&lt;/ion-label&gt;
    &lt;/ion-button&gt;
  &lt;/ion-row&gt;
"): ng:///DynamicTestModule/OutdoorNavigationSideButtonsComponent.html@49:20
error properties: Object({ ngSyntaxError: true, ngParseErrors: [ The pipe 'translate' could not be found ("
"): ng:///DynamicTestModule/OutdoorNavigationSideButtonsComponent.html@49:20 ] })
Error: Template parse errors:
    at syntaxError (http://localhost:9876/_karma_webpack_/node_modules/@angular/compiler/fesm5/compiler.js:2420:1)
    at TemplateParser.push../node_modules/@angular/compiler/fesm5/compiler.js.TemplateParser.parse (http://localhost:9876/_karma_webpack_/node_modules/@angular/compiler/fesm5/compiler.js:11987:1)
    at JitCompiler.push../node_modules/@angular/compiler/fesm5/compiler.js.JitCompiler._parseTemplate (http://localhost:9876/_karma_webpack_/node_modules/@angular/compiler/fesm5/compiler.js:27259:1)
    at JitCompiler.push../node_modules/@angular/compiler/fesm5/compiler.js.JitCompiler._compileTemplate (http://localhost:9876/_karma_webpack_/node_modules/@angular/compiler/fesm5/compiler.js:27246:1)
    at http://localhost:9876/_karma_webpack_/node_modules/@angular/compiler/fesm5/compiler.js:27189:48
    at &lt;Jasmine&gt;
    at JitCompiler.push../node_modules/@angular/compiler/fesm5/compiler.js.JitCompiler._compileComponents (http://localhost:9876/_karma_webpack_/node_modules/@angular/compiler/fesm5/compiler.js:27189:1)
    at http://localhost:9876/_karma_webpack_/node_modules/@angular/compiler/fesm5/compiler.js:27107:1
    at Object.then (http://localhost:9876/_karma_webpack_/node_modules/@angular/compiler/fesm5/compiler.js:2411:33)
    at JitCompiler.push../node_modules/@angular/compiler/fesm5/compiler.js.JitCompiler._compileModuleAndAllComponents (http://localhost:9876/_karma_webpack_/node_modules/@angular/compiler/fesm5/compiler.js:27105:1)
</failure>
    <failure type="">      [hidden]="isGoToButtonHidden"
      &gt;
      &lt;ion-label&gt;{{ [ERROR -&gt;]'gotolocation-label' | translate}}&lt;/ion-label&gt;
    &lt;/ion-button&gt;
  &lt;/ion-row&gt;
Error: Template parse errors:
The pipe 'translate' could not be found ("
      [hidden]="isGoToButtonHidden"
      &gt;
      &lt;ion-label&gt;{{ [ERROR -&gt;]'gotolocation-label' | translate}}&lt;/ion-label&gt;
    &lt;/ion-button&gt;
  &lt;/ion-row&gt;
"): ng:///DynamicTestModule/OutdoorNavigationSideButtonsComponent.html@49:20
error properties: Object({ ngSyntaxError: true, ngParseErrors: [ The pipe 'translate' could not be found ("
"): ng:///DynamicTestModule/OutdoorNavigationSideButtonsComponent.html@49:20 ] })
    at syntaxError (http://localhost:9876/_karma_webpack_/node_modules/@angular/compiler/fesm5/compiler.js:2420:1)
    at TemplateParser.push../node_modules/@angular/compiler/fesm5/compiler.js.TemplateParser.parse (http://localhost:9876/_karma_webpack_/node_modules/@angular/compiler/fesm5/compiler.js:11987:1)
    at JitCompiler.push../node_modules/@angular/compiler/fesm5/compiler.js.JitCompiler._parseTemplate (http://localhost:9876/_karma_webpack_/node_modules/@angular/compiler/fesm5/compiler.js:27259:1)
    at JitCompiler.push../node_modules/@angular/compiler/fesm5/compiler.js.JitCompiler._compileTemplate (http://localhost:9876/_karma_webpack_/node_modules/@angular/compiler/fesm5/compiler.js:27246:1)
    at http://localhost:9876/_karma_webpack_/node_modules/@angular/compiler/fesm5/compiler.js:27189:48
    at &lt;Jasmine&gt;
    at JitCompiler.push../node_modules/@angular/compiler/fesm5/compiler.js.JitCompiler._compileComponents (http://localhost:9876/_karma_webpack_/node_modules/@angular/compiler/fesm5/compiler.js:27189:1)
    at http://localhost:9876/_karma_webpack_/node_modules/@angular/compiler/fesm5/compiler.js:27107:1
    at Object.then (http://localhost:9876/_karma_webpack_/node_modules/@angular/compiler/fesm5/compiler.js:2411:33)
    at JitCompiler.push../node_modules/@angular/compiler/fesm5/compiler.js.JitCompiler._compileModuleAndAllComponents (http://localhost:9876/_karma_webpack_/node_modules/@angular/compiler/fesm5/compiler.js:27105:1)
</failure>
    <failure type="">TypeError: Cannot set property 'poiClicked' of undefined
    at &lt;Jasmine&gt;
    at UserContext.&lt;anonymous&gt; (http://localhost:9876/_karma_webpack_/src/app/components/outdoor/outdoor-navigation-side-buttons/outdoor-navigation-side-buttons.component.spec.ts:58:25)
    at ZoneDelegate../node_modules/zone.js/dist/zone.js.ZoneDelegate.invoke (http://localhost:9876/_karma_webpack_/node_modules/zone.js/dist/zone.js:391:1)
    at ProxyZoneSpec.push../node_modules/zone.js/dist/zone-testing.js.ProxyZoneSpec.onInvoke (http://localhost:9876/_karma_webpack_/node_modules/zone.js/dist/zone-testing.js:308:1)
    at ZoneDelegate../node_modules/zone.js/dist/zone.js.ZoneDelegate.invoke (http://localhost:9876/_karma_webpack_/node_modules/zone.js/dist/zone.js:390:1)
    at Zone../node_modules/zone.js/dist/zone.js.Zone.run (http://localhost:9876/_karma_webpack_/node_modules/zone.js/dist/zone.js:150:1)
    at runInTestZone (http://localhost:9876/_karma_webpack_/node_modules/zone.js/dist/zone-testing.js:561:1)
    at UserContext.&lt;anonymous&gt; (http://localhost:9876/_karma_webpack_/node_modules/zone.js/dist/zone-testing.js:576:1)
    at &lt;Jasmine&gt;
</failure>
  </testcase>
  <testcase name="OutdoorNavigationSideButtonsComponent  test close" time="0.175" classname="HeadlessChrome_80_0_3987_(Mac_OS_X_10_15_3).OutdoorNavigationSideButtonsComponent ">
    <failure type="">      [hidden]="isGoToButtonHidden"
      &gt;
      &lt;ion-label&gt;{{ [ERROR -&gt;]'gotolocation-label' | translate}}&lt;/ion-label&gt;
    &lt;/ion-button&gt;
  &lt;/ion-row&gt;
The pipe 'translate' could not be found ("
      [hidden]="isGoToButtonHidden"
      &gt;
      &lt;ion-label&gt;{{ [ERROR -&gt;]'gotolocation-label' | translate}}&lt;/ion-label&gt;
    &lt;/ion-button&gt;
  &lt;/ion-row&gt;
"): ng:///DynamicTestModule/OutdoorNavigationSideButtonsComponent.html@49:20
error properties: Object({ ngSyntaxError: true, ngParseErrors: [ The pipe 'translate' could not be found ("
"): ng:///DynamicTestModule/OutdoorNavigationSideButtonsComponent.html@49:20 ] })
Error: Template parse errors:
    at syntaxError (http://localhost:9876/_karma_webpack_/node_modules/@angular/compiler/fesm5/compiler.js:2420:1)
    at TemplateParser.push../node_modules/@angular/compiler/fesm5/compiler.js.TemplateParser.parse (http://localhost:9876/_karma_webpack_/node_modules/@angular/compiler/fesm5/compiler.js:11987:1)
    at JitCompiler.push../node_modules/@angular/compiler/fesm5/compiler.js.JitCompiler._parseTemplate (http://localhost:9876/_karma_webpack_/node_modules/@angular/compiler/fesm5/compiler.js:27259:1)
    at JitCompiler.push../node_modules/@angular/compiler/fesm5/compiler.js.JitCompiler._compileTemplate (http://localhost:9876/_karma_webpack_/node_modules/@angular/compiler/fesm5/compiler.js:27246:1)
    at http://localhost:9876/_karma_webpack_/node_modules/@angular/compiler/fesm5/compiler.js:27189:48
    at &lt;Jasmine&gt;
    at JitCompiler.push../node_modules/@angular/compiler/fesm5/compiler.js.JitCompiler._compileComponents (http://localhost:9876/_karma_webpack_/node_modules/@angular/compiler/fesm5/compiler.js:27189:1)
    at http://localhost:9876/_karma_webpack_/node_modules/@angular/compiler/fesm5/compiler.js:27107:1
    at Object.then (http://localhost:9876/_karma_webpack_/node_modules/@angular/compiler/fesm5/compiler.js:2411:33)
    at JitCompiler.push../node_modules/@angular/compiler/fesm5/compiler.js.JitCompiler._compileModuleAndAllComponents (http://localhost:9876/_karma_webpack_/node_modules/@angular/compiler/fesm5/compiler.js:27105:1)
</failure>
    <failure type="">      [hidden]="isGoToButtonHidden"
      &gt;
      &lt;ion-label&gt;{{ [ERROR -&gt;]'gotolocation-label' | translate}}&lt;/ion-label&gt;
    &lt;/ion-button&gt;
  &lt;/ion-row&gt;
Error: Template parse errors:
The pipe 'translate' could not be found ("
      [hidden]="isGoToButtonHidden"
      &gt;
      &lt;ion-label&gt;{{ [ERROR -&gt;]'gotolocation-label' | translate}}&lt;/ion-label&gt;
    &lt;/ion-button&gt;
  &lt;/ion-row&gt;
"): ng:///DynamicTestModule/OutdoorNavigationSideButtonsComponent.html@49:20
error properties: Object({ ngSyntaxError: true, ngParseErrors: [ The pipe 'translate' could not be found ("
"): ng:///DynamicTestModule/OutdoorNavigationSideButtonsComponent.html@49:20 ] })
    at syntaxError (http://localhost:9876/_karma_webpack_/node_modules/@angular/compiler/fesm5/compiler.js:2420:1)
    at TemplateParser.push../node_modules/@angular/compiler/fesm5/compiler.js.TemplateParser.parse (http://localhost:9876/_karma_webpack_/node_modules/@angular/compiler/fesm5/compiler.js:11987:1)
    at JitCompiler.push../node_modules/@angular/compiler/fesm5/compiler.js.JitCompiler._parseTemplate (http://localhost:9876/_karma_webpack_/node_modules/@angular/compiler/fesm5/compiler.js:27259:1)
    at JitCompiler.push../node_modules/@angular/compiler/fesm5/compiler.js.JitCompiler._compileTemplate (http://localhost:9876/_karma_webpack_/node_modules/@angular/compiler/fesm5/compiler.js:27246:1)
    at http://localhost:9876/_karma_webpack_/node_modules/@angular/compiler/fesm5/compiler.js:27189:48
    at &lt;Jasmine&gt;
    at JitCompiler.push../node_modules/@angular/compiler/fesm5/compiler.js.JitCompiler._compileComponents (http://localhost:9876/_karma_webpack_/node_modules/@angular/compiler/fesm5/compiler.js:27189:1)
    at http://localhost:9876/_karma_webpack_/node_modules/@angular/compiler/fesm5/compiler.js:27107:1
    at Object.then (http://localhost:9876/_karma_webpack_/node_modules/@angular/compiler/fesm5/compiler.js:2411:33)
    at JitCompiler.push../node_modules/@angular/compiler/fesm5/compiler.js.JitCompiler._compileModuleAndAllComponents (http://localhost:9876/_karma_webpack_/node_modules/@angular/compiler/fesm5/compiler.js:27105:1)
</failure>
    <failure type="">TypeError: Cannot set property 'poiClicked' of undefined
    at &lt;Jasmine&gt;
    at UserContext.&lt;anonymous&gt; (http://localhost:9876/_karma_webpack_/src/app/components/outdoor/outdoor-navigation-side-buttons/outdoor-navigation-side-buttons.component.spec.ts:68:25)
    at ZoneDelegate../node_modules/zone.js/dist/zone.js.ZoneDelegate.invoke (http://localhost:9876/_karma_webpack_/node_modules/zone.js/dist/zone.js:391:1)
    at ProxyZoneSpec.push../node_modules/zone.js/dist/zone-testing.js.ProxyZoneSpec.onInvoke (http://localhost:9876/_karma_webpack_/node_modules/zone.js/dist/zone-testing.js:308:1)
    at ZoneDelegate../node_modules/zone.js/dist/zone.js.ZoneDelegate.invoke (http://localhost:9876/_karma_webpack_/node_modules/zone.js/dist/zone.js:390:1)
    at Zone../node_modules/zone.js/dist/zone.js.Zone.run (http://localhost:9876/_karma_webpack_/node_modules/zone.js/dist/zone.js:150:1)
    at runInTestZone (http://localhost:9876/_karma_webpack_/node_modules/zone.js/dist/zone-testing.js:561:1)
    at UserContext.&lt;anonymous&gt; (http://localhost:9876/_karma_webpack_/node_modules/zone.js/dist/zone-testing.js:576:1)
    at &lt;Jasmine&gt;
</failure>
  </testcase>
  <testcase name="OutdoorNavigationSideButtonsComponent  test open bus schedule" time="0.174" classname="HeadlessChrome_80_0_3987_(Mac_OS_X_10_15_3).OutdoorNavigationSideButtonsComponent ">
    <failure type="">      [hidden]="isGoToButtonHidden"
      &gt;
      &lt;ion-label&gt;{{ [ERROR -&gt;]'gotolocation-label' | translate}}&lt;/ion-label&gt;
    &lt;/ion-button&gt;
  &lt;/ion-row&gt;
The pipe 'translate' could not be found ("
      [hidden]="isGoToButtonHidden"
      &gt;
      &lt;ion-label&gt;{{ [ERROR -&gt;]'gotolocation-label' | translate}}&lt;/ion-label&gt;
    &lt;/ion-button&gt;
  &lt;/ion-row&gt;
"): ng:///DynamicTestModule/OutdoorNavigationSideButtonsComponent.html@49:20
error properties: Object({ ngSyntaxError: true, ngParseErrors: [ The pipe 'translate' could not be found ("
"): ng:///DynamicTestModule/OutdoorNavigationSideButtonsComponent.html@49:20 ] })
Error: Template parse errors:
    at syntaxError (http://localhost:9876/_karma_webpack_/node_modules/@angular/compiler/fesm5/compiler.js:2420:1)
    at TemplateParser.push../node_modules/@angular/compiler/fesm5/compiler.js.TemplateParser.parse (http://localhost:9876/_karma_webpack_/node_modules/@angular/compiler/fesm5/compiler.js:11987:1)
    at JitCompiler.push../node_modules/@angular/compiler/fesm5/compiler.js.JitCompiler._parseTemplate (http://localhost:9876/_karma_webpack_/node_modules/@angular/compiler/fesm5/compiler.js:27259:1)
    at JitCompiler.push../node_modules/@angular/compiler/fesm5/compiler.js.JitCompiler._compileTemplate (http://localhost:9876/_karma_webpack_/node_modules/@angular/compiler/fesm5/compiler.js:27246:1)
    at http://localhost:9876/_karma_webpack_/node_modules/@angular/compiler/fesm5/compiler.js:27189:48
    at &lt;Jasmine&gt;
    at JitCompiler.push../node_modules/@angular/compiler/fesm5/compiler.js.JitCompiler._compileComponents (http://localhost:9876/_karma_webpack_/node_modules/@angular/compiler/fesm5/compiler.js:27189:1)
    at http://localhost:9876/_karma_webpack_/node_modules/@angular/compiler/fesm5/compiler.js:27107:1
    at Object.then (http://localhost:9876/_karma_webpack_/node_modules/@angular/compiler/fesm5/compiler.js:2411:33)
    at JitCompiler.push../node_modules/@angular/compiler/fesm5/compiler.js.JitCompiler._compileModuleAndAllComponents (http://localhost:9876/_karma_webpack_/node_modules/@angular/compiler/fesm5/compiler.js:27105:1)
</failure>
    <failure type="">      [hidden]="isGoToButtonHidden"
      &gt;
      &lt;ion-label&gt;{{ [ERROR -&gt;]'gotolocation-label' | translate}}&lt;/ion-label&gt;
    &lt;/ion-button&gt;
  &lt;/ion-row&gt;
Error: Template parse errors:
The pipe 'translate' could not be found ("
      [hidden]="isGoToButtonHidden"
      &gt;
      &lt;ion-label&gt;{{ [ERROR -&gt;]'gotolocation-label' | translate}}&lt;/ion-label&gt;
    &lt;/ion-button&gt;
  &lt;/ion-row&gt;
"): ng:///DynamicTestModule/OutdoorNavigationSideButtonsComponent.html@49:20
error properties: Object({ ngSyntaxError: true, ngParseErrors: [ The pipe 'translate' could not be found ("
"): ng:///DynamicTestModule/OutdoorNavigationSideButtonsComponent.html@49:20 ] })
    at syntaxError (http://localhost:9876/_karma_webpack_/node_modules/@angular/compiler/fesm5/compiler.js:2420:1)
    at TemplateParser.push../node_modules/@angular/compiler/fesm5/compiler.js.TemplateParser.parse (http://localhost:9876/_karma_webpack_/node_modules/@angular/compiler/fesm5/compiler.js:11987:1)
    at JitCompiler.push../node_modules/@angular/compiler/fesm5/compiler.js.JitCompiler._parseTemplate (http://localhost:9876/_karma_webpack_/node_modules/@angular/compiler/fesm5/compiler.js:27259:1)
    at JitCompiler.push../node_modules/@angular/compiler/fesm5/compiler.js.JitCompiler._compileTemplate (http://localhost:9876/_karma_webpack_/node_modules/@angular/compiler/fesm5/compiler.js:27246:1)
    at http://localhost:9876/_karma_webpack_/node_modules/@angular/compiler/fesm5/compiler.js:27189:48
    at &lt;Jasmine&gt;
    at JitCompiler.push../node_modules/@angular/compiler/fesm5/compiler.js.JitCompiler._compileComponents (http://localhost:9876/_karma_webpack_/node_modules/@angular/compiler/fesm5/compiler.js:27189:1)
    at http://localhost:9876/_karma_webpack_/node_modules/@angular/compiler/fesm5/compiler.js:27107:1
    at Object.then (http://localhost:9876/_karma_webpack_/node_modules/@angular/compiler/fesm5/compiler.js:2411:33)
    at JitCompiler.push../node_modules/@angular/compiler/fesm5/compiler.js.JitCompiler._compileModuleAndAllComponents (http://localhost:9876/_karma_webpack_/node_modules/@angular/compiler/fesm5/compiler.js:27105:1)
</failure>
    <failure type="">TypeError: Cannot set property 'poiClicked' of undefined
    at &lt;Jasmine&gt;
    at UserContext.&lt;anonymous&gt; (http://localhost:9876/_karma_webpack_/src/app/components/outdoor/outdoor-navigation-side-buttons/outdoor-navigation-side-buttons.component.spec.ts:78:25)
    at ZoneDelegate../node_modules/zone.js/dist/zone.js.ZoneDelegate.invoke (http://localhost:9876/_karma_webpack_/node_modules/zone.js/dist/zone.js:391:1)
    at ProxyZoneSpec.push../node_modules/zone.js/dist/zone-testing.js.ProxyZoneSpec.onInvoke (http://localhost:9876/_karma_webpack_/node_modules/zone.js/dist/zone-testing.js:308:1)
    at ZoneDelegate../node_modules/zone.js/dist/zone.js.ZoneDelegate.invoke (http://localhost:9876/_karma_webpack_/node_modules/zone.js/dist/zone.js:390:1)
    at Zone../node_modules/zone.js/dist/zone.js.Zone.run (http://localhost:9876/_karma_webpack_/node_modules/zone.js/dist/zone.js:150:1)
    at runInTestZone (http://localhost:9876/_karma_webpack_/node_modules/zone.js/dist/zone-testing.js:561:1)
    at UserContext.&lt;anonymous&gt; (http://localhost:9876/_karma_webpack_/node_modules/zone.js/dist/zone-testing.js:576:1)
    at &lt;Jasmine&gt;
</failure>
  </testcase>
  <testcase name="OutdoorNavigationToolbarComponent  should create" time="0.123" classname="HeadlessChrome_80_0_3987_(Mac_OS_X_10_15_3).OutdoorNavigationToolbarComponent ">
    <failure type="">NullInjectorError: StaticInjectorError(DynamicTestModule)[OutdoorNavigationToolbarComponent -&gt; SpeechRecognition]: 
  StaticInjectorError(Platform: core)[OutdoorNavigationToolbarComponent -&gt; SpeechRecognition]: 
    NullInjectorError: No provider for SpeechRecognition!
error properties: Object({ ngTempTokenPath: null, ngTokenPath: [ 'OutdoorNavigationToolbarComponent', Function ], ngDebugContext: DebugContext_({ view: Object({ def: Object({ factory: Function, nodeFlags: 37863425, rootNodeFlags: 33554433, nodeMatchedQueries: 0, flags: 0, nodes: [ Object({ nodeIndex: 0, parent: null, renderParent: null, bindingIndex: 0, outputIndex: 0, checkIndex: 0, flags: 33554433, childFlags: 4308992, directChildFlags: 4308992, childMatchedQueries: 0, matchedQueries: Object({  }), matchedQueryIds: 0, references: Object({  }), ngContentIndex: null, childCount: 1, bindings: [  ], bindingFlags: 0, outputs: [  ], element: Object({ ns: '', name: 'app-outdoor-navigation-toolbar', attrs: [  ], template: null, componentProvider: Object({ nodeIndex: 1, parent: &lt;circular reference: Object&gt;, renderParent: &lt;circular reference: Object&gt;, bindingIndex: 0, outputIndex: 0, checkIndex: 1, flags: 4308992, childFlags: 0, directChildFlags: 0, childMatchedQueries: 0, matchedQueries: Object, matchedQue ...
    at &lt;Jasmine&gt;
    at NullInjector.push../node_modules/@angular/core/fesm5/core.js.NullInjector.get (http://localhost:9876/_karma_webpack_/node_modules/@angular/core/fesm5/core.js:724:1)
    at resolveToken (http://localhost:9876/_karma_webpack_/node_modules/@angular/core/fesm5/core.js:2093:1)
    at tryResolveToken (http://localhost:9876/_karma_webpack_/node_modules/@angular/core/fesm5/core.js:2037:1)
    at StaticInjector.push../node_modules/@angular/core/fesm5/core.js.StaticInjector.get (http://localhost:9876/_karma_webpack_/node_modules/@angular/core/fesm5/core.js:1941:1)
    at resolveToken (http://localhost:9876/_karma_webpack_/node_modules/@angular/core/fesm5/core.js:2093:1)
    at tryResolveToken (http://localhost:9876/_karma_webpack_/node_modules/@angular/core/fesm5/core.js:2037:1)
    at StaticInjector.push../node_modules/@angular/core/fesm5/core.js.StaticInjector.get (http://localhost:9876/_karma_webpack_/node_modules/@angular/core/fesm5/core.js:1941:1)
    at resolveNgModuleDep (http://localhost:9876/_karma_webpack_/node_modules/@angular/core/fesm5/core.js:20895:1)
    at NgModuleRef_.push../node_modules/@angular/core/fesm5/core.js.NgModuleRef_.get (http://localhost:9876/_karma_webpack_/node_modules/@angular/core/fesm5/core.js:21584:1)
    at resolveDep (http://localhost:9876/_karma_webpack_/node_modules/@angular/core/fesm5/core.js:21955:1)
</failure>
    <failure type="">Error: Expected undefined to be truthy.
    at &lt;Jasmine&gt;
    at UserContext.&lt;anonymous&gt; (http://localhost:9876/_karma_webpack_/src/app/components/outdoor/outdoor-navigation-toolbar/outdoor-navigation-toolbar.component.spec.ts:86:23)
    at ZoneDelegate../node_modules/zone.js/dist/zone.js.ZoneDelegate.invoke (http://localhost:9876/_karma_webpack_/node_modules/zone.js/dist/zone.js:391:1)
    at ProxyZoneSpec.push../node_modules/zone.js/dist/zone-testing.js.ProxyZoneSpec.onInvoke (http://localhost:9876/_karma_webpack_/node_modules/zone.js/dist/zone-testing.js:308:1)
</failure>
    <failure type="">Error: Expected undefined to be truthy.
    at &lt;Jasmine&gt;
    at UserContext.&lt;anonymous&gt; (http://localhost:9876/_karma_webpack_/src/app/components/outdoor/outdoor-navigation-toolbar/outdoor-navigation-toolbar.component.spec.ts:87:32)
    at ZoneDelegate../node_modules/zone.js/dist/zone.js.ZoneDelegate.invoke (http://localhost:9876/_karma_webpack_/node_modules/zone.js/dist/zone.js:391:1)
    at ProxyZoneSpec.push../node_modules/zone.js/dist/zone-testing.js.ProxyZoneSpec.onInvoke (http://localhost:9876/_karma_webpack_/node_modules/zone.js/dist/zone-testing.js:308:1)
</failure>
  </testcase>
  <testcase name="OutdoorNavigationToolbarComponent  sendMessage() changes message" time="0.126" classname="HeadlessChrome_80_0_3987_(Mac_OS_X_10_15_3).OutdoorNavigationToolbarComponent ">
    <failure type="">NullInjectorError: StaticInjectorError(DynamicTestModule)[OutdoorNavigationToolbarComponent -&gt; SpeechRecognition]: 
  StaticInjectorError(Platform: core)[OutdoorNavigationToolbarComponent -&gt; SpeechRecognition]: 
    NullInjectorError: No provider for SpeechRecognition!
error properties: Object({ ngTempTokenPath: null, ngTokenPath: [ 'OutdoorNavigationToolbarComponent', Function ], ngDebugContext: DebugContext_({ view: Object({ def: Object({ factory: Function, nodeFlags: 37863425, rootNodeFlags: 33554433, nodeMatchedQueries: 0, flags: 0, nodes: [ Object({ nodeIndex: 0, parent: null, renderParent: null, bindingIndex: 0, outputIndex: 0, checkIndex: 0, flags: 33554433, childFlags: 4308992, directChildFlags: 4308992, childMatchedQueries: 0, matchedQueries: Object({  }), matchedQueryIds: 0, references: Object({  }), ngContentIndex: null, childCount: 1, bindings: [  ], bindingFlags: 0, outputs: [  ], element: Object({ ns: '', name: 'app-outdoor-navigation-toolbar', attrs: [  ], template: null, componentProvider: Object({ nodeIndex: 1, parent: &lt;circular reference: Object&gt;, renderParent: &lt;circular reference: Object&gt;, bindingIndex: 0, outputIndex: 0, checkIndex: 1, flags: 4308992, childFlags: 0, directChildFlags: 0, childMatchedQueries: 0, matchedQueries: Object, matchedQue ...
    at &lt;Jasmine&gt;
    at NullInjector.push../node_modules/@angular/core/fesm5/core.js.NullInjector.get (http://localhost:9876/_karma_webpack_/node_modules/@angular/core/fesm5/core.js:724:1)
    at resolveToken (http://localhost:9876/_karma_webpack_/node_modules/@angular/core/fesm5/core.js:2093:1)
    at tryResolveToken (http://localhost:9876/_karma_webpack_/node_modules/@angular/core/fesm5/core.js:2037:1)
    at StaticInjector.push../node_modules/@angular/core/fesm5/core.js.StaticInjector.get (http://localhost:9876/_karma_webpack_/node_modules/@angular/core/fesm5/core.js:1941:1)
    at resolveToken (http://localhost:9876/_karma_webpack_/node_modules/@angular/core/fesm5/core.js:2093:1)
    at tryResolveToken (http://localhost:9876/_karma_webpack_/node_modules/@angular/core/fesm5/core.js:2037:1)
    at StaticInjector.push../node_modules/@angular/core/fesm5/core.js.StaticInjector.get (http://localhost:9876/_karma_webpack_/node_modules/@angular/core/fesm5/core.js:1941:1)
    at resolveNgModuleDep (http://localhost:9876/_karma_webpack_/node_modules/@angular/core/fesm5/core.js:20895:1)
    at NgModuleRef_.push../node_modules/@angular/core/fesm5/core.js.NgModuleRef_.get (http://localhost:9876/_karma_webpack_/node_modules/@angular/core/fesm5/core.js:21584:1)
    at resolveDep (http://localhost:9876/_karma_webpack_/node_modules/@angular/core/fesm5/core.js:21955:1)
</failure>
    <failure type="">TypeError: Cannot set property 'loc' of undefined
    at &lt;Jasmine&gt;
    at UserContext.&lt;anonymous&gt; (http://localhost:9876/_karma_webpack_/src/app/components/outdoor/outdoor-navigation-toolbar/outdoor-navigation-toolbar.component.spec.ts:95:18)
    at ZoneDelegate../node_modules/zone.js/dist/zone.js.ZoneDelegate.invoke (http://localhost:9876/_karma_webpack_/node_modules/zone.js/dist/zone.js:391:1)
    at ProxyZoneSpec.push../node_modules/zone.js/dist/zone-testing.js.ProxyZoneSpec.onInvoke (http://localhost:9876/_karma_webpack_/node_modules/zone.js/dist/zone-testing.js:308:1)
    at ZoneDelegate../node_modules/zone.js/dist/zone.js.ZoneDelegate.invoke (http://localhost:9876/_karma_webpack_/node_modules/zone.js/dist/zone.js:390:1)
    at Zone../node_modules/zone.js/dist/zone.js.Zone.run (http://localhost:9876/_karma_webpack_/node_modules/zone.js/dist/zone.js:150:1)
    at runInTestZone (http://localhost:9876/_karma_webpack_/node_modules/zone.js/dist/zone-testing.js:561:1)
    at UserContext.&lt;anonymous&gt; (http://localhost:9876/_karma_webpack_/node_modules/zone.js/dist/zone-testing.js:576:1)
    at &lt;Jasmine&gt;
</failure>
  </testcase>
  <testcase name="OutdoorNavigationToolbarComponent  test campus toggle functions" time="0.135" classname="HeadlessChrome_80_0_3987_(Mac_OS_X_10_15_3).OutdoorNavigationToolbarComponent ">
    <failure type="">NullInjectorError: StaticInjectorError(DynamicTestModule)[OutdoorNavigationToolbarComponent -&gt; SpeechRecognition]: 
  StaticInjectorError(Platform: core)[OutdoorNavigationToolbarComponent -&gt; SpeechRecognition]: 
    NullInjectorError: No provider for SpeechRecognition!
error properties: Object({ ngTempTokenPath: null, ngTokenPath: [ 'OutdoorNavigationToolbarComponent', Function ], ngDebugContext: DebugContext_({ view: Object({ def: Object({ factory: Function, nodeFlags: 37863425, rootNodeFlags: 33554433, nodeMatchedQueries: 0, flags: 0, nodes: [ Object({ nodeIndex: 0, parent: null, renderParent: null, bindingIndex: 0, outputIndex: 0, checkIndex: 0, flags: 33554433, childFlags: 4308992, directChildFlags: 4308992, childMatchedQueries: 0, matchedQueries: Object({  }), matchedQueryIds: 0, references: Object({  }), ngContentIndex: null, childCount: 1, bindings: [  ], bindingFlags: 0, outputs: [  ], element: Object({ ns: '', name: 'app-outdoor-navigation-toolbar', attrs: [  ], template: null, componentProvider: Object({ nodeIndex: 1, parent: &lt;circular reference: Object&gt;, renderParent: &lt;circular reference: Object&gt;, bindingIndex: 0, outputIndex: 0, checkIndex: 1, flags: 4308992, childFlags: 0, directChildFlags: 0, childMatchedQueries: 0, matchedQueries: Object, matchedQue ...
    at &lt;Jasmine&gt;
    at NullInjector.push../node_modules/@angular/core/fesm5/core.js.NullInjector.get (http://localhost:9876/_karma_webpack_/node_modules/@angular/core/fesm5/core.js:724:1)
    at resolveToken (http://localhost:9876/_karma_webpack_/node_modules/@angular/core/fesm5/core.js:2093:1)
    at tryResolveToken (http://localhost:9876/_karma_webpack_/node_modules/@angular/core/fesm5/core.js:2037:1)
    at StaticInjector.push../node_modules/@angular/core/fesm5/core.js.StaticInjector.get (http://localhost:9876/_karma_webpack_/node_modules/@angular/core/fesm5/core.js:1941:1)
    at resolveToken (http://localhost:9876/_karma_webpack_/node_modules/@angular/core/fesm5/core.js:2093:1)
    at tryResolveToken (http://localhost:9876/_karma_webpack_/node_modules/@angular/core/fesm5/core.js:2037:1)
    at StaticInjector.push../node_modules/@angular/core/fesm5/core.js.StaticInjector.get (http://localhost:9876/_karma_webpack_/node_modules/@angular/core/fesm5/core.js:1941:1)
    at resolveNgModuleDep (http://localhost:9876/_karma_webpack_/node_modules/@angular/core/fesm5/core.js:20895:1)
    at NgModuleRef_.push../node_modules/@angular/core/fesm5/core.js.NgModuleRef_.get (http://localhost:9876/_karma_webpack_/node_modules/@angular/core/fesm5/core.js:21584:1)
    at resolveDep (http://localhost:9876/_karma_webpack_/node_modules/@angular/core/fesm5/core.js:21955:1)
</failure>
    <failure type="">TypeError: Cannot read property 'latitude' of undefined
    at &lt;Jasmine&gt;
    at UserContext.&lt;anonymous&gt; (http://localhost:9876/_karma_webpack_/src/app/components/outdoor/outdoor-navigation-toolbar/outdoor-navigation-toolbar.component.spec.ts:108:31)
    at ZoneDelegate../node_modules/zone.js/dist/zone.js.ZoneDelegate.invoke (http://localhost:9876/_karma_webpack_/node_modules/zone.js/dist/zone.js:391:1)
    at ProxyZoneSpec.push../node_modules/zone.js/dist/zone-testing.js.ProxyZoneSpec.onInvoke (http://localhost:9876/_karma_webpack_/node_modules/zone.js/dist/zone-testing.js:308:1)
    at ZoneDelegate../node_modules/zone.js/dist/zone.js.ZoneDelegate.invoke (http://localhost:9876/_karma_webpack_/node_modules/zone.js/dist/zone.js:390:1)
    at Zone../node_modules/zone.js/dist/zone.js.Zone.run (http://localhost:9876/_karma_webpack_/node_modules/zone.js/dist/zone.js:150:1)
    at runInTestZone (http://localhost:9876/_karma_webpack_/node_modules/zone.js/dist/zone-testing.js:561:1)
    at UserContext.&lt;anonymous&gt; (http://localhost:9876/_karma_webpack_/node_modules/zone.js/dist/zone-testing.js:576:1)
    at &lt;Jasmine&gt;
</failure>
  </testcase>
  <testcase name="OutdoorNavigationToolbarComponent  test changeTravelMode" time="0.13" classname="HeadlessChrome_80_0_3987_(Mac_OS_X_10_15_3).OutdoorNavigationToolbarComponent ">
    <failure type="">NullInjectorError: StaticInjectorError(DynamicTestModule)[OutdoorNavigationToolbarComponent -&gt; SpeechRecognition]: 
  StaticInjectorError(Platform: core)[OutdoorNavigationToolbarComponent -&gt; SpeechRecognition]: 
    NullInjectorError: No provider for SpeechRecognition!
error properties: Object({ ngTempTokenPath: null, ngTokenPath: [ 'OutdoorNavigationToolbarComponent', Function ], ngDebugContext: DebugContext_({ view: Object({ def: Object({ factory: Function, nodeFlags: 37863425, rootNodeFlags: 33554433, nodeMatchedQueries: 0, flags: 0, nodes: [ Object({ nodeIndex: 0, parent: null, renderParent: null, bindingIndex: 0, outputIndex: 0, checkIndex: 0, flags: 33554433, childFlags: 4308992, directChildFlags: 4308992, childMatchedQueries: 0, matchedQueries: Object({  }), matchedQueryIds: 0, references: Object({  }), ngContentIndex: null, childCount: 1, bindings: [  ], bindingFlags: 0, outputs: [  ], element: Object({ ns: '', name: 'app-outdoor-navigation-toolbar', attrs: [  ], template: null, componentProvider: Object({ nodeIndex: 1, parent: &lt;circular reference: Object&gt;, renderParent: &lt;circular reference: Object&gt;, bindingIndex: 0, outputIndex: 0, checkIndex: 1, flags: 4308992, childFlags: 0, directChildFlags: 0, childMatchedQueries: 0, matchedQueries: Object, matchedQue ...
    at &lt;Jasmine&gt;
    at NullInjector.push../node_modules/@angular/core/fesm5/core.js.NullInjector.get (http://localhost:9876/_karma_webpack_/node_modules/@angular/core/fesm5/core.js:724:1)
    at resolveToken (http://localhost:9876/_karma_webpack_/node_modules/@angular/core/fesm5/core.js:2093:1)
    at tryResolveToken (http://localhost:9876/_karma_webpack_/node_modules/@angular/core/fesm5/core.js:2037:1)
    at StaticInjector.push../node_modules/@angular/core/fesm5/core.js.StaticInjector.get (http://localhost:9876/_karma_webpack_/node_modules/@angular/core/fesm5/core.js:1941:1)
    at resolveToken (http://localhost:9876/_karma_webpack_/node_modules/@angular/core/fesm5/core.js:2093:1)
    at tryResolveToken (http://localhost:9876/_karma_webpack_/node_modules/@angular/core/fesm5/core.js:2037:1)
    at StaticInjector.push../node_modules/@angular/core/fesm5/core.js.StaticInjector.get (http://localhost:9876/_karma_webpack_/node_modules/@angular/core/fesm5/core.js:1941:1)
    at resolveNgModuleDep (http://localhost:9876/_karma_webpack_/node_modules/@angular/core/fesm5/core.js:20895:1)
    at NgModuleRef_.push../node_modules/@angular/core/fesm5/core.js.NgModuleRef_.get (http://localhost:9876/_karma_webpack_/node_modules/@angular/core/fesm5/core.js:21584:1)
    at resolveDep (http://localhost:9876/_karma_webpack_/node_modules/@angular/core/fesm5/core.js:21955:1)
</failure>
    <failure type="">TypeError: Cannot read property 'changeTravelMode' of undefined
    at &lt;Jasmine&gt;
    at UserContext.&lt;anonymous&gt; (http://localhost:9876/_karma_webpack_/src/app/components/outdoor/outdoor-navigation-toolbar/outdoor-navigation-toolbar.component.spec.ts:119:15)
    at ZoneDelegate../node_modules/zone.js/dist/zone.js.ZoneDelegate.invoke (http://localhost:9876/_karma_webpack_/node_modules/zone.js/dist/zone.js:391:1)
    at ProxyZoneSpec.push../node_modules/zone.js/dist/zone-testing.js.ProxyZoneSpec.onInvoke (http://localhost:9876/_karma_webpack_/node_modules/zone.js/dist/zone-testing.js:308:1)
    at ZoneDelegate../node_modules/zone.js/dist/zone.js.ZoneDelegate.invoke (http://localhost:9876/_karma_webpack_/node_modules/zone.js/dist/zone.js:390:1)
    at Zone../node_modules/zone.js/dist/zone.js.Zone.run (http://localhost:9876/_karma_webpack_/node_modules/zone.js/dist/zone.js:150:1)
    at runInTestZone (http://localhost:9876/_karma_webpack_/node_modules/zone.js/dist/zone-testing.js:561:1)
    at UserContext.&lt;anonymous&gt; (http://localhost:9876/_karma_webpack_/node_modules/zone.js/dist/zone-testing.js:576:1)
    at &lt;Jasmine&gt;
</failure>
  </testcase>
  <testcase name="CalendarComponent should create" time="0.129" classname="HeadlessChrome_80_0_3987_(Mac_OS_X_10_15_3).CalendarComponent">
    <failure type="">  &lt;/ion-header&gt;
  &lt;h3 id="title"&gt;{{ [ERROR -&gt;]viewDate | calendarDate:(view + 'ViewTitle'): this.language }}&lt;/h3&gt;
  &lt;div class="outside-wrapper"&gt;
        class="buttondiv"
        mwlCalendarToday
        [ERROR -&gt;][(viewDate)]="viewDate"
        (viewDateChange)="closeOpenMonthViewDay()"
      &gt;
        (viewDateChange)="closeOpenMonthViewDay()"
      &gt;
        &lt;ion-label&gt;{{[ERROR -&gt;]'today'| translate}}&lt;/ion-label&gt;
      &lt;/button&gt;
      &lt;button class="buttondiv back"&gt;
error properties: Object({ ngSyntaxError: true, ngParseErrors: [ The pipe 'calendarDate' could not be found ("
 "): ng:///DynamicTestModule/CalendarComponent.html@16:20, Can't bind to 'viewDate' since it isn't a known property of 'button'. ("
"): ng:///DynamicTestModule/CalendarComponent.html@23:8, The pipe 'translate' could not be found ("
"): ng:///DynamicTestModule/CalendarComponent.html@26:21, Can't bind to 'view' since it isn't a known property of 'ion-icon'.
1. If 'ion-icon' is an Angular component and it has 'view' input, the ... ...
    at &lt;Jasmine&gt;
    at syntaxError (http://localhost:9876/_karma_webpack_/node_modules/@angular/compiler/fesm5/compiler.js:2420:1)
    at TemplateParser.push../node_modules/@angular/compiler/fesm5/compiler.js.TemplateParser.parse (http://localhost:9876/_karma_webpack_/node_modules/@angular/compiler/fesm5/compiler.js:11987:1)
    at JitCompiler.push../node_modules/@angular/compiler/fesm5/compiler.js.JitCompiler._parseTemplate (http://localhost:9876/_karma_webpack_/node_modules/@angular/compiler/fesm5/compiler.js:27259:1)
    at JitCompiler.push../node_modules/@angular/compiler/fesm5/compiler.js.JitCompiler._compileTemplate (http://localhost:9876/_karma_webpack_/node_modules/@angular/compiler/fesm5/compiler.js:27246:1)
    at http://localhost:9876/_karma_webpack_/node_modules/@angular/compiler/fesm5/compiler.js:27189:48
    at &lt;Jasmine&gt;
    at JitCompiler.push../node_modules/@angular/compiler/fesm5/compiler.js.JitCompiler._compileComponents (http://localhost:9876/_karma_webpack_/node_modules/@angular/compiler/fesm5/compiler.js:27189:1)
    at http://localhost:9876/_karma_webpack_/node_modules/@angular/compiler/fesm5/compiler.js:27107:1
    at Object.then (http://localhost:9876/_karma_webpack_/node_modules/@angular/compiler/fesm5/compiler.js:2411:33)
    at JitCompiler.push../node_modules/@angular/compiler/fesm5/compiler.js.JitCompiler._compileModuleAndAllComponents (http://localhost:9876/_karma_webpack_/node_modules/@angular/compiler/fesm5/compiler.js:27105:1)
</failure>
    <failure type="">Error: Expected undefined to be truthy.
    at &lt;Jasmine&gt;
    at UserContext.&lt;anonymous&gt; (http://localhost:9876/_karma_webpack_/src/app/components/popovers/calendar/calendar.component.spec.ts:22:23)
    at ZoneDelegate../node_modules/zone.js/dist/zone.js.ZoneDelegate.invoke (http://localhost:9876/_karma_webpack_/node_modules/zone.js/dist/zone.js:391:1)
    at ProxyZoneSpec.push../node_modules/zone.js/dist/zone-testing.js.ProxyZoneSpec.onInvoke (http://localhost:9876/_karma_webpack_/node_modules/zone.js/dist/zone-testing.js:308:1)
</failure>
  </testcase>
  <testcase name="DisplayCalendarsPopoverComponent should create" time="0.088" classname="HeadlessChrome_80_0_3987_(Mac_OS_X_10_15_3).DisplayCalendarsPopoverComponent">
    <failure type="">1. If 'ion-checkbox' is an Angular component and it has 'ngModel' input, then verify that it is part of this module.
2. If 'ion-checkbox' is a Web Component then add 'CUSTOM_ELEMENTS_SCHEMA' to the '@NgModule.schemas' of this component to suppress this message.
3. To allow any property add 'NO_ERRORS_SCHEMA' to the '@NgModule.schemas' of this component. ("&lt;ion-list&gt;
  &lt;ion-item *ngFor="let calendar of calendars"&gt;
Can't bind to 'ngModel' since it isn't a known property of 'ion-checkbox'.
1. If 'ion-checkbox' is an Angular component and it has 'ngModel' input, then verify that it is part of this module.
2. If 'ion-checkbox' is a Web Component then add 'CUSTOM_ELEMENTS_SCHEMA' to the '@NgModule.schemas' of this component to suppress this message.
3. To allow any property add 'NO_ERRORS_SCHEMA' to the '@NgModule.schemas' of this component. ("&lt;ion-list&gt;
  &lt;ion-item *ngFor="let calendar of calendars"&gt;
    &lt;ion-checkbox slot="end" [ERROR -&gt;][(ngModel)]="isChecked[calendar.summary].isChecked" (ionChange)="selectEvent()" [attr.style]="sanitiz"): ng:///DynamicTestModule/DisplayCalendarsPopoverComponent.html@2:29
error properties: Object({ ngSyntaxError: true, ngParseErrors: [ Can't bind to 'ngModel' since it isn't a known property of 'ion-checkbox'.
    &lt;ion-checkbox slot="end" [ERROR -&gt;][(ngModel)]="isChecked[calendar.summary].isChecked" (ionChange)="selectEvent()" [attr.style]="sanitiz"): ng:///DynamicTestModule/DisplayCalendarsPopoverComponent.html@2:29 ] })
Error: Template parse errors:
    at syntaxError (http://localhost:9876/_karma_webpack_/node_modules/@angular/compiler/fesm5/compiler.js:2420:1)
    at TemplateParser.push../node_modules/@angular/compiler/fesm5/compiler.js.TemplateParser.parse (http://localhost:9876/_karma_webpack_/node_modules/@angular/compiler/fesm5/compiler.js:11987:1)
    at JitCompiler.push../node_modules/@angular/compiler/fesm5/compiler.js.JitCompiler._parseTemplate (http://localhost:9876/_karma_webpack_/node_modules/@angular/compiler/fesm5/compiler.js:27259:1)
    at JitCompiler.push../node_modules/@angular/compiler/fesm5/compiler.js.JitCompiler._compileTemplate (http://localhost:9876/_karma_webpack_/node_modules/@angular/compiler/fesm5/compiler.js:27246:1)
    at http://localhost:9876/_karma_webpack_/node_modules/@angular/compiler/fesm5/compiler.js:27189:48
    at &lt;Jasmine&gt;
    at JitCompiler.push../node_modules/@angular/compiler/fesm5/compiler.js.JitCompiler._compileComponents (http://localhost:9876/_karma_webpack_/node_modules/@angular/compiler/fesm5/compiler.js:27189:1)
    at http://localhost:9876/_karma_webpack_/node_modules/@angular/compiler/fesm5/compiler.js:27107:1
    at Object.then (http://localhost:9876/_karma_webpack_/node_modules/@angular/compiler/fesm5/compiler.js:2411:33)
    at JitCompiler.push../node_modules/@angular/compiler/fesm5/compiler.js.JitCompiler._compileModuleAndAllComponents (http://localhost:9876/_karma_webpack_/node_modules/@angular/compiler/fesm5/compiler.js:27105:1)
</failure>
    <failure type="">Error: Expected undefined to be truthy.
    at &lt;Jasmine&gt;
    at UserContext.&lt;anonymous&gt; (http://localhost:9876/_karma_webpack_/src/app/components/popovers/display-calendars-popover/display-calendars-popover.component.spec.ts:22:23)
    at ZoneDelegate../node_modules/zone.js/dist/zone.js.ZoneDelegate.invoke (http://localhost:9876/_karma_webpack_/node_modules/zone.js/dist/zone.js:391:1)
    at ProxyZoneSpec.push../node_modules/zone.js/dist/zone-testing.js.ProxyZoneSpec.onInvoke (http://localhost:9876/_karma_webpack_/node_modules/zone.js/dist/zone-testing.js:308:1)
</failure>
  </testcase>
  <testcase name="IndoorPoiPopoverComponent should create" time="0.126" classname="HeadlessChrome_80_0_3987_(Mac_OS_X_10_15_3).IndoorPoiPopoverComponent">
    <failure type="">      &lt;img src="/assets/icon/bathroom.png" class="icon" /&gt;
      &lt;ion-label&gt;{{ [ERROR -&gt;]'bathroom' | translate }}&lt;/ion-label&gt;
      &lt;ion-toggle
              name="bathroom"
1. If 'ion-toggle' is an Angular component and it has 'ngModel' input, then verify that it is part of this module.
2. If 'ion-toggle' is a Web Component then add 'CUSTOM_ELEMENTS_SCHEMA' to the '@NgModule.schemas' of this component to suppress this message.
3. To allow any property add 'NO_ERRORS_SCHEMA' to the '@NgModule.schemas' of this component. ("
      &lt;ion-toggle
              name="bathroom"
              [ERROR -&gt;][(ngModel)]="bathroom"
              (ionChange)="togglePoi('bathroom', bathroom)"
The pipe 'translate' could not be found ("em class="poi-item"&gt;
      &lt;img src="/assets/icon/bathroom.png" class="icon" /&gt;
      &lt;ion-label&gt;{{ [ERROR -&gt;]'bathroom' | translate }}&lt;/ion-label&gt;
      &lt;ion-toggle
              name="bathroom"
"): ng:///DynamicTestModule/IndoorPoiPopoverComponent.html@4:20
Can't bind to 'ngModel' since it isn't a known property of 'ion-toggle'.
1. If 'ion-toggle' is an Angular component and it has 'ngModel' input, then verify that it is part of this module.
2. If 'ion-toggle' is a Web Component then add 'CUSTOM_ELEMENTS_SCHEMA' to the '@NgModule.schemas' of this component to suppress this message.
3. To allow any property add 'NO_ERRORS_SCHEMA' to the '@NgModule.schemas' of this component. ("
      &lt;ion-toggle
              name="bathroom"
              [ERROR -&gt;][(ngModel)]="bathroom"
              (ionChange)="togglePoi('bathroom', bathroom)"
      &gt;&lt;/ion-toggl"): ng:///DynamicTestModule/IndoorPoiPopoverComponent.html@7:14
The pipe 'translate' could not be found ("em class="poi-item"&gt;
      &lt;img src="/assets/icon/elevator.png" class="icon" /&gt;
      &lt;ion-label&gt;{{ [ERROR -&gt;]'elevators' | translate }}&lt;/ion-label&gt;
      &lt;ion-toggle
              name="elevators"
"): ng:///DynamicTestModule/IndoorPoiPopoverComponent.html@14:20
Can't bind to 'ngModel' since it isn't a known property of 'ion-toggle'.
1. If 'ion-toggle' is an Angular component and it has 'ngModel' input, then verify that it is part of this module.
2. If 'ion-toggle' is a Web Component then add 'CUSTOM_ELEMENTS_SCHEMA' to the '@NgModule.schemas' of this component to suppress this message.
3. To allow any property add 'NO_ERRORS_SCHEMA' to the '@NgModule.schemas' of this component. ("
      &lt;ion-toggle
              name="elevators"
              [ERROR -&gt;][(ngModel)]="elevators"
              (ionChange)="togglePoi('elevators', elevators)"
      &gt;&lt;/ion-to"): ng:///DynamicTestModule/IndoorPoiPopoverComponent.html@17:14
The pipe 'translate' could not be found ("item class="poi-item"&gt;
      &lt;img src="/assets/icon/stairs.png" class="icon" /&gt;
      &lt;ion-label&gt;{{ [ERROR -&gt;]'stairs' | translate }}&lt;/ion-label&gt;
      &lt;ion-toggle
              name="stairs"
"): ng:///DynamicTestModule/IndoorPoiPopoverComponent.html@24:20
Can't bind to 'ngModel' since it isn't a known property of 'ion-toggle'.
1. If 'ion-toggle' is an Angular component and it has 'ngModel' input, then verify that it is part of this module.
2. If 'ion-toggle' is a Web Component then add 'CUSTOM_ELEMENTS_SCHEMA' to the '@NgModule.schemas' of this component to suppress this message.
3. To allow any property add 'NO_ERRORS_SCHEMA' to the '@NgModule.schemas' of this component. ("
      &lt;ion-toggle
              name="stairs"
              [ERROR -&gt;][(ngModel)]="stairs"
              (ionChange)="togglePoi('stairs', stairs)"
      &gt;&lt;/ion-toggle&gt;
"): ng:///DynamicTestModule/IndoorPoiPopoverComponent.html@27:14
The pipe 'translate' could not be found ("m class="poi-item"&gt;
      &lt;img src="/assets/icon/escalator.png" class="icon" /&gt;
      &lt;ion-label&gt;{{ [ERROR -&gt;]'escalator' | translate }}&lt;/ion-label&gt;
      &lt;ion-toggle
              name="escalator"
"): ng:///DynamicTestModule/IndoorPoiPopoverComponent.html@34:20
Can't bind to 'ngModel' since it isn't a known property of 'ion-toggle'.
1. If 'ion-toggle' is an Angular component and it has 'ngModel' input, then verify that it is part of this module.
2. If 'ion-toggle' is a Web Component then add 'CUSTOM_ELEMENTS_SCHEMA' to the '@NgModule.schemas' of this component to suppress this message.
3. To allow any property add 'NO_ERRORS_SCHEMA' to the '@NgModule.schemas' of this component. ("
      &lt;ion-toggle
              name="escalator"
              [ERROR -&gt;][(ngModel)]="escalator"
              (ionChange)="togglePoi('escalator', escalator)"
      &gt;&lt;/ion-to"): ng:///DynamicTestModule/IndoorPoiPopoverComponent.html@37:14
The pipe 'translate' could not be found (" class="poi-item"&gt;
      &lt;img src="/assets/icon/emerg-exit.png" class="icon" /&gt;
      &lt;ion-label&gt;{{ [ERROR -&gt;]'fire-exit' | translate}}&lt;/ion-label&gt;
      &lt;ion-toggle
              name="fireExit"
"): ng:///DynamicTestModule/IndoorPoiPopoverComponent.html@43:20
Can't bind to 'ngModel' since it isn't a known property of 'ion-toggle'.
1. If 'ion-toggle' is an Angular component and it has 'ngModel' input, then verify that it is part of this module.
2. If 'ion-toggle' is a Web Component then add 'CUSTOM_ELEMENTS_SCHEMA' to the '@NgModule.schemas' of this component to suppress this message.
3. To allow any property add 'NO_ERRORS_SCHEMA' to the '@NgModule.schemas' of this component. ("
      &lt;ion-toggle
              name="fireExit"
              [ERROR -&gt;][(ngModel)]="fireExit"
              (ionChange)="togglePoi('fireExit', fireExit)"
      &gt;&lt;/ion-toggl"): ng:///DynamicTestModule/IndoorPoiPopoverComponent.html@46:14
The pipe 'translate' could not be found ("uilding === 'jmsb'"&gt;
      &lt;img src="/assets/icon/entrance.png" class="icon" /&gt;
      &lt;ion-label&gt;{{ [ERROR -&gt;]'entrance' | translate}}&lt;/ion-label&gt;
      &lt;ion-toggle
              name ="entrance"
"): ng:///DynamicTestModule/IndoorPoiPopoverComponent.html@52:20
Can't bind to 'ngModel' since it isn't a known property of 'ion-toggle'.
1. If 'ion-toggle' is an Angular component and it has 'ngModel' input, then verify that it is part of this module.
2. If 'ion-toggle' is a Web Component then add 'CUSTOM_ELEMENTS_SCHEMA' to the '@NgModule.schemas' of this component to suppress this message.
3. To allow any property add 'NO_ERRORS_SCHEMA' to the '@NgModule.schemas' of this component. ("
      &lt;ion-toggle
              name ="entrance"
              [ERROR -&gt;][(ngModel)]="entrance"
              (ionChange)="togglePoi('entrance', entrance)"
      &gt;&lt;/ion-toggl"): ng:///DynamicTestModule/IndoorPoiPopoverComponent.html@55:14
error properties: Object({ ngSyntaxError: true, ngParseErrors: [ The pipe 'translate' could not be found ("em class="poi-item"&gt;
"): ng:///DynamicTestModule/IndoorPoiPopoverComponent.html@4:20, Can't bind to 'ngModel' since it isn't a known property of 'ion-toggle'.
      &gt;&lt;/ion-toggl"): ng:///DynamicTestModule/IndoorPoiPopoverC ... ...
Error: Template parse errors:
    at syntaxError (http://localhost:9876/_karma_webpack_/node_modules/@angular/compiler/fesm5/compiler.js:2420:1)
    at TemplateParser.push../node_modules/@angular/compiler/fesm5/compiler.js.TemplateParser.parse (http://localhost:9876/_karma_webpack_/node_modules/@angular/compiler/fesm5/compiler.js:11987:1)
    at JitCompiler.push../node_modules/@angular/compiler/fesm5/compiler.js.JitCompiler._parseTemplate (http://localhost:9876/_karma_webpack_/node_modules/@angular/compiler/fesm5/compiler.js:27259:1)
    at JitCompiler.push../node_modules/@angular/compiler/fesm5/compiler.js.JitCompiler._compileTemplate (http://localhost:9876/_karma_webpack_/node_modules/@angular/compiler/fesm5/compiler.js:27246:1)
    at http://localhost:9876/_karma_webpack_/node_modules/@angular/compiler/fesm5/compiler.js:27189:48
    at &lt;Jasmine&gt;
    at JitCompiler.push../node_modules/@angular/compiler/fesm5/compiler.js.JitCompiler._compileComponents (http://localhost:9876/_karma_webpack_/node_modules/@angular/compiler/fesm5/compiler.js:27189:1)
    at http://localhost:9876/_karma_webpack_/node_modules/@angular/compiler/fesm5/compiler.js:27107:1
    at Object.then (http://localhost:9876/_karma_webpack_/node_modules/@angular/compiler/fesm5/compiler.js:2411:33)
    at JitCompiler.push../node_modules/@angular/compiler/fesm5/compiler.js.JitCompiler._compileModuleAndAllComponents (http://localhost:9876/_karma_webpack_/node_modules/@angular/compiler/fesm5/compiler.js:27105:1)
</failure>
    <failure type="">Error: Expected undefined to be truthy.
    at &lt;Jasmine&gt;
    at UserContext.&lt;anonymous&gt; (http://localhost:9876/_karma_webpack_/src/app/components/popovers/indoor-poi-popover/indoor-poi-popover.component.spec.ts:22:23)
    at ZoneDelegate../node_modules/zone.js/dist/zone.js.ZoneDelegate.invoke (http://localhost:9876/_karma_webpack_/node_modules/zone.js/dist/zone.js:391:1)
    at ProxyZoneSpec.push../node_modules/zone.js/dist/zone-testing.js.ProxyZoneSpec.onInvoke (http://localhost:9876/_karma_webpack_/node_modules/zone.js/dist/zone-testing.js:308:1)
</failure>
  </testcase>
  <testcase name="InfoPopoverComponent  should create" time="0.088" classname="HeadlessChrome_80_0_3987_(Mac_OS_X_10_15_3).InfoPopoverComponent "/>
  <testcase name="PoiPopoverComponent  should create" time="0.098" classname="HeadlessChrome_80_0_3987_(Mac_OS_X_10_15_3).PoiPopoverComponent "/>
  <testcase name="RoomSelectorPopoverComponent  should create" time="0.149" classname="HeadlessChrome_80_0_3987_(Mac_OS_X_10_15_3).RoomSelectorPopoverComponent ">
    <failure type="">NullInjectorError: StaticInjectorError(DynamicTestModule)[RoomSelectorPopoverComponent -&gt; NavParams]: 
  StaticInjectorError(Platform: core)[RoomSelectorPopoverComponent -&gt; NavParams]: 
    NullInjectorError: No provider for NavParams!
error properties: Object({ ngTempTokenPath: null, ngTokenPath: [ 'RoomSelectorPopoverComponent', Function ], ngDebugContext: DebugContext_({ view: Object({ def: Object({ factory: Function, nodeFlags: 33669121, rootNodeFlags: 33554433, nodeMatchedQueries: 0, flags: 0, nodes: [ Object({ nodeIndex: 0, parent: null, renderParent: null, bindingIndex: 0, outputIndex: 0, checkIndex: 0, flags: 33554433, childFlags: 114688, directChildFlags: 114688, childMatchedQueries: 0, matchedQueries: Object({  }), matchedQueryIds: 0, references: Object({  }), ngContentIndex: null, childCount: 1, bindings: [  ], bindingFlags: 0, outputs: [  ], element: Object({ ns: '', name: 'room-selector-popover', attrs: [  ], template: null, componentProvider: Object({ nodeIndex: 1, parent: &lt;circular reference: Object&gt;, renderParent: &lt;circular reference: Object&gt;, bindingIndex: 0, outputIndex: 0, checkIndex: 1, flags: 114688, childFlags: 0, directChildFlags: 0, childMatchedQueries: 0, matchedQueries: Object, matchedQueryIds: 0, references ...
    at &lt;Jasmine&gt;
    at NullInjector.push../node_modules/@angular/core/fesm5/core.js.NullInjector.get (http://localhost:9876/_karma_webpack_/node_modules/@angular/core/fesm5/core.js:724:1)
    at resolveToken (http://localhost:9876/_karma_webpack_/node_modules/@angular/core/fesm5/core.js:2093:1)
    at tryResolveToken (http://localhost:9876/_karma_webpack_/node_modules/@angular/core/fesm5/core.js:2037:1)
    at StaticInjector.push../node_modules/@angular/core/fesm5/core.js.StaticInjector.get (http://localhost:9876/_karma_webpack_/node_modules/@angular/core/fesm5/core.js:1941:1)
    at resolveToken (http://localhost:9876/_karma_webpack_/node_modules/@angular/core/fesm5/core.js:2093:1)
    at tryResolveToken (http://localhost:9876/_karma_webpack_/node_modules/@angular/core/fesm5/core.js:2037:1)
    at StaticInjector.push../node_modules/@angular/core/fesm5/core.js.StaticInjector.get (http://localhost:9876/_karma_webpack_/node_modules/@angular/core/fesm5/core.js:1941:1)
    at resolveNgModuleDep (http://localhost:9876/_karma_webpack_/node_modules/@angular/core/fesm5/core.js:20895:1)
    at NgModuleRef_.push../node_modules/@angular/core/fesm5/core.js.NgModuleRef_.get (http://localhost:9876/_karma_webpack_/node_modules/@angular/core/fesm5/core.js:21584:1)
    at resolveDep (http://localhost:9876/_karma_webpack_/node_modules/@angular/core/fesm5/core.js:21955:1)
</failure>
    <failure type="">Error: Expected undefined to be truthy.
    at &lt;Jasmine&gt;
    at UserContext.&lt;anonymous&gt; (http://localhost:9876/_karma_webpack_/src/app/components/popovers/room-selector-popover/room-selector-popover.component.spec.ts:71:23)
    at ZoneDelegate../node_modules/zone.js/dist/zone.js.ZoneDelegate.invoke (http://localhost:9876/_karma_webpack_/node_modules/zone.js/dist/zone.js:391:1)
    at ProxyZoneSpec.push../node_modules/zone.js/dist/zone-testing.js.ProxyZoneSpec.onInvoke (http://localhost:9876/_karma_webpack_/node_modules/zone.js/dist/zone-testing.js:308:1)
</failure>
  </testcase>
  <testcase name="SearchPopoverComponent  should create" time="0.108" classname="HeadlessChrome_80_0_3987_(Mac_OS_X_10_15_3).SearchPopoverComponent "/>
  <testcase name="TimeFooterComponent  should create" time="0.169" classname="HeadlessChrome_80_0_3987_(Mac_OS_X_10_15_3).TimeFooterComponent "/>
  <testcase name="SettingsOptionsComponent should create" time="0.071" classname="HeadlessChrome_80_0_3987_(Mac_OS_X_10_15_3).SettingsOptionsComponent">
    <failure type="">Failed: StaticInjectorError(DynamicTestModule)[NativeStorage]: 
  StaticInjectorError(Platform: core)[NativeStorage]: 
    NullInjectorError: No provider for NativeStorage!
error properties: Object({ ngTempTokenPath: null, ngTokenPath: [ Function ], ngDebugContext: DebugContext_({ view: Object({ def: Object({ factory: Function, nodeFlags: 33669121, rootNodeFlags: 33554433, nodeMatchedQueries: 0, flags: 0, nodes: [ Object({ nodeIndex: 0, parent: null, renderParent: null, bindingIndex: 0, outputIndex: 0, checkIndex: 0, flags: 33554433, childFlags: 114688, directChildFlags: 114688, childMatchedQueries: 0, matchedQueries: Object({  }), matchedQueryIds: 0, references: Object({  }), ngContentIndex: null, childCount: 1, bindings: [  ], bindingFlags: 0, outputs: [  ], element: Object({ ns: '', name: 'app-settings-options', attrs: [  ], template: null, componentProvider: Object({ nodeIndex: 1, parent: &lt;circular reference: Object&gt;, renderParent: &lt;circular reference: Object&gt;, bindingIndex: 0, outputIndex: 0, checkIndex: 1, flags: 114688, childFlags: 0, directChildFlags: 0, childMatchedQueries: 0, matchedQueries: Object, matchedQueryIds: 0, references: Object, ngContentIndex: -1,  ...
    at &lt;Jasmine&gt;
    at NullInjector.push../node_modules/@angular/core/fesm5/core.js.NullInjector.get (http://localhost:9876/_karma_webpack_/node_modules/@angular/core/fesm5/core.js:724:1)
    at resolveToken (http://localhost:9876/_karma_webpack_/node_modules/@angular/core/fesm5/core.js:2093:1)
    at tryResolveToken (http://localhost:9876/_karma_webpack_/node_modules/@angular/core/fesm5/core.js:2037:1)
    at StaticInjector.push../node_modules/@angular/core/fesm5/core.js.StaticInjector.get (http://localhost:9876/_karma_webpack_/node_modules/@angular/core/fesm5/core.js:1941:1)
    at resolveToken (http://localhost:9876/_karma_webpack_/node_modules/@angular/core/fesm5/core.js:2093:1)
    at tryResolveToken (http://localhost:9876/_karma_webpack_/node_modules/@angular/core/fesm5/core.js:2037:1)
    at StaticInjector.push../node_modules/@angular/core/fesm5/core.js.StaticInjector.get (http://localhost:9876/_karma_webpack_/node_modules/@angular/core/fesm5/core.js:1941:1)
    at resolveNgModuleDep (http://localhost:9876/_karma_webpack_/node_modules/@angular/core/fesm5/core.js:20895:1)
    at NgModuleRef_.push../node_modules/@angular/core/fesm5/core.js.NgModuleRef_.get (http://localhost:9876/_karma_webpack_/node_modules/@angular/core/fesm5/core.js:21584:1)
    at injectInjectorOnly (http://localhost:9876/_karma_webpack_/node_modules/@angular/core/fesm5/core.js:627:1)
</failure>
    <failure type="">Error: Expected undefined to be truthy.
    at &lt;Jasmine&gt;
    at UserContext.&lt;anonymous&gt; (http://localhost:9876/_karma_webpack_/src/app/components/settings-options/settings-options.component.spec.ts:64:23)
    at ZoneDelegate../node_modules/zone.js/dist/zone.js.ZoneDelegate.invoke (http://localhost:9876/_karma_webpack_/node_modules/zone.js/dist/zone.js:391:1)
    at ProxyZoneSpec.push../node_modules/zone.js/dist/zone-testing.js.ProxyZoneSpec.onInvoke (http://localhost:9876/_karma_webpack_/node_modules/zone.js/dist/zone-testing.js:308:1)
</failure>
  </testcase>
  <testcase name="SettingsToolbarComponent  should create" time="0.112" classname="HeadlessChrome_80_0_3987_(Mac_OS_X_10_15_3).SettingsToolbarComponent "/>
  <testcase name="IndoorViewPage  should create" time="0.094" classname="HeadlessChrome_80_0_3987_(Mac_OS_X_10_15_3).IndoorViewPage "/>
  <testcase name="OutdoorViewPage  should create" time="0.106" classname="HeadlessChrome_80_0_3987_(Mac_OS_X_10_15_3).OutdoorViewPage "/>
  <testcase name="SettingsPage should create" time="0.02" classname="HeadlessChrome_80_0_3987_(Mac_OS_X_10_15_3).SettingsPage"/>
  <testcase name="Buildinginfo should create an instance" time="0" classname="HeadlessChrome_80_0_3987_(Mac_OS_X_10_15_3).Buildinginfo"/>
  <testcase name="Coordinates should create an instance" time="0" classname="HeadlessChrome_80_0_3987_(Mac_OS_X_10_15_3).Coordinates"/>
  <testcase name="DataSharingService should be created" time="0.005" classname="HeadlessChrome_80_0_3987_(Mac_OS_X_10_15_3).DataSharingService"/>
  <testcase name="DirectionService should be created" time="0.004" classname="HeadlessChrome_80_0_3987_(Mac_OS_X_10_15_3).DirectionService"/>
  <testcase name="DirectionsManagerService should be created" time="0.028" classname="HeadlessChrome_80_0_3987_(Mac_OS_X_10_15_3).DirectionsManagerService">
    <failure type="">NullInjectorError: StaticInjectorError(DynamicTestModule)[DirectionsManagerService -&gt; Router]: 
  StaticInjectorError(Platform: core)[DirectionsManagerService -&gt; Router]: 
    NullInjectorError: No provider for Router!
error properties: Object({ ngTempTokenPath: null, ngTokenPath: [ 'DirectionsManagerService', Function ] })
    at &lt;Jasmine&gt;
    at NullInjector.push../node_modules/@angular/core/fesm5/core.js.NullInjector.get (http://localhost:9876/_karma_webpack_/node_modules/@angular/core/fesm5/core.js:724:1)
    at resolveToken (http://localhost:9876/_karma_webpack_/node_modules/@angular/core/fesm5/core.js:2093:1)
    at tryResolveToken (http://localhost:9876/_karma_webpack_/node_modules/@angular/core/fesm5/core.js:2037:1)
    at StaticInjector.push../node_modules/@angular/core/fesm5/core.js.StaticInjector.get (http://localhost:9876/_karma_webpack_/node_modules/@angular/core/fesm5/core.js:1941:1)
    at resolveToken (http://localhost:9876/_karma_webpack_/node_modules/@angular/core/fesm5/core.js:2093:1)
    at tryResolveToken (http://localhost:9876/_karma_webpack_/node_modules/@angular/core/fesm5/core.js:2037:1)
    at StaticInjector.push../node_modules/@angular/core/fesm5/core.js.StaticInjector.get (http://localhost:9876/_karma_webpack_/node_modules/@angular/core/fesm5/core.js:1941:1)
    at resolveNgModuleDep (http://localhost:9876/_karma_webpack_/node_modules/@angular/core/fesm5/core.js:20895:1)
    at _createClass (http://localhost:9876/_karma_webpack_/node_modules/@angular/core/fesm5/core.js:20948:1)
    at _createProviderInstance (http://localhost:9876/_karma_webpack_/node_modules/@angular/core/fesm5/core.js:20912:1)
</failure>
  </testcase>
  <testcase name="GeolocationServices should be created" time="0.011" classname="HeadlessChrome_80_0_3987_(Mac_OS_X_10_15_3).GeolocationServices"/>
  <testcase name="GoogleOauthService should be created" time="0.006" classname="HeadlessChrome_80_0_3987_(Mac_OS_X_10_15_3).GoogleOauthService">
    <failure type="">NullInjectorError: StaticInjectorError(DynamicTestModule)[NativeStorage]: 
  StaticInjectorError(Platform: core)[NativeStorage]: 
    NullInjectorError: No provider for NativeStorage!
error properties: Object({ ngTempTokenPath: null, ngTokenPath: [ Function ] })
    at &lt;Jasmine&gt;
    at NullInjector.push../node_modules/@angular/core/fesm5/core.js.NullInjector.get (http://localhost:9876/_karma_webpack_/node_modules/@angular/core/fesm5/core.js:724:1)
    at resolveToken (http://localhost:9876/_karma_webpack_/node_modules/@angular/core/fesm5/core.js:2093:1)
    at tryResolveToken (http://localhost:9876/_karma_webpack_/node_modules/@angular/core/fesm5/core.js:2037:1)
    at StaticInjector.push../node_modules/@angular/core/fesm5/core.js.StaticInjector.get (http://localhost:9876/_karma_webpack_/node_modules/@angular/core/fesm5/core.js:1941:1)
    at resolveToken (http://localhost:9876/_karma_webpack_/node_modules/@angular/core/fesm5/core.js:2093:1)
    at tryResolveToken (http://localhost:9876/_karma_webpack_/node_modules/@angular/core/fesm5/core.js:2037:1)
    at StaticInjector.push../node_modules/@angular/core/fesm5/core.js.StaticInjector.get (http://localhost:9876/_karma_webpack_/node_modules/@angular/core/fesm5/core.js:1941:1)
    at resolveNgModuleDep (http://localhost:9876/_karma_webpack_/node_modules/@angular/core/fesm5/core.js:20895:1)
    at NgModuleRef_.push../node_modules/@angular/core/fesm5/core.js.NgModuleRef_.get (http://localhost:9876/_karma_webpack_/node_modules/@angular/core/fesm5/core.js:21584:1)
    at injectInjectorOnly (http://localhost:9876/_karma_webpack_/node_modules/@angular/core/fesm5/core.js:627:1)
</failure>
  </testcase>
  <testcase name="HttpclientService should be created" time="0.006" classname="HeadlessChrome_80_0_3987_(Mac_OS_X_10_15_3).HttpclientService">
    <failure type="">NullInjectorError: StaticInjectorError(DynamicTestModule)[HTTP]: 
  StaticInjectorError(Platform: core)[HTTP]: 
    NullInjectorError: No provider for HTTP!
error properties: Object({ ngTempTokenPath: null, ngTokenPath: [ Function ] })
    at &lt;Jasmine&gt;
    at NullInjector.push../node_modules/@angular/core/fesm5/core.js.NullInjector.get (http://localhost:9876/_karma_webpack_/node_modules/@angular/core/fesm5/core.js:724:1)
    at resolveToken (http://localhost:9876/_karma_webpack_/node_modules/@angular/core/fesm5/core.js:2093:1)
    at tryResolveToken (http://localhost:9876/_karma_webpack_/node_modules/@angular/core/fesm5/core.js:2037:1)
    at StaticInjector.push../node_modules/@angular/core/fesm5/core.js.StaticInjector.get (http://localhost:9876/_karma_webpack_/node_modules/@angular/core/fesm5/core.js:1941:1)
    at resolveToken (http://localhost:9876/_karma_webpack_/node_modules/@angular/core/fesm5/core.js:2093:1)
    at tryResolveToken (http://localhost:9876/_karma_webpack_/node_modules/@angular/core/fesm5/core.js:2037:1)
    at StaticInjector.push../node_modules/@angular/core/fesm5/core.js.StaticInjector.get (http://localhost:9876/_karma_webpack_/node_modules/@angular/core/fesm5/core.js:1941:1)
    at resolveNgModuleDep (http://localhost:9876/_karma_webpack_/node_modules/@angular/core/fesm5/core.js:20895:1)
    at NgModuleRef_.push../node_modules/@angular/core/fesm5/core.js.NgModuleRef_.get (http://localhost:9876/_karma_webpack_/node_modules/@angular/core/fesm5/core.js:21584:1)
    at injectInjectorOnly (http://localhost:9876/_karma_webpack_/node_modules/@angular/core/fesm5/core.js:627:1)
</failure>
  </testcase>
  <testcase name="IndoorPoiService should be created" time="0.004" classname="HeadlessChrome_80_0_3987_(Mac_OS_X_10_15_3).IndoorPoiService"/>
  <testcase name="IndoorDirectionsService should be created" time="0.022" classname="HeadlessChrome_80_0_3987_(Mac_OS_X_10_15_3).IndoorDirectionsService"/>
  <testcase name="PoiServices should be created" time="0.026" classname="HeadlessChrome_80_0_3987_(Mac_OS_X_10_15_3).PoiServices"/>
  <testcase name="SqliteService should be created" time="0.004" classname="HeadlessChrome_80_0_3987_(Mac_OS_X_10_15_3).SqliteService">
    <failure type="">NullInjectorError: StaticInjectorError(DynamicTestModule)[SQLite]: 
  StaticInjectorError(Platform: core)[SQLite]: 
    NullInjectorError: No provider for SQLite!
error properties: Object({ ngTempTokenPath: null, ngTokenPath: [ Function ] })
    at &lt;Jasmine&gt;
    at NullInjector.push../node_modules/@angular/core/fesm5/core.js.NullInjector.get (http://localhost:9876/_karma_webpack_/node_modules/@angular/core/fesm5/core.js:724:1)
    at resolveToken (http://localhost:9876/_karma_webpack_/node_modules/@angular/core/fesm5/core.js:2093:1)
    at tryResolveToken (http://localhost:9876/_karma_webpack_/node_modules/@angular/core/fesm5/core.js:2037:1)
    at StaticInjector.push../node_modules/@angular/core/fesm5/core.js.StaticInjector.get (http://localhost:9876/_karma_webpack_/node_modules/@angular/core/fesm5/core.js:1941:1)
    at resolveToken (http://localhost:9876/_karma_webpack_/node_modules/@angular/core/fesm5/core.js:2093:1)
    at tryResolveToken (http://localhost:9876/_karma_webpack_/node_modules/@angular/core/fesm5/core.js:2037:1)
    at StaticInjector.push../node_modules/@angular/core/fesm5/core.js.StaticInjector.get (http://localhost:9876/_karma_webpack_/node_modules/@angular/core/fesm5/core.js:1941:1)
    at resolveNgModuleDep (http://localhost:9876/_karma_webpack_/node_modules/@angular/core/fesm5/core.js:20895:1)
    at NgModuleRef_.push../node_modules/@angular/core/fesm5/core.js.NgModuleRef_.get (http://localhost:9876/_karma_webpack_/node_modules/@angular/core/fesm5/core.js:21584:1)
    at injectInjectorOnly (http://localhost:9876/_karma_webpack_/node_modules/@angular/core/fesm5/core.js:627:1)
</failure>
  </testcase>
  <testcase name="StringHelperService should be created" time="0.012" classname="HeadlessChrome_80_0_3987_(Mac_OS_X_10_15_3).StringHelperService"/>
  <testcase name="TranslationService should be created" time="0.009" classname="HeadlessChrome_80_0_3987_(Mac_OS_X_10_15_3).TranslationService"/>
  <testcase name="UserServices should be created" time="0.039" classname="HeadlessChrome_80_0_3987_(Mac_OS_X_10_15_3).UserServices"/>
  <system-out>
    <![CDATA[HeadlessChrome 80.0.3987 (Mac OS X 10.15.3) WARN: '[DEPRECATION][Events]: The Events provider is deprecated and it will be removed in the next major release.
  - Use "Observables" for a similar pub/sub architecture: https://angular.io/guide/observables
  - Use "Redux" for advanced state management: https://ngrx.io'
,HeadlessChrome 80.0.3987 (Mac OS X 10.15.3) WARN: '[DEPRECATION][Events]: The Events provider is deprecated and it will be removed in the next major release.
  - Use "Observables" for a similar pub/sub architecture: https://angular.io/guide/observables
  - Use "Redux" for advanced state management: https://ngrx.io'
,HeadlessChrome 80.0.3987 (Mac OS X 10.15.3) WARN: '[DEPRECATION][Events]: The Events provider is deprecated and it will be removed in the next major release.
  - Use "Observables" for a similar pub/sub architecture: https://angular.io/guide/observables
  - Use "Redux" for advanced state management: https://ngrx.io'
,HeadlessChrome 80.0.3987 (Mac OS X 10.15.3) WARN: '[DEPRECATION][Events]: The Events provider is deprecated and it will be removed in the next major release.
  - Use "Observables" for a similar pub/sub architecture: https://angular.io/guide/observables
  - Use "Redux" for advanced state management: https://ngrx.io'
,HeadlessChrome 80.0.3987 (Mac OS X 10.15.3) WARN: '[DEPRECATION][Events]: The Events provider is deprecated and it will be removed in the next major release.
  - Use "Observables" for a similar pub/sub architecture: https://angular.io/guide/observables
  - Use "Redux" for advanced state management: https://ngrx.io'
,HeadlessChrome 80.0.3987 (Mac OS X 10.15.3) WARN: '[DEPRECATION][Events]: The Events provider is deprecated and it will be removed in the next major release.
  - Use "Observables" for a similar pub/sub architecture: https://angular.io/guide/observables
  - Use "Redux" for advanced state management: https://ngrx.io'
,HeadlessChrome 80.0.3987 (Mac OS X 10.15.3) WARN: '[DEPRECATION][Events]: The Events provider is deprecated and it will be removed in the next major release.
  - Use "Observables" for a similar pub/sub architecture: https://angular.io/guide/observables
  - Use "Redux" for advanced state management: https://ngrx.io'
,HeadlessChrome 80.0.3987 (Mac OS X 10.15.3) WARN: '[DEPRECATION][Events]: The Events provider is deprecated and it will be removed in the next major release.
  - Use "Observables" for a similar pub/sub architecture: https://angular.io/guide/observables
  - Use "Redux" for advanced state management: https://ngrx.io'
,HeadlessChrome 80.0.3987 (Mac OS X 10.15.3) WARN: '[DEPRECATION][Events]: The Events provider is deprecated and it will be removed in the next major release.
  - Use "Observables" for a similar pub/sub architecture: https://angular.io/guide/observables
  - Use "Redux" for advanced state management: https://ngrx.io'
,HeadlessChrome 80.0.3987 (Mac OS X 10.15.3) WARN: '[DEPRECATION][Events]: The Events provider is deprecated and it will be removed in the next major release.
  - Use "Observables" for a similar pub/sub architecture: https://angular.io/guide/observables
  - Use "Redux" for advanced state management: https://ngrx.io'
,HeadlessChrome 80.0.3987 (Mac OS X 10.15.3) WARN: '[DEPRECATION][Events]: The Events provider is deprecated and it will be removed in the next major release.
  - Use "Observables" for a similar pub/sub architecture: https://angular.io/guide/observables
  - Use "Redux" for advanced state management: https://ngrx.io'
,HeadlessChrome 80.0.3987 (Mac OS X 10.15.3) WARN: '[DEPRECATION][Events]: The Events provider is deprecated and it will be removed in the next major release.
  - Use "Observables" for a similar pub/sub architecture: https://angular.io/guide/observables
  - Use "Redux" for advanced state management: https://ngrx.io'
,HeadlessChrome 80.0.3987 (Mac OS X 10.15.3) WARN: '[DEPRECATION][Events]: The Events provider is deprecated and it will be removed in the next major release.
  - Use "Observables" for a similar pub/sub architecture: https://angular.io/guide/observables
  - Use "Redux" for advanced state management: https://ngrx.io'
,HeadlessChrome 80.0.3987 (Mac OS X 10.15.3) WARN: '[DEPRECATION][Events]: The Events provider is deprecated and it will be removed in the next major release.
  - Use "Observables" for a similar pub/sub architecture: https://angular.io/guide/observables
  - Use "Redux" for advanced state management: https://ngrx.io'
,HeadlessChrome 80.0.3987 (Mac OS X 10.15.3) WARN: '[DEPRECATION][Events]: The Events provider is deprecated and it will be removed in the next major release.
  - Use "Observables" for a similar pub/sub architecture: https://angular.io/guide/observables
  - Use "Redux" for advanced state management: https://ngrx.io'
,HeadlessChrome 80.0.3987 (Mac OS X 10.15.3) WARN: '[DEPRECATION][Events]: The Events provider is deprecated and it will be removed in the next major release.
  - Use "Observables" for a similar pub/sub architecture: https://angular.io/guide/observables
  - Use "Redux" for advanced state management: https://ngrx.io'
,HeadlessChrome 80.0.3987 (Mac OS X 10.15.3) WARN: 'Ionic Angular was already initialized. Make sure IonicModule.forRoot() is just called once.'
,HeadlessChrome 80.0.3987 (Mac OS X 10.15.3) WARN: '[DEPRECATION][Events]: The Events provider is deprecated and it will be removed in the next major release.
  - Use "Observables" for a similar pub/sub architecture: https://angular.io/guide/observables
  - Use "Redux" for advanced state management: https://ngrx.io'
,HeadlessChrome 80.0.3987 (Mac OS X 10.15.3) WARN: 'Ionic Angular was already initialized. Make sure IonicModule.forRoot() is just called once.'
,HeadlessChrome 80.0.3987 (Mac OS X 10.15.3) WARN: '[DEPRECATION][Events]: The Events provider is deprecated and it will be removed in the next major release.
  - Use "Observables" for a similar pub/sub architecture: https://angular.io/guide/observables
  - Use "Redux" for advanced state management: https://ngrx.io'
,HeadlessChrome 80.0.3987 (Mac OS X 10.15.3) WARN: 'Ionic Angular was already initialized. Make sure IonicModule.forRoot() is just called once.'
,HeadlessChrome 80.0.3987 (Mac OS X 10.15.3) WARN: '[DEPRECATION][Events]: The Events provider is deprecated and it will be removed in the next major release.
  - Use "Observables" for a similar pub/sub architecture: https://angular.io/guide/observables
  - Use "Redux" for advanced state management: https://ngrx.io'
,HeadlessChrome 80.0.3987 (Mac OS X 10.15.3) WARN: 'Ionic Angular was already initialized. Make sure IonicModule.forRoot() is just called once.'
,HeadlessChrome 80.0.3987 (Mac OS X 10.15.3) WARN: '[DEPRECATION][Events]: The Events provider is deprecated and it will be removed in the next major release.
  - Use "Observables" for a similar pub/sub architecture: https://angular.io/guide/observables
  - Use "Redux" for advanced state management: https://ngrx.io'
,HeadlessChrome 80.0.3987 (Mac OS X 10.15.3) ERROR: 'Unhandled Promise rejection:', 'No component factory found for RoomSelectorPopoverComponent. Did you add it to @NgModule.entryComponents?', '; Zone:', 'ProxyZone', '; Task:', 'Promise.then', '; Value:', Error: No component factory found for RoomSelectorPopoverComponent. Did you add it to @NgModule.entryComponents?
Error: No component factory found for RoomSelectorPopoverComponent. Did you add it to @NgModule.entryComponents?
    at noComponentFactoryError (http://localhost:9876/_karma_webpack_/node_modules/@angular/core/fesm5/core.js:18113:1)
    at CodegenComponentFactoryResolver.push../node_modules/@angular/core/fesm5/core.js.CodegenComponentFactoryResolver.resolveComponentFactory (http://localhost:9876/_karma_webpack_/node_modules/@angular/core/fesm5/core.js:18157:1)
    at attachView (http://localhost:9876/_karma_webpack_/node_modules/@ionic/angular/dist/fesm5.js:3212:1)
    at http://localhost:9876/_karma_webpack_/node_modules/@ionic/angular/dist/fesm5.js:3151:1
    at new ZoneAwarePromise (http://localhost:9876/_karma_webpack_/node_modules/zone.js/dist/zone.js:931:1)
    at http://localhost:9876/_karma_webpack_/node_modules/@ionic/angular/dist/fesm5.js:3145:1
    at ZoneDelegate../node_modules/zone.js/dist/zone.js.ZoneDelegate.invoke (http://localhost:9876/_karma_webpack_/node_modules/zone.js/dist/zone.js:391:1)
    at ProxyZoneSpec.push../node_modules/zone.js/dist/zone-testing.js.ProxyZoneSpec.onInvoke (http://localhost:9876/_karma_webpack_/node_modules/zone.js/dist/zone-testing.js:308:1)
    at ZoneDelegate../node_modules/zone.js/dist/zone.js.ZoneDelegate.invoke (http://localhost:9876/_karma_webpack_/node_modules/zone.js/dist/zone.js:390:1)
    at Object.onInvoke (http://localhost:9876/_karma_webpack_/node_modules/@angular/core/fesm5/core.js:26769:1), 'Error: No component factory found for RoomSelectorPopoverComponent. Did you add it to @NgModule.entryComponents?
    at noComponentFactoryError (http://localhost:9876/_karma_webpack_/node_modules/@angular/core/fesm5/core.js:18113:1)
    at CodegenComponentFactoryResolver.push../node_modules/@angular/core/fesm5/core.js.CodegenComponentFactoryResolver.resolveComponentFactory (http://localhost:9876/_karma_webpack_/node_modules/@angular/core/fesm5/core.js:18157:1)
    at attachView (http://localhost:9876/_karma_webpack_/node_modules/@ionic/angular/dist/fesm5.js:3212:1)
    at http://localhost:9876/_karma_webpack_/node_modules/@ionic/angular/dist/fesm5.js:3151:1
    at new ZoneAwarePromise (http://localhost:9876/_karma_webpack_/node_modules/zone.js/dist/zone.js:931:1)
    at http://localhost:9876/_karma_webpack_/node_modules/@ionic/angular/dist/fesm5.js:3145:1
    at ZoneDelegate../node_modules/zone.js/dist/zone.js.ZoneDelegate.invoke (http://localhost:9876/_karma_webpack_/node_modules/zone.js/dist/zone.js:391:1)
    at ProxyZoneSpec.push../node_modules/zone.js/dist/zone-testing.js.ProxyZoneSpec.onInvoke (http://localhost:9876/_karma_webpack_/node_modules/zone.js/dist/zone-testing.js:308:1)
    at ZoneDelegate../node_modules/zone.js/dist/zone.js.ZoneDelegate.invoke (http://localhost:9876/_karma_webpack_/node_modules/zone.js/dist/zone.js:390:1)
    at Object.onInvoke (http://localhost:9876/_karma_webpack_/node_modules/@angular/core/fesm5/core.js:26769:1)'
,HeadlessChrome 80.0.3987 (Mac OS X 10.15.3) ERROR: 'Unhandled Promise rejection:', 'No component factory found for InfoPopoverComponent. Did you add it to @NgModule.entryComponents?', '; Zone:', 'ProxyZone', '; Task:', 'Promise.then', '; Value:', Error: No component factory found for InfoPopoverComponent. Did you add it to @NgModule.entryComponents?
Error: No component factory found for InfoPopoverComponent. Did you add it to @NgModule.entryComponents?
    at noComponentFactoryError (http://localhost:9876/_karma_webpack_/node_modules/@angular/core/fesm5/core.js:18113:1)
    at CodegenComponentFactoryResolver.push../node_modules/@angular/core/fesm5/core.js.CodegenComponentFactoryResolver.resolveComponentFactory (http://localhost:9876/_karma_webpack_/node_modules/@angular/core/fesm5/core.js:18157:1)
    at attachView (http://localhost:9876/_karma_webpack_/node_modules/@ionic/angular/dist/fesm5.js:3212:1)
    at http://localhost:9876/_karma_webpack_/node_modules/@ionic/angular/dist/fesm5.js:3151:1
    at new ZoneAwarePromise (http://localhost:9876/_karma_webpack_/node_modules/zone.js/dist/zone.js:931:1)
    at http://localhost:9876/_karma_webpack_/node_modules/@ionic/angular/dist/fesm5.js:3145:1
    at ZoneDelegate../node_modules/zone.js/dist/zone.js.ZoneDelegate.invoke (http://localhost:9876/_karma_webpack_/node_modules/zone.js/dist/zone.js:391:1)
    at ProxyZoneSpec.push../node_modules/zone.js/dist/zone-testing.js.ProxyZoneSpec.onInvoke (http://localhost:9876/_karma_webpack_/node_modules/zone.js/dist/zone-testing.js:308:1)
    at ZoneDelegate../node_modules/zone.js/dist/zone.js.ZoneDelegate.invoke (http://localhost:9876/_karma_webpack_/node_modules/zone.js/dist/zone.js:390:1)
    at Object.onInvoke (http://localhost:9876/_karma_webpack_/node_modules/@angular/core/fesm5/core.js:26769:1), 'Error: No component factory found for InfoPopoverComponent. Did you add it to @NgModule.entryComponents?
    at noComponentFactoryError (http://localhost:9876/_karma_webpack_/node_modules/@angular/core/fesm5/core.js:18113:1)
    at CodegenComponentFactoryResolver.push../node_modules/@angular/core/fesm5/core.js.CodegenComponentFactoryResolver.resolveComponentFactory (http://localhost:9876/_karma_webpack_/node_modules/@angular/core/fesm5/core.js:18157:1)
    at attachView (http://localhost:9876/_karma_webpack_/node_modules/@ionic/angular/dist/fesm5.js:3212:1)
    at http://localhost:9876/_karma_webpack_/node_modules/@ionic/angular/dist/fesm5.js:3151:1
    at new ZoneAwarePromise (http://localhost:9876/_karma_webpack_/node_modules/zone.js/dist/zone.js:931:1)
    at http://localhost:9876/_karma_webpack_/node_modules/@ionic/angular/dist/fesm5.js:3145:1
    at ZoneDelegate../node_modules/zone.js/dist/zone.js.ZoneDelegate.invoke (http://localhost:9876/_karma_webpack_/node_modules/zone.js/dist/zone.js:391:1)
    at ProxyZoneSpec.push../node_modules/zone.js/dist/zone-testing.js.ProxyZoneSpec.onInvoke (http://localhost:9876/_karma_webpack_/node_modules/zone.js/dist/zone-testing.js:308:1)
    at ZoneDelegate../node_modules/zone.js/dist/zone.js.ZoneDelegate.invoke (http://localhost:9876/_karma_webpack_/node_modules/zone.js/dist/zone.js:390:1)
    at Object.onInvoke (http://localhost:9876/_karma_webpack_/node_modules/@angular/core/fesm5/core.js:26769:1)'
,HeadlessChrome 80.0.3987 (Mac OS X 10.15.3) WARN: '[DEPRECATION][Events]: The Events provider is deprecated and it will be removed in the next major release.
  - Use "Observables" for a similar pub/sub architecture: https://angular.io/guide/observables
  - Use "Redux" for advanced state management: https://ngrx.io'
,HeadlessChrome 80.0.3987 (Mac OS X 10.15.3) WARN: '[DEPRECATION][Events]: The Events provider is deprecated and it will be removed in the next major release.
  - Use "Observables" for a similar pub/sub architecture: https://angular.io/guide/observables
  - Use "Redux" for advanced state management: https://ngrx.io'
,HeadlessChrome 80.0.3987 (Mac OS X 10.15.3) WARN: '[DEPRECATION][Events]: The Events provider is deprecated and it will be removed in the next major release.
  - Use "Observables" for a similar pub/sub architecture: https://angular.io/guide/observables
  - Use "Redux" for advanced state management: https://ngrx.io'
,HeadlessChrome 80.0.3987 (Mac OS X 10.15.3) WARN: '[DEPRECATION][Events]: The Events provider is deprecated and it will be removed in the next major release.
  - Use "Observables" for a similar pub/sub architecture: https://angular.io/guide/observables
  - Use "Redux" for advanced state management: https://ngrx.io'
,HeadlessChrome 80.0.3987 (Mac OS X 10.15.3) WARN: '[DEPRECATION][Events]: The Events provider is deprecated and it will be removed in the next major release.
  - Use "Observables" for a similar pub/sub architecture: https://angular.io/guide/observables
  - Use "Redux" for advanced state management: https://ngrx.io'
,HeadlessChrome 80.0.3987 (Mac OS X 10.15.3) WARN: '[DEPRECATION][Events]: The Events provider is deprecated and it will be removed in the next major release.
  - Use "Observables" for a similar pub/sub architecture: https://angular.io/guide/observables
  - Use "Redux" for advanced state management: https://ngrx.io'
,HeadlessChrome 80.0.3987 (Mac OS X 10.15.3) WARN: '[DEPRECATION][Events]: The Events provider is deprecated and it will be removed in the next major release.
  - Use "Observables" for a similar pub/sub architecture: https://angular.io/guide/observables
  - Use "Redux" for advanced state management: https://ngrx.io'
,HeadlessChrome 80.0.3987 (Mac OS X 10.15.3) WARN: '[DEPRECATION][Events]: The Events provider is deprecated and it will be removed in the next major release.
  - Use "Observables" for a similar pub/sub architecture: https://angular.io/guide/observables
  - Use "Redux" for advanced state management: https://ngrx.io'
,HeadlessChrome 80.0.3987 (Mac OS X 10.15.3) WARN: '[DEPRECATION][Events]: The Events provider is deprecated and it will be removed in the next major release.
  - Use "Observables" for a similar pub/sub architecture: https://angular.io/guide/observables
  - Use "Redux" for advanced state management: https://ngrx.io'
,HeadlessChrome 80.0.3987 (Mac OS X 10.15.3) WARN: '[DEPRECATION][Events]: The Events provider is deprecated and it will be removed in the next major release.
  - Use "Observables" for a similar pub/sub architecture: https://angular.io/guide/observables
  - Use "Redux" for advanced state management: https://ngrx.io'
,HeadlessChrome 80.0.3987 (Mac OS X 10.15.3) WARN: 'Ionic Angular was already initialized. Make sure IonicModule.forRoot() is just called once.'
,HeadlessChrome 80.0.3987 (Mac OS X 10.15.3) WARN: '[DEPRECATION][Events]: The Events provider is deprecated and it will be removed in the next major release.
  - Use "Observables" for a similar pub/sub architecture: https://angular.io/guide/observables
  - Use "Redux" for advanced state management: https://ngrx.io'
,HeadlessChrome 80.0.3987 (Mac OS X 10.15.3) WARN: 'Ionic Angular was already initialized. Make sure IonicModule.forRoot() is just called once.'
,HeadlessChrome 80.0.3987 (Mac OS X 10.15.3) WARN: '[DEPRECATION][Events]: The Events provider is deprecated and it will be removed in the next major release.
  - Use "Observables" for a similar pub/sub architecture: https://angular.io/guide/observables
  - Use "Redux" for advanced state management: https://ngrx.io'
,HeadlessChrome 80.0.3987 (Mac OS X 10.15.3) WARN: 'Ionic Angular was already initialized. Make sure IonicModule.forRoot() is just called once.'
,HeadlessChrome 80.0.3987 (Mac OS X 10.15.3) WARN: '[DEPRECATION][Events]: The Events provider is deprecated and it will be removed in the next major release.
  - Use "Observables" for a similar pub/sub architecture: https://angular.io/guide/observables
  - Use "Redux" for advanced state management: https://ngrx.io'
,HeadlessChrome 80.0.3987 (Mac OS X 10.15.3) WARN: 'Ionic Angular was already initialized. Make sure IonicModule.forRoot() is just called once.'
,HeadlessChrome 80.0.3987 (Mac OS X 10.15.3) WARN: 'Ionic Angular was already initialized. Make sure IonicModule.forRoot() is just called once.'
,HeadlessChrome 80.0.3987 (Mac OS X 10.15.3) WARN: '[DEPRECATION][Events]: The Events provider is deprecated and it will be removed in the next major release.
  - Use "Observables" for a similar pub/sub architecture: https://angular.io/guide/observables
  - Use "Redux" for advanced state management: https://ngrx.io'
,HeadlessChrome 80.0.3987 (Mac OS X 10.15.3) WARN: 'Ionic Angular was already initialized. Make sure IonicModule.forRoot() is just called once.'
,HeadlessChrome 80.0.3987 (Mac OS X 10.15.3) WARN: '[DEPRECATION][Events]: The Events provider is deprecated and it will be removed in the next major release.
  - Use "Observables" for a similar pub/sub architecture: https://angular.io/guide/observables
  - Use "Redux" for advanced state management: https://ngrx.io'
,HeadlessChrome 80.0.3987 (Mac OS X 10.15.3) WARN: 'Ionic Angular was already initialized. Make sure IonicModule.forRoot() is just called once.'
,HeadlessChrome 80.0.3987 (Mac OS X 10.15.3) WARN: '[DEPRECATION][Events]: The Events provider is deprecated and it will be removed in the next major release.
  - Use "Observables" for a similar pub/sub architecture: https://angular.io/guide/observables
  - Use "Redux" for advanced state management: https://ngrx.io'
,HeadlessChrome 80.0.3987 (Mac OS X 10.15.3) WARN: 'Ionic Angular was already initialized. Make sure IonicModule.forRoot() is just called once.'
,HeadlessChrome 80.0.3987 (Mac OS X 10.15.3) WARN: '[DEPRECATION][Events]: The Events provider is deprecated and it will be removed in the next major release.
  - Use "Observables" for a similar pub/sub architecture: https://angular.io/guide/observables
  - Use "Redux" for advanced state management: https://ngrx.io'
,HeadlessChrome 80.0.3987 (Mac OS X 10.15.3) WARN: 'Ionic Angular was already initialized. Make sure IonicModule.forRoot() is just called once.'
,HeadlessChrome 80.0.3987 (Mac OS X 10.15.3) WARN: 'Ionic Angular was already initialized. Make sure IonicModule.forRoot() is just called once.'
,HeadlessChrome 80.0.3987 (Mac OS X 10.15.3) WARN: '[DEPRECATION][Events]: The Events provider is deprecated and it will be removed in the next major release.
  - Use "Observables" for a similar pub/sub architecture: https://angular.io/guide/observables
  - Use "Redux" for advanced state management: https://ngrx.io'
,HeadlessChrome 80.0.3987 (Mac OS X 10.15.3) WARN: 'Ionic Angular was already initialized. Make sure IonicModule.forRoot() is just called once.'
,HeadlessChrome 80.0.3987 (Mac OS X 10.15.3) WARN: '[DEPRECATION][Events]: The Events provider is deprecated and it will be removed in the next major release.
  - Use "Observables" for a similar pub/sub architecture: https://angular.io/guide/observables
  - Use "Redux" for advanced state management: https://ngrx.io'
,HeadlessChrome 80.0.3987 (Mac OS X 10.15.3) WARN: 'Ionic Angular was already initialized. Make sure IonicModule.forRoot() is just called once.'
,HeadlessChrome 80.0.3987 (Mac OS X 10.15.3) WARN: '[DEPRECATION][Events]: The Events provider is deprecated and it will be removed in the next major release.
  - Use "Observables" for a similar pub/sub architecture: https://angular.io/guide/observables
  - Use "Redux" for advanced state management: https://ngrx.io'
,HeadlessChrome 80.0.3987 (Mac OS X 10.15.3) WARN: 'Ionic Angular was already initialized. Make sure IonicModule.forRoot() is just called once.'
,HeadlessChrome 80.0.3987 (Mac OS X 10.15.3) WARN: '[DEPRECATION][Events]: The Events provider is deprecated and it will be removed in the next major release.
  - Use "Observables" for a similar pub/sub architecture: https://angular.io/guide/observables
  - Use "Redux" for advanced state management: https://ngrx.io'
,HeadlessChrome 80.0.3987 (Mac OS X 10.15.3) WARN: 'Ionic Angular was already initialized. Make sure IonicModule.forRoot() is just called once.'
,HeadlessChrome 80.0.3987 (Mac OS X 10.15.3) WARN: 'Ionic Angular was already initialized. Make sure IonicModule.forRoot() is just called once.'
,HeadlessChrome 80.0.3987 (Mac OS X 10.15.3) WARN: '[DEPRECATION][Events]: The Events provider is deprecated and it will be removed in the next major release.
  - Use "Observables" for a similar pub/sub architecture: https://angular.io/guide/observables
  - Use "Redux" for advanced state management: https://ngrx.io'
,HeadlessChrome 80.0.3987 (Mac OS X 10.15.3) WARN: 'Ionic Angular was already initialized. Make sure IonicModule.forRoot() is just called once.'
,HeadlessChrome 80.0.3987 (Mac OS X 10.15.3) WARN: '[DEPRECATION][Events]: The Events provider is deprecated and it will be removed in the next major release.
  - Use "Observables" for a similar pub/sub architecture: https://angular.io/guide/observables
  - Use "Redux" for advanced state management: https://ngrx.io'
,HeadlessChrome 80.0.3987 (Mac OS X 10.15.3) WARN: '[DEPRECATION][Events]: The Events provider is deprecated and it will be removed in the next major release.
  - Use "Observables" for a similar pub/sub architecture: https://angular.io/guide/observables
  - Use "Redux" for advanced state management: https://ngrx.io'
,HeadlessChrome 80.0.3987 (Mac OS X 10.15.3) WARN: '[DEPRECATION][Events]: The Events provider is deprecated and it will be removed in the next major release.
  - Use "Observables" for a similar pub/sub architecture: https://angular.io/guide/observables
  - Use "Redux" for advanced state management: https://ngrx.io'
,HeadlessChrome 80.0.3987 (Mac OS X 10.15.3) WARN: '[DEPRECATION][Events]: The Events provider is deprecated and it will be removed in the next major release.
  - Use "Observables" for a similar pub/sub architecture: https://angular.io/guide/observables
  - Use "Redux" for advanced state management: https://ngrx.io'

]]>
  </system-out>
  <system-err/>
</testsuite>