<?xml version="1.0"?>
<testsuite name="HeadlessChrome 80.0.3987 (Mac OS X 10.15.3)" package="" timestamp="2020-04-19T15:49:29" id="0" hostname="Robs-MacBook-Pro.local" tests="71" errors="0" failures="35" time="6.939">
  <properties>
    <property name="browser.fullName" value="Mozilla/5.0 (Macintosh; Intel Mac OS X 10_15_3) AppleWebKit/537.36 (KHTML, like Gecko) HeadlessChrome/80.0.3987.0 Safari/537.36"/>
  </properties>
  <testcase name="H8FloorPlanComponent  should create" time="0.306" classname="HeadlessChrome_80_0_3987_(Mac_OS_X_10_15_3).H8FloorPlanComponent "/>
  <testcase name="H8FloorPlanComponent  should set events after view init" time="0.191" classname="HeadlessChrome_80_0_3987_(Mac_OS_X_10_15_3).H8FloorPlanComponent "/>
  <testcase name="H9FloorPlanComponent  should create" time="0.344" classname="HeadlessChrome_80_0_3987_(Mac_OS_X_10_15_3).H9FloorPlanComponent "/>
  <testcase name="H9FloorPlanComponent  should set events after view init" time="0.173" classname="HeadlessChrome_80_0_3987_(Mac_OS_X_10_15_3).H9FloorPlanComponent "/>
  <testcase name="MB1FloorPlanComponent  should create" time="0.127" classname="HeadlessChrome_80_0_3987_(Mac_OS_X_10_15_3).MB1FloorPlanComponent "/>
  <testcase name="MB1FloorPlanComponent  should set events after view init" time="0.095" classname="HeadlessChrome_80_0_3987_(Mac_OS_X_10_15_3).MB1FloorPlanComponent "/>
  <testcase name="IndoorMapComponent  should create" time="0.03" classname="HeadlessChrome_80_0_3987_(Mac_OS_X_10_15_3).IndoorMapComponent "/>
  <testcase name="IndoorMapComponent  should ngAfterViewInit" time="0.024" classname="HeadlessChrome_80_0_3987_(Mac_OS_X_10_15_3).IndoorMapComponent ">
    <failure type="">Error: Expected spy setMap to have been called.
    at &lt;Jasmine&gt;
    at UserContext.&lt;anonymous&gt; (http://localhost:9876/_karma_webpack_/src/app/components/indoor/indoor-map/indoor-map.component.spec.ts:66:19)
    at ZoneDelegate../node_modules/zone.js/dist/zone.js.ZoneDelegate.invoke (http://localhost:9876/_karma_webpack_/node_modules/zone.js/dist/zone.js:391:1)
    at ProxyZoneSpec.push../node_modules/zone.js/dist/zone-testing.js.ProxyZoneSpec.onInvoke (http://localhost:9876/_karma_webpack_/node_modules/zone.js/dist/zone-testing.js:308:1)
</failure>
  </testcase>
  <testcase name="IndoorMapComponent  should initNav() without point and invalid name" time="0.025" classname="HeadlessChrome_80_0_3987_(Mac_OS_X_10_15_3).IndoorMapComponent "/>
  <testcase name="IndoorMapComponent  should initNav() without point and valid name mb" time="0.044" classname="HeadlessChrome_80_0_3987_(Mac_OS_X_10_15_3).IndoorMapComponent "/>
  <testcase name="IndoorMapComponent  should initNav() without point and valid name mb valid point" time="0.04" classname="HeadlessChrome_80_0_3987_(Mac_OS_X_10_15_3).IndoorMapComponent "/>
  <testcase name="IndoorMapComponent  should initNav() without point and valid name escalator up" time="0.022" classname="HeadlessChrome_80_0_3987_(Mac_OS_X_10_15_3).IndoorMapComponent "/>
  <testcase name="IndoorMapComponent  should initNav() without point and valid name escalator down" time="0.025" classname="HeadlessChrome_80_0_3987_(Mac_OS_X_10_15_3).IndoorMapComponent "/>
  <testcase name="IndoorMapComponent  should resetNav()" time="0.022" classname="HeadlessChrome_80_0_3987_(Mac_OS_X_10_15_3).IndoorMapComponent ">
    <failure type="">TypeError: Cannot read property 'getElementsByTagName' of null
    at &lt;Jasmine&gt;
    at IndoorMapComponent.setMap (http://localhost:9876/_karma_webpack_/src/app/components/indoor/indoor-map/indoor-map.component.ts:207:28)
    at UserContext.&lt;anonymous&gt; (http://localhost:9876/_karma_webpack_/src/app/components/indoor/indoor-map/indoor-map.component.spec.ts:96:24)
    at ZoneDelegate../node_modules/zone.js/dist/zone.js.ZoneDelegate.invoke (http://localhost:9876/_karma_webpack_/node_modules/zone.js/dist/zone.js:391:1)
    at ProxyZoneSpec.push../node_modules/zone.js/dist/zone-testing.js.ProxyZoneSpec.onInvoke (http://localhost:9876/_karma_webpack_/node_modules/zone.js/dist/zone-testing.js:308:1)
    at ZoneDelegate../node_modules/zone.js/dist/zone.js.ZoneDelegate.invoke (http://localhost:9876/_karma_webpack_/node_modules/zone.js/dist/zone.js:390:1)
    at Zone../node_modules/zone.js/dist/zone.js.Zone.run (http://localhost:9876/_karma_webpack_/node_modules/zone.js/dist/zone.js:150:1)
    at runInTestZone (http://localhost:9876/_karma_webpack_/node_modules/zone.js/dist/zone-testing.js:561:1)
    at UserContext.&lt;anonymous&gt; (http://localhost:9876/_karma_webpack_/node_modules/zone.js/dist/zone-testing.js:576:1)
    at &lt;Jasmine&gt;
</failure>
  </testcase>
  <testcase name="IndoorNavigationSideButtonsComponent  should create" time="0.18" classname="HeadlessChrome_80_0_3987_(Mac_OS_X_10_15_3).IndoorNavigationSideButtonsComponent "/>
  <testcase name="IndoorNavigationSideButtonsComponent  should test compass button clicked presentPopover()" time="0.179" classname="HeadlessChrome_80_0_3987_(Mac_OS_X_10_15_3).IndoorNavigationSideButtonsComponent ">
    <failure type="">Error: Expected spy presentPopover to have been called.
    at &lt;Jasmine&gt;
    at UserContext.&lt;anonymous&gt; (http://localhost:9876/_karma_webpack_/src/app/components/indoor/indoor-navigation-side-buttons/indoor-navigation-side-buttons.component.spec.ts:78:24)
    at ZoneDelegate../node_modules/zone.js/dist/zone.js.ZoneDelegate.invoke (http://localhost:9876/_karma_webpack_/node_modules/zone.js/dist/zone.js:391:1)
    at ProxyZoneSpec.push../node_modules/zone.js/dist/zone-testing.js.ProxyZoneSpec.onInvoke (http://localhost:9876/_karma_webpack_/node_modules/zone.js/dist/zone-testing.js:308:1)
</failure>
  </testcase>
  <testcase name="IndoorNavigationSideButtonsComponent  should test showInfo button clicked showInfo()" time="0.139" classname="HeadlessChrome_80_0_3987_(Mac_OS_X_10_15_3).IndoorNavigationSideButtonsComponent "/>
  <testcase name="IndoorNavigationSideButtonsComponent  should getData TRUE isSelectMode" time="0.368" classname="HeadlessChrome_80_0_3987_(Mac_OS_X_10_15_3).IndoorNavigationSideButtonsComponent "/>
  <testcase name="IndoorNavigationSideButtonsComponent  should getData FALSE isSelectMode and FALSE directionsManagerService.isIndoorInRoute" time="0.277" classname="HeadlessChrome_80_0_3987_(Mac_OS_X_10_15_3).IndoorNavigationSideButtonsComponent "/>
  <testcase name="IndoorNavigationToolbarComponent  should create" time="0.048" classname="HeadlessChrome_80_0_3987_(Mac_OS_X_10_15_3).IndoorNavigationToolbarComponent ">
    <failure type="">NullInjectorError: StaticInjectorError(DynamicTestModule)[IndoorNavigationToolbarComponent -&gt; DirectionsManagerService]: 
  StaticInjectorError(Platform: core)[IndoorNavigationToolbarComponent -&gt; DirectionsManagerService]: 
    NullInjectorError: No provider for DirectionsManagerService!
error properties: Object({ ngTempTokenPath: null, ngTokenPath: [ 'IndoorNavigationToolbarComponent', Function ], ngDebugContext: DebugContext_({ view: Object({ def: Object({ factory: Function, nodeFlags: 37797889, rootNodeFlags: 33554433, nodeMatchedQueries: 0, flags: 0, nodes: [ Object({ nodeIndex: 0, parent: null, renderParent: null, bindingIndex: 0, outputIndex: 0, checkIndex: 0, flags: 33554433, childFlags: 4243456, directChildFlags: 4243456, childMatchedQueries: 0, matchedQueries: Object({  }), matchedQueryIds: 0, references: Object({  }), ngContentIndex: null, childCount: 1, bindings: [  ], bindingFlags: 0, outputs: [  ], element: Object({ ns: '', name: 'app-indoor-navigation-toolbar', attrs: [  ], template: null, componentProvider: Object({ nodeIndex: 1, parent: &lt;circular reference: Object&gt;, renderParent: &lt;circular reference: Object&gt;, bindingIndex: 0, outputIndex: 0, checkIndex: 1, flags: 4243456, childFlags: 0, directChildFlags: 0, childMatchedQueries: 0, matchedQueries: Object, matchedQueryIds ...
    at &lt;Jasmine&gt;
    at NullInjector.push../node_modules/@angular/core/fesm5/core.js.NullInjector.get (http://localhost:9876/_karma_webpack_/node_modules/@angular/core/fesm5/core.js:724:1)
    at resolveToken (http://localhost:9876/_karma_webpack_/node_modules/@angular/core/fesm5/core.js:2093:1)
    at tryResolveToken (http://localhost:9876/_karma_webpack_/node_modules/@angular/core/fesm5/core.js:2037:1)
    at StaticInjector.push../node_modules/@angular/core/fesm5/core.js.StaticInjector.get (http://localhost:9876/_karma_webpack_/node_modules/@angular/core/fesm5/core.js:1941:1)
    at resolveToken (http://localhost:9876/_karma_webpack_/node_modules/@angular/core/fesm5/core.js:2093:1)
    at tryResolveToken (http://localhost:9876/_karma_webpack_/node_modules/@angular/core/fesm5/core.js:2037:1)
    at StaticInjector.push../node_modules/@angular/core/fesm5/core.js.StaticInjector.get (http://localhost:9876/_karma_webpack_/node_modules/@angular/core/fesm5/core.js:1941:1)
    at resolveNgModuleDep (http://localhost:9876/_karma_webpack_/node_modules/@angular/core/fesm5/core.js:20895:1)
    at NgModuleRef_.push../node_modules/@angular/core/fesm5/core.js.NgModuleRef_.get (http://localhost:9876/_karma_webpack_/node_modules/@angular/core/fesm5/core.js:21584:1)
    at resolveDep (http://localhost:9876/_karma_webpack_/node_modules/@angular/core/fesm5/core.js:21955:1)
</failure>
    <failure type="">Error: Expected undefined to be truthy.
    at &lt;Jasmine&gt;
    at UserContext.&lt;anonymous&gt; (http://localhost:9876/_karma_webpack_/src/app/components/indoor/indoor-navigation-toolbar/indoor-navigation-toolbar.component.spec.ts:60:23)
    at ZoneDelegate../node_modules/zone.js/dist/zone.js.ZoneDelegate.invoke (http://localhost:9876/_karma_webpack_/node_modules/zone.js/dist/zone.js:391:1)
    at ProxyZoneSpec.push../node_modules/zone.js/dist/zone-testing.js.ProxyZoneSpec.onInvoke (http://localhost:9876/_karma_webpack_/node_modules/zone.js/dist/zone-testing.js:308:1)
</failure>
  </testcase>
  <testcase name="IndoorNavigationToolbarComponent  should ngAfterViewInit()" time="0.038" classname="HeadlessChrome_80_0_3987_(Mac_OS_X_10_15_3).IndoorNavigationToolbarComponent ">
    <failure type="">NullInjectorError: StaticInjectorError(DynamicTestModule)[IndoorNavigationToolbarComponent -&gt; DirectionsManagerService]: 
  StaticInjectorError(Platform: core)[IndoorNavigationToolbarComponent -&gt; DirectionsManagerService]: 
    NullInjectorError: No provider for DirectionsManagerService!
error properties: Object({ ngTempTokenPath: null, ngTokenPath: [ 'IndoorNavigationToolbarComponent', Function ], ngDebugContext: DebugContext_({ view: Object({ def: Object({ factory: Function, nodeFlags: 37797889, rootNodeFlags: 33554433, nodeMatchedQueries: 0, flags: 0, nodes: [ Object({ nodeIndex: 0, parent: null, renderParent: null, bindingIndex: 0, outputIndex: 0, checkIndex: 0, flags: 33554433, childFlags: 4243456, directChildFlags: 4243456, childMatchedQueries: 0, matchedQueries: Object({  }), matchedQueryIds: 0, references: Object({  }), ngContentIndex: null, childCount: 1, bindings: [  ], bindingFlags: 0, outputs: [  ], element: Object({ ns: '', name: 'app-indoor-navigation-toolbar', attrs: [  ], template: null, componentProvider: Object({ nodeIndex: 1, parent: &lt;circular reference: Object&gt;, renderParent: &lt;circular reference: Object&gt;, bindingIndex: 0, outputIndex: 0, checkIndex: 1, flags: 4243456, childFlags: 0, directChildFlags: 0, childMatchedQueries: 0, matchedQueries: Object, matchedQueryIds ...
    at &lt;Jasmine&gt;
    at NullInjector.push../node_modules/@angular/core/fesm5/core.js.NullInjector.get (http://localhost:9876/_karma_webpack_/node_modules/@angular/core/fesm5/core.js:724:1)
    at resolveToken (http://localhost:9876/_karma_webpack_/node_modules/@angular/core/fesm5/core.js:2093:1)
    at tryResolveToken (http://localhost:9876/_karma_webpack_/node_modules/@angular/core/fesm5/core.js:2037:1)
    at StaticInjector.push../node_modules/@angular/core/fesm5/core.js.StaticInjector.get (http://localhost:9876/_karma_webpack_/node_modules/@angular/core/fesm5/core.js:1941:1)
    at resolveToken (http://localhost:9876/_karma_webpack_/node_modules/@angular/core/fesm5/core.js:2093:1)
    at tryResolveToken (http://localhost:9876/_karma_webpack_/node_modules/@angular/core/fesm5/core.js:2037:1)
    at StaticInjector.push../node_modules/@angular/core/fesm5/core.js.StaticInjector.get (http://localhost:9876/_karma_webpack_/node_modules/@angular/core/fesm5/core.js:1941:1)
    at resolveNgModuleDep (http://localhost:9876/_karma_webpack_/node_modules/@angular/core/fesm5/core.js:20895:1)
    at NgModuleRef_.push../node_modules/@angular/core/fesm5/core.js.NgModuleRef_.get (http://localhost:9876/_karma_webpack_/node_modules/@angular/core/fesm5/core.js:21584:1)
    at resolveDep (http://localhost:9876/_karma_webpack_/node_modules/@angular/core/fesm5/core.js:21955:1)
</failure>
    <failure type="">TypeError: Cannot set property 'inputBuilding' of undefined
    at &lt;Jasmine&gt;
    at UserContext.&lt;anonymous&gt; (http://localhost:9876/_karma_webpack_/src/app/components/indoor/indoor-navigation-toolbar/indoor-navigation-toolbar.component.spec.ts:63:31)
    at ZoneDelegate../node_modules/zone.js/dist/zone.js.ZoneDelegate.invoke (http://localhost:9876/_karma_webpack_/node_modules/zone.js/dist/zone.js:391:1)
    at ProxyZoneSpec.push../node_modules/zone.js/dist/zone-testing.js.ProxyZoneSpec.onInvoke (http://localhost:9876/_karma_webpack_/node_modules/zone.js/dist/zone-testing.js:308:1)
    at ZoneDelegate../node_modules/zone.js/dist/zone.js.ZoneDelegate.invoke (http://localhost:9876/_karma_webpack_/node_modules/zone.js/dist/zone.js:390:1)
    at Zone../node_modules/zone.js/dist/zone.js.Zone.run (http://localhost:9876/_karma_webpack_/node_modules/zone.js/dist/zone.js:150:1)
    at runInTestZone (http://localhost:9876/_karma_webpack_/node_modules/zone.js/dist/zone-testing.js:561:1)
    at UserContext.&lt;anonymous&gt; (http://localhost:9876/_karma_webpack_/node_modules/zone.js/dist/zone-testing.js:576:1)
    at &lt;Jasmine&gt;
</failure>
  </testcase>
  <testcase name="IndoorNavigationToolbarComponent  should changeFloor" time="0.023" classname="HeadlessChrome_80_0_3987_(Mac_OS_X_10_15_3).IndoorNavigationToolbarComponent ">
    <failure type="">NullInjectorError: StaticInjectorError(DynamicTestModule)[IndoorNavigationToolbarComponent -&gt; DirectionsManagerService]: 
  StaticInjectorError(Platform: core)[IndoorNavigationToolbarComponent -&gt; DirectionsManagerService]: 
    NullInjectorError: No provider for DirectionsManagerService!
error properties: Object({ ngTempTokenPath: null, ngTokenPath: [ 'IndoorNavigationToolbarComponent', Function ], ngDebugContext: DebugContext_({ view: Object({ def: Object({ factory: Function, nodeFlags: 37797889, rootNodeFlags: 33554433, nodeMatchedQueries: 0, flags: 0, nodes: [ Object({ nodeIndex: 0, parent: null, renderParent: null, bindingIndex: 0, outputIndex: 0, checkIndex: 0, flags: 33554433, childFlags: 4243456, directChildFlags: 4243456, childMatchedQueries: 0, matchedQueries: Object({  }), matchedQueryIds: 0, references: Object({  }), ngContentIndex: null, childCount: 1, bindings: [  ], bindingFlags: 0, outputs: [  ], element: Object({ ns: '', name: 'app-indoor-navigation-toolbar', attrs: [  ], template: null, componentProvider: Object({ nodeIndex: 1, parent: &lt;circular reference: Object&gt;, renderParent: &lt;circular reference: Object&gt;, bindingIndex: 0, outputIndex: 0, checkIndex: 1, flags: 4243456, childFlags: 0, directChildFlags: 0, childMatchedQueries: 0, matchedQueries: Object, matchedQueryIds ...
    at &lt;Jasmine&gt;
    at NullInjector.push../node_modules/@angular/core/fesm5/core.js.NullInjector.get (http://localhost:9876/_karma_webpack_/node_modules/@angular/core/fesm5/core.js:724:1)
    at resolveToken (http://localhost:9876/_karma_webpack_/node_modules/@angular/core/fesm5/core.js:2093:1)
    at tryResolveToken (http://localhost:9876/_karma_webpack_/node_modules/@angular/core/fesm5/core.js:2037:1)
    at StaticInjector.push../node_modules/@angular/core/fesm5/core.js.StaticInjector.get (http://localhost:9876/_karma_webpack_/node_modules/@angular/core/fesm5/core.js:1941:1)
    at resolveToken (http://localhost:9876/_karma_webpack_/node_modules/@angular/core/fesm5/core.js:2093:1)
    at tryResolveToken (http://localhost:9876/_karma_webpack_/node_modules/@angular/core/fesm5/core.js:2037:1)
    at StaticInjector.push../node_modules/@angular/core/fesm5/core.js.StaticInjector.get (http://localhost:9876/_karma_webpack_/node_modules/@angular/core/fesm5/core.js:1941:1)
    at resolveNgModuleDep (http://localhost:9876/_karma_webpack_/node_modules/@angular/core/fesm5/core.js:20895:1)
    at NgModuleRef_.push../node_modules/@angular/core/fesm5/core.js.NgModuleRef_.get (http://localhost:9876/_karma_webpack_/node_modules/@angular/core/fesm5/core.js:21584:1)
    at resolveDep (http://localhost:9876/_karma_webpack_/node_modules/@angular/core/fesm5/core.js:21955:1)
</failure>
    <failure type="">TypeError: Cannot set property 'currentFloorIndex' of undefined
    at &lt;Jasmine&gt;
    at UserContext.&lt;anonymous&gt; (http://localhost:9876/_karma_webpack_/src/app/components/indoor/indoor-navigation-toolbar/indoor-navigation-toolbar.component.spec.ts:71:35)
    at ZoneDelegate../node_modules/zone.js/dist/zone.js.ZoneDelegate.invoke (http://localhost:9876/_karma_webpack_/node_modules/zone.js/dist/zone.js:391:1)
    at ProxyZoneSpec.push../node_modules/zone.js/dist/zone-testing.js.ProxyZoneSpec.onInvoke (http://localhost:9876/_karma_webpack_/node_modules/zone.js/dist/zone-testing.js:308:1)
    at ZoneDelegate../node_modules/zone.js/dist/zone.js.ZoneDelegate.invoke (http://localhost:9876/_karma_webpack_/node_modules/zone.js/dist/zone.js:390:1)
    at Zone../node_modules/zone.js/dist/zone.js.Zone.run (http://localhost:9876/_karma_webpack_/node_modules/zone.js/dist/zone.js:150:1)
    at runInTestZone (http://localhost:9876/_karma_webpack_/node_modules/zone.js/dist/zone-testing.js:561:1)
    at UserContext.&lt;anonymous&gt; (http://localhost:9876/_karma_webpack_/node_modules/zone.js/dist/zone-testing.js:576:1)
    at &lt;Jasmine&gt;
</failure>
  </testcase>
  <testcase name="IndoorNavigationToolbarComponent  should moveUpFloor() currentFloorIndex &lt; maxFloorIndex" time="0.031" classname="HeadlessChrome_80_0_3987_(Mac_OS_X_10_15_3).IndoorNavigationToolbarComponent ">
    <failure type="">NullInjectorError: StaticInjectorError(DynamicTestModule)[IndoorNavigationToolbarComponent -&gt; DirectionsManagerService]: 
  StaticInjectorError(Platform: core)[IndoorNavigationToolbarComponent -&gt; DirectionsManagerService]: 
    NullInjectorError: No provider for DirectionsManagerService!
error properties: Object({ ngTempTokenPath: null, ngTokenPath: [ 'IndoorNavigationToolbarComponent', Function ], ngDebugContext: DebugContext_({ view: Object({ def: Object({ factory: Function, nodeFlags: 37797889, rootNodeFlags: 33554433, nodeMatchedQueries: 0, flags: 0, nodes: [ Object({ nodeIndex: 0, parent: null, renderParent: null, bindingIndex: 0, outputIndex: 0, checkIndex: 0, flags: 33554433, childFlags: 4243456, directChildFlags: 4243456, childMatchedQueries: 0, matchedQueries: Object({  }), matchedQueryIds: 0, references: Object({  }), ngContentIndex: null, childCount: 1, bindings: [  ], bindingFlags: 0, outputs: [  ], element: Object({ ns: '', name: 'app-indoor-navigation-toolbar', attrs: [  ], template: null, componentProvider: Object({ nodeIndex: 1, parent: &lt;circular reference: Object&gt;, renderParent: &lt;circular reference: Object&gt;, bindingIndex: 0, outputIndex: 0, checkIndex: 1, flags: 4243456, childFlags: 0, directChildFlags: 0, childMatchedQueries: 0, matchedQueries: Object, matchedQueryIds ...
    at &lt;Jasmine&gt;
    at NullInjector.push../node_modules/@angular/core/fesm5/core.js.NullInjector.get (http://localhost:9876/_karma_webpack_/node_modules/@angular/core/fesm5/core.js:724:1)
    at resolveToken (http://localhost:9876/_karma_webpack_/node_modules/@angular/core/fesm5/core.js:2093:1)
    at tryResolveToken (http://localhost:9876/_karma_webpack_/node_modules/@angular/core/fesm5/core.js:2037:1)
    at StaticInjector.push../node_modules/@angular/core/fesm5/core.js.StaticInjector.get (http://localhost:9876/_karma_webpack_/node_modules/@angular/core/fesm5/core.js:1941:1)
    at resolveToken (http://localhost:9876/_karma_webpack_/node_modules/@angular/core/fesm5/core.js:2093:1)
    at tryResolveToken (http://localhost:9876/_karma_webpack_/node_modules/@angular/core/fesm5/core.js:2037:1)
    at StaticInjector.push../node_modules/@angular/core/fesm5/core.js.StaticInjector.get (http://localhost:9876/_karma_webpack_/node_modules/@angular/core/fesm5/core.js:1941:1)
    at resolveNgModuleDep (http://localhost:9876/_karma_webpack_/node_modules/@angular/core/fesm5/core.js:20895:1)
    at NgModuleRef_.push../node_modules/@angular/core/fesm5/core.js.NgModuleRef_.get (http://localhost:9876/_karma_webpack_/node_modules/@angular/core/fesm5/core.js:21584:1)
    at resolveDep (http://localhost:9876/_karma_webpack_/node_modules/@angular/core/fesm5/core.js:21955:1)
</failure>
    <failure type="">TypeError: Cannot set property 'currentFloorIndex' of undefined
    at &lt;Jasmine&gt;
    at UserContext.&lt;anonymous&gt; (http://localhost:9876/_karma_webpack_/src/app/components/indoor/indoor-navigation-toolbar/indoor-navigation-toolbar.component.spec.ts:78:35)
    at ZoneDelegate../node_modules/zone.js/dist/zone.js.ZoneDelegate.invoke (http://localhost:9876/_karma_webpack_/node_modules/zone.js/dist/zone.js:391:1)
    at ProxyZoneSpec.push../node_modules/zone.js/dist/zone-testing.js.ProxyZoneSpec.onInvoke (http://localhost:9876/_karma_webpack_/node_modules/zone.js/dist/zone-testing.js:308:1)
    at ZoneDelegate../node_modules/zone.js/dist/zone.js.ZoneDelegate.invoke (http://localhost:9876/_karma_webpack_/node_modules/zone.js/dist/zone.js:390:1)
    at Zone../node_modules/zone.js/dist/zone.js.Zone.run (http://localhost:9876/_karma_webpack_/node_modules/zone.js/dist/zone.js:150:1)
    at runInTestZone (http://localhost:9876/_karma_webpack_/node_modules/zone.js/dist/zone-testing.js:561:1)
    at UserContext.&lt;anonymous&gt; (http://localhost:9876/_karma_webpack_/node_modules/zone.js/dist/zone-testing.js:576:1)
    at &lt;Jasmine&gt;
</failure>
  </testcase>
  <testcase name="IndoorNavigationToolbarComponent  should moveUpFloor() currentFloorIndex > maxFloorIndex" time="0.036" classname="HeadlessChrome_80_0_3987_(Mac_OS_X_10_15_3).IndoorNavigationToolbarComponent ">
    <failure type="">NullInjectorError: StaticInjectorError(DynamicTestModule)[IndoorNavigationToolbarComponent -&gt; DirectionsManagerService]: 
  StaticInjectorError(Platform: core)[IndoorNavigationToolbarComponent -&gt; DirectionsManagerService]: 
    NullInjectorError: No provider for DirectionsManagerService!
error properties: Object({ ngTempTokenPath: null, ngTokenPath: [ 'IndoorNavigationToolbarComponent', Function ], ngDebugContext: DebugContext_({ view: Object({ def: Object({ factory: Function, nodeFlags: 37797889, rootNodeFlags: 33554433, nodeMatchedQueries: 0, flags: 0, nodes: [ Object({ nodeIndex: 0, parent: null, renderParent: null, bindingIndex: 0, outputIndex: 0, checkIndex: 0, flags: 33554433, childFlags: 4243456, directChildFlags: 4243456, childMatchedQueries: 0, matchedQueries: Object({  }), matchedQueryIds: 0, references: Object({  }), ngContentIndex: null, childCount: 1, bindings: [  ], bindingFlags: 0, outputs: [  ], element: Object({ ns: '', name: 'app-indoor-navigation-toolbar', attrs: [  ], template: null, componentProvider: Object({ nodeIndex: 1, parent: &lt;circular reference: Object&gt;, renderParent: &lt;circular reference: Object&gt;, bindingIndex: 0, outputIndex: 0, checkIndex: 1, flags: 4243456, childFlags: 0, directChildFlags: 0, childMatchedQueries: 0, matchedQueries: Object, matchedQueryIds ...
    at &lt;Jasmine&gt;
    at NullInjector.push../node_modules/@angular/core/fesm5/core.js.NullInjector.get (http://localhost:9876/_karma_webpack_/node_modules/@angular/core/fesm5/core.js:724:1)
    at resolveToken (http://localhost:9876/_karma_webpack_/node_modules/@angular/core/fesm5/core.js:2093:1)
    at tryResolveToken (http://localhost:9876/_karma_webpack_/node_modules/@angular/core/fesm5/core.js:2037:1)
    at StaticInjector.push../node_modules/@angular/core/fesm5/core.js.StaticInjector.get (http://localhost:9876/_karma_webpack_/node_modules/@angular/core/fesm5/core.js:1941:1)
    at resolveToken (http://localhost:9876/_karma_webpack_/node_modules/@angular/core/fesm5/core.js:2093:1)
    at tryResolveToken (http://localhost:9876/_karma_webpack_/node_modules/@angular/core/fesm5/core.js:2037:1)
    at StaticInjector.push../node_modules/@angular/core/fesm5/core.js.StaticInjector.get (http://localhost:9876/_karma_webpack_/node_modules/@angular/core/fesm5/core.js:1941:1)
    at resolveNgModuleDep (http://localhost:9876/_karma_webpack_/node_modules/@angular/core/fesm5/core.js:20895:1)
    at NgModuleRef_.push../node_modules/@angular/core/fesm5/core.js.NgModuleRef_.get (http://localhost:9876/_karma_webpack_/node_modules/@angular/core/fesm5/core.js:21584:1)
    at resolveDep (http://localhost:9876/_karma_webpack_/node_modules/@angular/core/fesm5/core.js:21955:1)
</failure>
    <failure type="">TypeError: Cannot set property 'currentFloorIndex' of undefined
    at &lt;Jasmine&gt;
    at UserContext.&lt;anonymous&gt; (http://localhost:9876/_karma_webpack_/src/app/components/indoor/indoor-navigation-toolbar/indoor-navigation-toolbar.component.spec.ts:85:35)
    at ZoneDelegate../node_modules/zone.js/dist/zone.js.ZoneDelegate.invoke (http://localhost:9876/_karma_webpack_/node_modules/zone.js/dist/zone.js:391:1)
    at ProxyZoneSpec.push../node_modules/zone.js/dist/zone-testing.js.ProxyZoneSpec.onInvoke (http://localhost:9876/_karma_webpack_/node_modules/zone.js/dist/zone-testing.js:308:1)
    at ZoneDelegate../node_modules/zone.js/dist/zone.js.ZoneDelegate.invoke (http://localhost:9876/_karma_webpack_/node_modules/zone.js/dist/zone.js:390:1)
    at Zone../node_modules/zone.js/dist/zone.js.Zone.run (http://localhost:9876/_karma_webpack_/node_modules/zone.js/dist/zone.js:150:1)
    at runInTestZone (http://localhost:9876/_karma_webpack_/node_modules/zone.js/dist/zone-testing.js:561:1)
    at UserContext.&lt;anonymous&gt; (http://localhost:9876/_karma_webpack_/node_modules/zone.js/dist/zone-testing.js:576:1)
    at &lt;Jasmine&gt;
</failure>
  </testcase>
  <testcase name="IndoorNavigationToolbarComponent  should moveDownFloor() currentFloorIndex > minFloorIndex" time="0.034" classname="HeadlessChrome_80_0_3987_(Mac_OS_X_10_15_3).IndoorNavigationToolbarComponent ">
    <failure type="">NullInjectorError: StaticInjectorError(DynamicTestModule)[IndoorNavigationToolbarComponent -&gt; DirectionsManagerService]: 
  StaticInjectorError(Platform: core)[IndoorNavigationToolbarComponent -&gt; DirectionsManagerService]: 
    NullInjectorError: No provider for DirectionsManagerService!
error properties: Object({ ngTempTokenPath: null, ngTokenPath: [ 'IndoorNavigationToolbarComponent', Function ], ngDebugContext: DebugContext_({ view: Object({ def: Object({ factory: Function, nodeFlags: 37797889, rootNodeFlags: 33554433, nodeMatchedQueries: 0, flags: 0, nodes: [ Object({ nodeIndex: 0, parent: null, renderParent: null, bindingIndex: 0, outputIndex: 0, checkIndex: 0, flags: 33554433, childFlags: 4243456, directChildFlags: 4243456, childMatchedQueries: 0, matchedQueries: Object({  }), matchedQueryIds: 0, references: Object({  }), ngContentIndex: null, childCount: 1, bindings: [  ], bindingFlags: 0, outputs: [  ], element: Object({ ns: '', name: 'app-indoor-navigation-toolbar', attrs: [  ], template: null, componentProvider: Object({ nodeIndex: 1, parent: &lt;circular reference: Object&gt;, renderParent: &lt;circular reference: Object&gt;, bindingIndex: 0, outputIndex: 0, checkIndex: 1, flags: 4243456, childFlags: 0, directChildFlags: 0, childMatchedQueries: 0, matchedQueries: Object, matchedQueryIds ...
    at &lt;Jasmine&gt;
    at NullInjector.push../node_modules/@angular/core/fesm5/core.js.NullInjector.get (http://localhost:9876/_karma_webpack_/node_modules/@angular/core/fesm5/core.js:724:1)
    at resolveToken (http://localhost:9876/_karma_webpack_/node_modules/@angular/core/fesm5/core.js:2093:1)
    at tryResolveToken (http://localhost:9876/_karma_webpack_/node_modules/@angular/core/fesm5/core.js:2037:1)
    at StaticInjector.push../node_modules/@angular/core/fesm5/core.js.StaticInjector.get (http://localhost:9876/_karma_webpack_/node_modules/@angular/core/fesm5/core.js:1941:1)
    at resolveToken (http://localhost:9876/_karma_webpack_/node_modules/@angular/core/fesm5/core.js:2093:1)
    at tryResolveToken (http://localhost:9876/_karma_webpack_/node_modules/@angular/core/fesm5/core.js:2037:1)
    at StaticInjector.push../node_modules/@angular/core/fesm5/core.js.StaticInjector.get (http://localhost:9876/_karma_webpack_/node_modules/@angular/core/fesm5/core.js:1941:1)
    at resolveNgModuleDep (http://localhost:9876/_karma_webpack_/node_modules/@angular/core/fesm5/core.js:20895:1)
    at NgModuleRef_.push../node_modules/@angular/core/fesm5/core.js.NgModuleRef_.get (http://localhost:9876/_karma_webpack_/node_modules/@angular/core/fesm5/core.js:21584:1)
    at resolveDep (http://localhost:9876/_karma_webpack_/node_modules/@angular/core/fesm5/core.js:21955:1)
</failure>
    <failure type="">TypeError: Cannot set property 'currentFloorIndex' of undefined
    at &lt;Jasmine&gt;
    at UserContext.&lt;anonymous&gt; (http://localhost:9876/_karma_webpack_/src/app/components/indoor/indoor-navigation-toolbar/indoor-navigation-toolbar.component.spec.ts:92:35)
    at ZoneDelegate../node_modules/zone.js/dist/zone.js.ZoneDelegate.invoke (http://localhost:9876/_karma_webpack_/node_modules/zone.js/dist/zone.js:391:1)
    at ProxyZoneSpec.push../node_modules/zone.js/dist/zone-testing.js.ProxyZoneSpec.onInvoke (http://localhost:9876/_karma_webpack_/node_modules/zone.js/dist/zone-testing.js:308:1)
    at ZoneDelegate../node_modules/zone.js/dist/zone.js.ZoneDelegate.invoke (http://localhost:9876/_karma_webpack_/node_modules/zone.js/dist/zone.js:390:1)
    at Zone../node_modules/zone.js/dist/zone.js.Zone.run (http://localhost:9876/_karma_webpack_/node_modules/zone.js/dist/zone.js:150:1)
    at runInTestZone (http://localhost:9876/_karma_webpack_/node_modules/zone.js/dist/zone-testing.js:561:1)
    at UserContext.&lt;anonymous&gt; (http://localhost:9876/_karma_webpack_/node_modules/zone.js/dist/zone-testing.js:576:1)
    at &lt;Jasmine&gt;
</failure>
  </testcase>
  <testcase name="IndoorNavigationToolbarComponent  should moveDownFloor() currentFloorIndex &lt; minFloorIndex" time="0.07" classname="HeadlessChrome_80_0_3987_(Mac_OS_X_10_15_3).IndoorNavigationToolbarComponent ">
    <failure type="">NullInjectorError: StaticInjectorError(DynamicTestModule)[IndoorNavigationToolbarComponent -&gt; DirectionsManagerService]: 
  StaticInjectorError(Platform: core)[IndoorNavigationToolbarComponent -&gt; DirectionsManagerService]: 
    NullInjectorError: No provider for DirectionsManagerService!
error properties: Object({ ngTempTokenPath: null, ngTokenPath: [ 'IndoorNavigationToolbarComponent', Function ], ngDebugContext: DebugContext_({ view: Object({ def: Object({ factory: Function, nodeFlags: 37797889, rootNodeFlags: 33554433, nodeMatchedQueries: 0, flags: 0, nodes: [ Object({ nodeIndex: 0, parent: null, renderParent: null, bindingIndex: 0, outputIndex: 0, checkIndex: 0, flags: 33554433, childFlags: 4243456, directChildFlags: 4243456, childMatchedQueries: 0, matchedQueries: Object({  }), matchedQueryIds: 0, references: Object({  }), ngContentIndex: null, childCount: 1, bindings: [  ], bindingFlags: 0, outputs: [  ], element: Object({ ns: '', name: 'app-indoor-navigation-toolbar', attrs: [  ], template: null, componentProvider: Object({ nodeIndex: 1, parent: &lt;circular reference: Object&gt;, renderParent: &lt;circular reference: Object&gt;, bindingIndex: 0, outputIndex: 0, checkIndex: 1, flags: 4243456, childFlags: 0, directChildFlags: 0, childMatchedQueries: 0, matchedQueries: Object, matchedQueryIds ...
    at &lt;Jasmine&gt;
    at NullInjector.push../node_modules/@angular/core/fesm5/core.js.NullInjector.get (http://localhost:9876/_karma_webpack_/node_modules/@angular/core/fesm5/core.js:724:1)
    at resolveToken (http://localhost:9876/_karma_webpack_/node_modules/@angular/core/fesm5/core.js:2093:1)
    at tryResolveToken (http://localhost:9876/_karma_webpack_/node_modules/@angular/core/fesm5/core.js:2037:1)
    at StaticInjector.push../node_modules/@angular/core/fesm5/core.js.StaticInjector.get (http://localhost:9876/_karma_webpack_/node_modules/@angular/core/fesm5/core.js:1941:1)
    at resolveToken (http://localhost:9876/_karma_webpack_/node_modules/@angular/core/fesm5/core.js:2093:1)
    at tryResolveToken (http://localhost:9876/_karma_webpack_/node_modules/@angular/core/fesm5/core.js:2037:1)
    at StaticInjector.push../node_modules/@angular/core/fesm5/core.js.StaticInjector.get (http://localhost:9876/_karma_webpack_/node_modules/@angular/core/fesm5/core.js:1941:1)
    at resolveNgModuleDep (http://localhost:9876/_karma_webpack_/node_modules/@angular/core/fesm5/core.js:20895:1)
    at NgModuleRef_.push../node_modules/@angular/core/fesm5/core.js.NgModuleRef_.get (http://localhost:9876/_karma_webpack_/node_modules/@angular/core/fesm5/core.js:21584:1)
    at resolveDep (http://localhost:9876/_karma_webpack_/node_modules/@angular/core/fesm5/core.js:21955:1)
</failure>
    <failure type="">TypeError: Cannot set property 'currentFloorIndex' of undefined
    at &lt;Jasmine&gt;
    at UserContext.&lt;anonymous&gt; (http://localhost:9876/_karma_webpack_/src/app/components/indoor/indoor-navigation-toolbar/indoor-navigation-toolbar.component.spec.ts:98:35)
    at ZoneDelegate../node_modules/zone.js/dist/zone.js.ZoneDelegate.invoke (http://localhost:9876/_karma_webpack_/node_modules/zone.js/dist/zone.js:391:1)
    at ProxyZoneSpec.push../node_modules/zone.js/dist/zone-testing.js.ProxyZoneSpec.onInvoke (http://localhost:9876/_karma_webpack_/node_modules/zone.js/dist/zone-testing.js:308:1)
    at ZoneDelegate../node_modules/zone.js/dist/zone.js.ZoneDelegate.invoke (http://localhost:9876/_karma_webpack_/node_modules/zone.js/dist/zone.js:390:1)
    at Zone../node_modules/zone.js/dist/zone.js.Zone.run (http://localhost:9876/_karma_webpack_/node_modules/zone.js/dist/zone.js:150:1)
    at runInTestZone (http://localhost:9876/_karma_webpack_/node_modules/zone.js/dist/zone-testing.js:561:1)
    at UserContext.&lt;anonymous&gt; (http://localhost:9876/_karma_webpack_/node_modules/zone.js/dist/zone-testing.js:576:1)
    at &lt;Jasmine&gt;
</failure>
  </testcase>
  <testcase name="IndoorNavigationToolbarComponent  should goBackOutside() FALSE isSelectMode" time="0.04" classname="HeadlessChrome_80_0_3987_(Mac_OS_X_10_15_3).IndoorNavigationToolbarComponent ">
    <failure type="">NullInjectorError: StaticInjectorError(DynamicTestModule)[IndoorNavigationToolbarComponent -&gt; DirectionsManagerService]: 
  StaticInjectorError(Platform: core)[IndoorNavigationToolbarComponent -&gt; DirectionsManagerService]: 
    NullInjectorError: No provider for DirectionsManagerService!
error properties: Object({ ngTempTokenPath: null, ngTokenPath: [ 'IndoorNavigationToolbarComponent', Function ], ngDebugContext: DebugContext_({ view: Object({ def: Object({ factory: Function, nodeFlags: 37797889, rootNodeFlags: 33554433, nodeMatchedQueries: 0, flags: 0, nodes: [ Object({ nodeIndex: 0, parent: null, renderParent: null, bindingIndex: 0, outputIndex: 0, checkIndex: 0, flags: 33554433, childFlags: 4243456, directChildFlags: 4243456, childMatchedQueries: 0, matchedQueries: Object({  }), matchedQueryIds: 0, references: Object({  }), ngContentIndex: null, childCount: 1, bindings: [  ], bindingFlags: 0, outputs: [  ], element: Object({ ns: '', name: 'app-indoor-navigation-toolbar', attrs: [  ], template: null, componentProvider: Object({ nodeIndex: 1, parent: &lt;circular reference: Object&gt;, renderParent: &lt;circular reference: Object&gt;, bindingIndex: 0, outputIndex: 0, checkIndex: 1, flags: 4243456, childFlags: 0, directChildFlags: 0, childMatchedQueries: 0, matchedQueries: Object, matchedQueryIds ...
    at &lt;Jasmine&gt;
    at NullInjector.push../node_modules/@angular/core/fesm5/core.js.NullInjector.get (http://localhost:9876/_karma_webpack_/node_modules/@angular/core/fesm5/core.js:724:1)
    at resolveToken (http://localhost:9876/_karma_webpack_/node_modules/@angular/core/fesm5/core.js:2093:1)
    at tryResolveToken (http://localhost:9876/_karma_webpack_/node_modules/@angular/core/fesm5/core.js:2037:1)
    at StaticInjector.push../node_modules/@angular/core/fesm5/core.js.StaticInjector.get (http://localhost:9876/_karma_webpack_/node_modules/@angular/core/fesm5/core.js:1941:1)
    at resolveToken (http://localhost:9876/_karma_webpack_/node_modules/@angular/core/fesm5/core.js:2093:1)
    at tryResolveToken (http://localhost:9876/_karma_webpack_/node_modules/@angular/core/fesm5/core.js:2037:1)
    at StaticInjector.push../node_modules/@angular/core/fesm5/core.js.StaticInjector.get (http://localhost:9876/_karma_webpack_/node_modules/@angular/core/fesm5/core.js:1941:1)
    at resolveNgModuleDep (http://localhost:9876/_karma_webpack_/node_modules/@angular/core/fesm5/core.js:20895:1)
    at NgModuleRef_.push../node_modules/@angular/core/fesm5/core.js.NgModuleRef_.get (http://localhost:9876/_karma_webpack_/node_modules/@angular/core/fesm5/core.js:21584:1)
    at resolveDep (http://localhost:9876/_karma_webpack_/node_modules/@angular/core/fesm5/core.js:21955:1)
</failure>
    <failure type="">TypeError: Cannot set property 'isSelectMode' of undefined
    at &lt;Jasmine&gt;
    at UserContext.&lt;anonymous&gt; (http://localhost:9876/_karma_webpack_/src/app/components/indoor/indoor-navigation-toolbar/indoor-navigation-toolbar.component.spec.ts:104:30)
    at ZoneDelegate../node_modules/zone.js/dist/zone.js.ZoneDelegate.invoke (http://localhost:9876/_karma_webpack_/node_modules/zone.js/dist/zone.js:391:1)
    at ProxyZoneSpec.push../node_modules/zone.js/dist/zone-testing.js.ProxyZoneSpec.onInvoke (http://localhost:9876/_karma_webpack_/node_modules/zone.js/dist/zone-testing.js:308:1)
    at ZoneDelegate../node_modules/zone.js/dist/zone.js.ZoneDelegate.invoke (http://localhost:9876/_karma_webpack_/node_modules/zone.js/dist/zone.js:390:1)
    at Zone../node_modules/zone.js/dist/zone.js.Zone.run (http://localhost:9876/_karma_webpack_/node_modules/zone.js/dist/zone.js:150:1)
    at runInTestZone (http://localhost:9876/_karma_webpack_/node_modules/zone.js/dist/zone-testing.js:561:1)
    at UserContext.&lt;anonymous&gt; (http://localhost:9876/_karma_webpack_/node_modules/zone.js/dist/zone-testing.js:576:1)
    at &lt;Jasmine&gt;
</failure>
  </testcase>
  <testcase name="IndoorNavigationToolbarComponent  should goBackOutside() TRUE isSelectMode" time="0.047" classname="HeadlessChrome_80_0_3987_(Mac_OS_X_10_15_3).IndoorNavigationToolbarComponent ">
    <failure type="">NullInjectorError: StaticInjectorError(DynamicTestModule)[IndoorNavigationToolbarComponent -&gt; DirectionsManagerService]: 
  StaticInjectorError(Platform: core)[IndoorNavigationToolbarComponent -&gt; DirectionsManagerService]: 
    NullInjectorError: No provider for DirectionsManagerService!
error properties: Object({ ngTempTokenPath: null, ngTokenPath: [ 'IndoorNavigationToolbarComponent', Function ], ngDebugContext: DebugContext_({ view: Object({ def: Object({ factory: Function, nodeFlags: 37797889, rootNodeFlags: 33554433, nodeMatchedQueries: 0, flags: 0, nodes: [ Object({ nodeIndex: 0, parent: null, renderParent: null, bindingIndex: 0, outputIndex: 0, checkIndex: 0, flags: 33554433, childFlags: 4243456, directChildFlags: 4243456, childMatchedQueries: 0, matchedQueries: Object({  }), matchedQueryIds: 0, references: Object({  }), ngContentIndex: null, childCount: 1, bindings: [  ], bindingFlags: 0, outputs: [  ], element: Object({ ns: '', name: 'app-indoor-navigation-toolbar', attrs: [  ], template: null, componentProvider: Object({ nodeIndex: 1, parent: &lt;circular reference: Object&gt;, renderParent: &lt;circular reference: Object&gt;, bindingIndex: 0, outputIndex: 0, checkIndex: 1, flags: 4243456, childFlags: 0, directChildFlags: 0, childMatchedQueries: 0, matchedQueries: Object, matchedQueryIds ...
    at &lt;Jasmine&gt;
    at NullInjector.push../node_modules/@angular/core/fesm5/core.js.NullInjector.get (http://localhost:9876/_karma_webpack_/node_modules/@angular/core/fesm5/core.js:724:1)
    at resolveToken (http://localhost:9876/_karma_webpack_/node_modules/@angular/core/fesm5/core.js:2093:1)
    at tryResolveToken (http://localhost:9876/_karma_webpack_/node_modules/@angular/core/fesm5/core.js:2037:1)
    at StaticInjector.push../node_modules/@angular/core/fesm5/core.js.StaticInjector.get (http://localhost:9876/_karma_webpack_/node_modules/@angular/core/fesm5/core.js:1941:1)
    at resolveToken (http://localhost:9876/_karma_webpack_/node_modules/@angular/core/fesm5/core.js:2093:1)
    at tryResolveToken (http://localhost:9876/_karma_webpack_/node_modules/@angular/core/fesm5/core.js:2037:1)
    at StaticInjector.push../node_modules/@angular/core/fesm5/core.js.StaticInjector.get (http://localhost:9876/_karma_webpack_/node_modules/@angular/core/fesm5/core.js:1941:1)
    at resolveNgModuleDep (http://localhost:9876/_karma_webpack_/node_modules/@angular/core/fesm5/core.js:20895:1)
    at NgModuleRef_.push../node_modules/@angular/core/fesm5/core.js.NgModuleRef_.get (http://localhost:9876/_karma_webpack_/node_modules/@angular/core/fesm5/core.js:21584:1)
    at resolveDep (http://localhost:9876/_karma_webpack_/node_modules/@angular/core/fesm5/core.js:21955:1)
</failure>
    <failure type="">TypeError: Cannot set property 'isSelectMode' of undefined
    at &lt;Jasmine&gt;
    at UserContext.&lt;anonymous&gt; (http://localhost:9876/_karma_webpack_/src/app/components/indoor/indoor-navigation-toolbar/indoor-navigation-toolbar.component.spec.ts:112:30)
    at ZoneDelegate../node_modules/zone.js/dist/zone.js.ZoneDelegate.invoke (http://localhost:9876/_karma_webpack_/node_modules/zone.js/dist/zone.js:391:1)
    at ProxyZoneSpec.push../node_modules/zone.js/dist/zone-testing.js.ProxyZoneSpec.onInvoke (http://localhost:9876/_karma_webpack_/node_modules/zone.js/dist/zone-testing.js:308:1)
    at ZoneDelegate../node_modules/zone.js/dist/zone.js.ZoneDelegate.invoke (http://localhost:9876/_karma_webpack_/node_modules/zone.js/dist/zone.js:390:1)
    at Zone../node_modules/zone.js/dist/zone.js.Zone.run (http://localhost:9876/_karma_webpack_/node_modules/zone.js/dist/zone.js:150:1)
    at runInTestZone (http://localhost:9876/_karma_webpack_/node_modules/zone.js/dist/zone-testing.js:561:1)
    at UserContext.&lt;anonymous&gt; (http://localhost:9876/_karma_webpack_/node_modules/zone.js/dist/zone-testing.js:576:1)
    at &lt;Jasmine&gt;
</failure>
  </testcase>
  <testcase name="IndoorNavigationToolbarComponent  should adjustSettings()" time="0.033" classname="HeadlessChrome_80_0_3987_(Mac_OS_X_10_15_3).IndoorNavigationToolbarComponent ">
    <failure type="">NullInjectorError: StaticInjectorError(DynamicTestModule)[IndoorNavigationToolbarComponent -&gt; DirectionsManagerService]: 
  StaticInjectorError(Platform: core)[IndoorNavigationToolbarComponent -&gt; DirectionsManagerService]: 
    NullInjectorError: No provider for DirectionsManagerService!
error properties: Object({ ngTempTokenPath: null, ngTokenPath: [ 'IndoorNavigationToolbarComponent', Function ], ngDebugContext: DebugContext_({ view: Object({ def: Object({ factory: Function, nodeFlags: 37797889, rootNodeFlags: 33554433, nodeMatchedQueries: 0, flags: 0, nodes: [ Object({ nodeIndex: 0, parent: null, renderParent: null, bindingIndex: 0, outputIndex: 0, checkIndex: 0, flags: 33554433, childFlags: 4243456, directChildFlags: 4243456, childMatchedQueries: 0, matchedQueries: Object({  }), matchedQueryIds: 0, references: Object({  }), ngContentIndex: null, childCount: 1, bindings: [  ], bindingFlags: 0, outputs: [  ], element: Object({ ns: '', name: 'app-indoor-navigation-toolbar', attrs: [  ], template: null, componentProvider: Object({ nodeIndex: 1, parent: &lt;circular reference: Object&gt;, renderParent: &lt;circular reference: Object&gt;, bindingIndex: 0, outputIndex: 0, checkIndex: 1, flags: 4243456, childFlags: 0, directChildFlags: 0, childMatchedQueries: 0, matchedQueries: Object, matchedQueryIds ...
    at &lt;Jasmine&gt;
    at NullInjector.push../node_modules/@angular/core/fesm5/core.js.NullInjector.get (http://localhost:9876/_karma_webpack_/node_modules/@angular/core/fesm5/core.js:724:1)
    at resolveToken (http://localhost:9876/_karma_webpack_/node_modules/@angular/core/fesm5/core.js:2093:1)
    at tryResolveToken (http://localhost:9876/_karma_webpack_/node_modules/@angular/core/fesm5/core.js:2037:1)
    at StaticInjector.push../node_modules/@angular/core/fesm5/core.js.StaticInjector.get (http://localhost:9876/_karma_webpack_/node_modules/@angular/core/fesm5/core.js:1941:1)
    at resolveToken (http://localhost:9876/_karma_webpack_/node_modules/@angular/core/fesm5/core.js:2093:1)
    at tryResolveToken (http://localhost:9876/_karma_webpack_/node_modules/@angular/core/fesm5/core.js:2037:1)
    at StaticInjector.push../node_modules/@angular/core/fesm5/core.js.StaticInjector.get (http://localhost:9876/_karma_webpack_/node_modules/@angular/core/fesm5/core.js:1941:1)
    at resolveNgModuleDep (http://localhost:9876/_karma_webpack_/node_modules/@angular/core/fesm5/core.js:20895:1)
    at NgModuleRef_.push../node_modules/@angular/core/fesm5/core.js.NgModuleRef_.get (http://localhost:9876/_karma_webpack_/node_modules/@angular/core/fesm5/core.js:21584:1)
    at resolveDep (http://localhost:9876/_karma_webpack_/node_modules/@angular/core/fesm5/core.js:21955:1)
</failure>
    <failure type="">TypeError: Cannot read property 'router' of undefined
    at &lt;Jasmine&gt;
    at UserContext.&lt;anonymous&gt; (http://localhost:9876/_karma_webpack_/src/app/components/indoor/indoor-navigation-toolbar/indoor-navigation-toolbar.component.spec.ts:124:20)
    at ZoneDelegate../node_modules/zone.js/dist/zone.js.ZoneDelegate.invoke (http://localhost:9876/_karma_webpack_/node_modules/zone.js/dist/zone.js:391:1)
    at ProxyZoneSpec.push../node_modules/zone.js/dist/zone-testing.js.ProxyZoneSpec.onInvoke (http://localhost:9876/_karma_webpack_/node_modules/zone.js/dist/zone-testing.js:308:1)
    at ZoneDelegate../node_modules/zone.js/dist/zone.js.ZoneDelegate.invoke (http://localhost:9876/_karma_webpack_/node_modules/zone.js/dist/zone.js:390:1)
    at Zone../node_modules/zone.js/dist/zone.js.Zone.run (http://localhost:9876/_karma_webpack_/node_modules/zone.js/dist/zone.js:150:1)
    at runInTestZone (http://localhost:9876/_karma_webpack_/node_modules/zone.js/dist/zone-testing.js:561:1)
    at UserContext.&lt;anonymous&gt; (http://localhost:9876/_karma_webpack_/node_modules/zone.js/dist/zone-testing.js:576:1)
    at &lt;Jasmine&gt;
</failure>
  </testcase>
  <testcase name="IndoorTimeOfArrivalComponent should create" time="0.234" classname="HeadlessChrome_80_0_3987_(Mac_OS_X_10_15_3).IndoorTimeOfArrivalComponent">
    <failure type="">&lt;ion-card&gt;
  &lt;ion-card-header&gt;
    &lt;ion-card-title&gt;{{'estimated-toa' | translate}} {{destPoint}} {{[ERROR -&gt;]'from' | translate}} {{startPoint}} &lt;/ion-card-title&gt;
  &lt;/ion-card-header&gt;
  &lt;ion-card-content&gt;
    {{'time' | translate}} {{travelTime}[ERROR -&gt;]} {{'mins' | translate}}
  &lt;/ion-card-content&gt;
&lt;/ion-card&gt;
error properties: Object({ ngSyntaxError: true, ngParseErrors: [ The pipe 'translate' could not be found ("
"): ng:///DynamicTestModule/IndoorTimeOfArrivalComponent.html@3:68, The pipe 'translate' could not be found ("
"): ng:///DynamicTestModule/IndoorTimeOfArrivalComponent.html@7:40 ] })
    at &lt;Jasmine&gt;
    at syntaxError (http://localhost:9876/_karma_webpack_/node_modules/@angular/compiler/fesm5/compiler.js:2420:1)
    at TemplateParser.push../node_modules/@angular/compiler/fesm5/compiler.js.TemplateParser.parse (http://localhost:9876/_karma_webpack_/node_modules/@angular/compiler/fesm5/compiler.js:11987:1)
    at JitCompiler.push../node_modules/@angular/compiler/fesm5/compiler.js.JitCompiler._parseTemplate (http://localhost:9876/_karma_webpack_/node_modules/@angular/compiler/fesm5/compiler.js:27259:1)
    at JitCompiler.push../node_modules/@angular/compiler/fesm5/compiler.js.JitCompiler._compileTemplate (http://localhost:9876/_karma_webpack_/node_modules/@angular/compiler/fesm5/compiler.js:27246:1)
    at http://localhost:9876/_karma_webpack_/node_modules/@angular/compiler/fesm5/compiler.js:27189:48
    at &lt;Jasmine&gt;
    at JitCompiler.push../node_modules/@angular/compiler/fesm5/compiler.js.JitCompiler._compileComponents (http://localhost:9876/_karma_webpack_/node_modules/@angular/compiler/fesm5/compiler.js:27189:1)
    at http://localhost:9876/_karma_webpack_/node_modules/@angular/compiler/fesm5/compiler.js:27107:1
    at Object.then (http://localhost:9876/_karma_webpack_/node_modules/@angular/compiler/fesm5/compiler.js:2411:33)
    at JitCompiler.push../node_modules/@angular/compiler/fesm5/compiler.js.JitCompiler._compileModuleAndAllComponents (http://localhost:9876/_karma_webpack_/node_modules/@angular/compiler/fesm5/compiler.js:27105:1)
</failure>
    <failure type="">Error: Expected undefined to be truthy.
    at &lt;Jasmine&gt;
    at UserContext.&lt;anonymous&gt; (http://localhost:9876/_karma_webpack_/src/app/components/indoor/indoor-time-of-arrival/indoor-time-of-arrival.component.spec.ts:22:23)
    at ZoneDelegate../node_modules/zone.js/dist/zone.js.ZoneDelegate.invoke (http://localhost:9876/_karma_webpack_/node_modules/zone.js/dist/zone.js:391:1)
    at ProxyZoneSpec.push../node_modules/zone.js/dist/zone-testing.js.ProxyZoneSpec.onInvoke (http://localhost:9876/_karma_webpack_/node_modules/zone.js/dist/zone-testing.js:308:1)
</failure>
  </testcase>
  <testcase name="GoogleMapComponent  should create" time="0.208" classname="HeadlessChrome_80_0_3987_(Mac_OS_X_10_15_3).GoogleMapComponent ">
    <failure type="">NullInjectorError: StaticInjectorError(DynamicTestModule)[GoogleMapComponent -&gt; DirectionsManagerService]: 
  StaticInjectorError(Platform: core)[GoogleMapComponent -&gt; DirectionsManagerService]: 
    NullInjectorError: No provider for DirectionsManagerService!
error properties: Object({ ngTempTokenPath: null, ngTokenPath: [ 'GoogleMapComponent', Function ], ngDebugContext: DebugContext_({ view: Object({ def: Object({ factory: Function, nodeFlags: 33669121, rootNodeFlags: 33554433, nodeMatchedQueries: 0, flags: 0, nodes: [ Object({ nodeIndex: 0, parent: null, renderParent: null, bindingIndex: 0, outputIndex: 0, checkIndex: 0, flags: 33554433, childFlags: 114688, directChildFlags: 114688, childMatchedQueries: 0, matchedQueries: Object({  }), matchedQueryIds: 0, references: Object({  }), ngContentIndex: null, childCount: 1, bindings: [  ], bindingFlags: 0, outputs: [  ], element: Object({ ns: '', name: 'app-google-map', attrs: [  ], template: null, componentProvider: Object({ nodeIndex: 1, parent: &lt;circular reference: Object&gt;, renderParent: &lt;circular reference: Object&gt;, bindingIndex: 0, outputIndex: 0, checkIndex: 1, flags: 114688, childFlags: 0, directChildFlags: 0, childMatchedQueries: 0, matchedQueries: Object, matchedQueryIds: 0, references: Object, ngCo ...
    at &lt;Jasmine&gt;
    at NullInjector.push../node_modules/@angular/core/fesm5/core.js.NullInjector.get (http://localhost:9876/_karma_webpack_/node_modules/@angular/core/fesm5/core.js:724:1)
    at resolveToken (http://localhost:9876/_karma_webpack_/node_modules/@angular/core/fesm5/core.js:2093:1)
    at tryResolveToken (http://localhost:9876/_karma_webpack_/node_modules/@angular/core/fesm5/core.js:2037:1)
    at StaticInjector.push../node_modules/@angular/core/fesm5/core.js.StaticInjector.get (http://localhost:9876/_karma_webpack_/node_modules/@angular/core/fesm5/core.js:1941:1)
    at resolveToken (http://localhost:9876/_karma_webpack_/node_modules/@angular/core/fesm5/core.js:2093:1)
    at tryResolveToken (http://localhost:9876/_karma_webpack_/node_modules/@angular/core/fesm5/core.js:2037:1)
    at StaticInjector.push../node_modules/@angular/core/fesm5/core.js.StaticInjector.get (http://localhost:9876/_karma_webpack_/node_modules/@angular/core/fesm5/core.js:1941:1)
    at resolveNgModuleDep (http://localhost:9876/_karma_webpack_/node_modules/@angular/core/fesm5/core.js:20895:1)
    at NgModuleRef_.push../node_modules/@angular/core/fesm5/core.js.NgModuleRef_.get (http://localhost:9876/_karma_webpack_/node_modules/@angular/core/fesm5/core.js:21584:1)
    at resolveDep (http://localhost:9876/_karma_webpack_/node_modules/@angular/core/fesm5/core.js:21955:1)
</failure>
    <failure type="">Error: Expected undefined to be truthy.
    at &lt;Jasmine&gt;
    at UserContext.&lt;anonymous&gt; (http://localhost:9876/_karma_webpack_/src/app/components/outdoor/google-map/google-map.component.spec.ts:77:23)
    at ZoneDelegate../node_modules/zone.js/dist/zone.js.ZoneDelegate.invoke (http://localhost:9876/_karma_webpack_/node_modules/zone.js/dist/zone.js:391:1)
    at ProxyZoneSpec.push../node_modules/zone.js/dist/zone-testing.js.ProxyZoneSpec.onInvoke (http://localhost:9876/_karma_webpack_/node_modules/zone.js/dist/zone-testing.js:308:1)
</failure>
  </testcase>
  <testcase name="GoogleMapComponent  should Mock currentLocation" time="0.165" classname="HeadlessChrome_80_0_3987_(Mac_OS_X_10_15_3).GoogleMapComponent ">
    <failure type="">NullInjectorError: StaticInjectorError(DynamicTestModule)[GoogleMapComponent -&gt; DirectionsManagerService]: 
  StaticInjectorError(Platform: core)[GoogleMapComponent -&gt; DirectionsManagerService]: 
    NullInjectorError: No provider for DirectionsManagerService!
error properties: Object({ ngTempTokenPath: null, ngTokenPath: [ 'GoogleMapComponent', Function ], ngDebugContext: DebugContext_({ view: Object({ def: Object({ factory: Function, nodeFlags: 33669121, rootNodeFlags: 33554433, nodeMatchedQueries: 0, flags: 0, nodes: [ Object({ nodeIndex: 0, parent: null, renderParent: null, bindingIndex: 0, outputIndex: 0, checkIndex: 0, flags: 33554433, childFlags: 114688, directChildFlags: 114688, childMatchedQueries: 0, matchedQueries: Object({  }), matchedQueryIds: 0, references: Object({  }), ngContentIndex: null, childCount: 1, bindings: [  ], bindingFlags: 0, outputs: [  ], element: Object({ ns: '', name: 'app-google-map', attrs: [  ], template: null, componentProvider: Object({ nodeIndex: 1, parent: &lt;circular reference: Object&gt;, renderParent: &lt;circular reference: Object&gt;, bindingIndex: 0, outputIndex: 0, checkIndex: 1, flags: 114688, childFlags: 0, directChildFlags: 0, childMatchedQueries: 0, matchedQueries: Object, matchedQueryIds: 0, references: Object, ngCo ...
    at &lt;Jasmine&gt;
    at NullInjector.push../node_modules/@angular/core/fesm5/core.js.NullInjector.get (http://localhost:9876/_karma_webpack_/node_modules/@angular/core/fesm5/core.js:724:1)
    at resolveToken (http://localhost:9876/_karma_webpack_/node_modules/@angular/core/fesm5/core.js:2093:1)
    at tryResolveToken (http://localhost:9876/_karma_webpack_/node_modules/@angular/core/fesm5/core.js:2037:1)
    at StaticInjector.push../node_modules/@angular/core/fesm5/core.js.StaticInjector.get (http://localhost:9876/_karma_webpack_/node_modules/@angular/core/fesm5/core.js:1941:1)
    at resolveToken (http://localhost:9876/_karma_webpack_/node_modules/@angular/core/fesm5/core.js:2093:1)
    at tryResolveToken (http://localhost:9876/_karma_webpack_/node_modules/@angular/core/fesm5/core.js:2037:1)
    at StaticInjector.push../node_modules/@angular/core/fesm5/core.js.StaticInjector.get (http://localhost:9876/_karma_webpack_/node_modules/@angular/core/fesm5/core.js:1941:1)
    at resolveNgModuleDep (http://localhost:9876/_karma_webpack_/node_modules/@angular/core/fesm5/core.js:20895:1)
    at NgModuleRef_.push../node_modules/@angular/core/fesm5/core.js.NgModuleRef_.get (http://localhost:9876/_karma_webpack_/node_modules/@angular/core/fesm5/core.js:21584:1)
    at resolveDep (http://localhost:9876/_karma_webpack_/node_modules/@angular/core/fesm5/core.js:21955:1)
</failure>
    <failure type="">TypeError: Cannot read property 'subscribeToChangeInCurrentPOS' of undefined
    at &lt;Jasmine&gt;
    at UserContext.&lt;anonymous&gt; (http://localhost:9876/_karma_webpack_/src/app/components/outdoor/google-map/google-map.component.spec.ts:87:15)
    at ZoneDelegate../node_modules/zone.js/dist/zone.js.ZoneDelegate.invoke (http://localhost:9876/_karma_webpack_/node_modules/zone.js/dist/zone.js:391:1)
    at ProxyZoneSpec.push../node_modules/zone.js/dist/zone-testing.js.ProxyZoneSpec.onInvoke (http://localhost:9876/_karma_webpack_/node_modules/zone.js/dist/zone-testing.js:308:1)
    at ZoneDelegate../node_modules/zone.js/dist/zone.js.ZoneDelegate.invoke (http://localhost:9876/_karma_webpack_/node_modules/zone.js/dist/zone.js:390:1)
    at Zone../node_modules/zone.js/dist/zone.js.Zone.run (http://localhost:9876/_karma_webpack_/node_modules/zone.js/dist/zone.js:150:1)
    at runInTestZone (http://localhost:9876/_karma_webpack_/node_modules/zone.js/dist/zone-testing.js:561:1)
    at UserContext.&lt;anonymous&gt; (http://localhost:9876/_karma_webpack_/node_modules/zone.js/dist/zone-testing.js:576:1)
    at &lt;Jasmine&gt;
</failure>
  </testcase>
  <testcase name="GoogleMapComponent  should mock building info" time="0.13" classname="HeadlessChrome_80_0_3987_(Mac_OS_X_10_15_3).GoogleMapComponent ">
    <failure type="">NullInjectorError: StaticInjectorError(DynamicTestModule)[GoogleMapComponent -&gt; DirectionsManagerService]: 
  StaticInjectorError(Platform: core)[GoogleMapComponent -&gt; DirectionsManagerService]: 
    NullInjectorError: No provider for DirectionsManagerService!
error properties: Object({ ngTempTokenPath: null, ngTokenPath: [ 'GoogleMapComponent', Function ], ngDebugContext: DebugContext_({ view: Object({ def: Object({ factory: Function, nodeFlags: 33669121, rootNodeFlags: 33554433, nodeMatchedQueries: 0, flags: 0, nodes: [ Object({ nodeIndex: 0, parent: null, renderParent: null, bindingIndex: 0, outputIndex: 0, checkIndex: 0, flags: 33554433, childFlags: 114688, directChildFlags: 114688, childMatchedQueries: 0, matchedQueries: Object({  }), matchedQueryIds: 0, references: Object({  }), ngContentIndex: null, childCount: 1, bindings: [  ], bindingFlags: 0, outputs: [  ], element: Object({ ns: '', name: 'app-google-map', attrs: [  ], template: null, componentProvider: Object({ nodeIndex: 1, parent: &lt;circular reference: Object&gt;, renderParent: &lt;circular reference: Object&gt;, bindingIndex: 0, outputIndex: 0, checkIndex: 1, flags: 114688, childFlags: 0, directChildFlags: 0, childMatchedQueries: 0, matchedQueries: Object, matchedQueryIds: 0, references: Object, ngCo ...
    at &lt;Jasmine&gt;
    at NullInjector.push../node_modules/@angular/core/fesm5/core.js.NullInjector.get (http://localhost:9876/_karma_webpack_/node_modules/@angular/core/fesm5/core.js:724:1)
    at resolveToken (http://localhost:9876/_karma_webpack_/node_modules/@angular/core/fesm5/core.js:2093:1)
    at tryResolveToken (http://localhost:9876/_karma_webpack_/node_modules/@angular/core/fesm5/core.js:2037:1)
    at StaticInjector.push../node_modules/@angular/core/fesm5/core.js.StaticInjector.get (http://localhost:9876/_karma_webpack_/node_modules/@angular/core/fesm5/core.js:1941:1)
    at resolveToken (http://localhost:9876/_karma_webpack_/node_modules/@angular/core/fesm5/core.js:2093:1)
    at tryResolveToken (http://localhost:9876/_karma_webpack_/node_modules/@angular/core/fesm5/core.js:2037:1)
    at StaticInjector.push../node_modules/@angular/core/fesm5/core.js.StaticInjector.get (http://localhost:9876/_karma_webpack_/node_modules/@angular/core/fesm5/core.js:1941:1)
    at resolveNgModuleDep (http://localhost:9876/_karma_webpack_/node_modules/@angular/core/fesm5/core.js:20895:1)
    at NgModuleRef_.push../node_modules/@angular/core/fesm5/core.js.NgModuleRef_.get (http://localhost:9876/_karma_webpack_/node_modules/@angular/core/fesm5/core.js:21584:1)
    at resolveDep (http://localhost:9876/_karma_webpack_/node_modules/@angular/core/fesm5/core.js:21955:1)
</failure>
    <failure type="">TypeError: Cannot read property 'overlayCoords' of undefined
    at &lt;Jasmine&gt;
    at UserContext.&lt;anonymous&gt; (http://localhost:9876/_karma_webpack_/src/app/components/outdoor/google-map/google-map.component.spec.ts:96:51)
    at ZoneDelegate../node_modules/zone.js/dist/zone.js.ZoneDelegate.invoke (http://localhost:9876/_karma_webpack_/node_modules/zone.js/dist/zone.js:391:1)
    at ProxyZoneSpec.push../node_modules/zone.js/dist/zone-testing.js.ProxyZoneSpec.onInvoke (http://localhost:9876/_karma_webpack_/node_modules/zone.js/dist/zone-testing.js:308:1)
    at ZoneDelegate../node_modules/zone.js/dist/zone.js.ZoneDelegate.invoke (http://localhost:9876/_karma_webpack_/node_modules/zone.js/dist/zone.js:390:1)
    at Zone../node_modules/zone.js/dist/zone.js.Zone.run (http://localhost:9876/_karma_webpack_/node_modules/zone.js/dist/zone.js:150:1)
    at runInTestZone (http://localhost:9876/_karma_webpack_/node_modules/zone.js/dist/zone-testing.js:561:1)
    at UserContext.&lt;anonymous&gt; (http://localhost:9876/_karma_webpack_/node_modules/zone.js/dist/zone-testing.js:576:1)
    at &lt;Jasmine&gt;
</failure>
  </testcase>
  <testcase name="ModalDirectionsComponent  should create" time="0.136" classname="HeadlessChrome_80_0_3987_(Mac_OS_X_10_15_3).ModalDirectionsComponent "/>
  <testcase name="OutdoorNavigationSideButtonsComponent  should create" time="0.249" classname="HeadlessChrome_80_0_3987_(Mac_OS_X_10_15_3).OutdoorNavigationSideButtonsComponent ">
    <failure type="">      [hidden]="isGoToButtonHidden"
      &gt;
      &lt;ion-label&gt;{{ [ERROR -&gt;]'gotolocation-label' | translate}}&lt;/ion-label&gt;
    &lt;/ion-button&gt;
  &lt;/ion-row&gt;
The pipe 'translate' could not be found ("
      [hidden]="isGoToButtonHidden"
      &gt;
      &lt;ion-label&gt;{{ [ERROR -&gt;]'gotolocation-label' | translate}}&lt;/ion-label&gt;
    &lt;/ion-button&gt;
  &lt;/ion-row&gt;
"): ng:///DynamicTestModule/OutdoorNavigationSideButtonsComponent.html@49:20
error properties: Object({ ngSyntaxError: true, ngParseErrors: [ The pipe 'translate' could not be found ("
"): ng:///DynamicTestModule/OutdoorNavigationSideButtonsComponent.html@49:20 ] })
Error: Template parse errors:
    at syntaxError (http://localhost:9876/_karma_webpack_/node_modules/@angular/compiler/fesm5/compiler.js:2420:1)
    at TemplateParser.push../node_modules/@angular/compiler/fesm5/compiler.js.TemplateParser.parse (http://localhost:9876/_karma_webpack_/node_modules/@angular/compiler/fesm5/compiler.js:11987:1)
    at JitCompiler.push../node_modules/@angular/compiler/fesm5/compiler.js.JitCompiler._parseTemplate (http://localhost:9876/_karma_webpack_/node_modules/@angular/compiler/fesm5/compiler.js:27259:1)
    at JitCompiler.push../node_modules/@angular/compiler/fesm5/compiler.js.JitCompiler._compileTemplate (http://localhost:9876/_karma_webpack_/node_modules/@angular/compiler/fesm5/compiler.js:27246:1)
    at http://localhost:9876/_karma_webpack_/node_modules/@angular/compiler/fesm5/compiler.js:27189:48
    at &lt;Jasmine&gt;
    at JitCompiler.push../node_modules/@angular/compiler/fesm5/compiler.js.JitCompiler._compileComponents (http://localhost:9876/_karma_webpack_/node_modules/@angular/compiler/fesm5/compiler.js:27189:1)
    at http://localhost:9876/_karma_webpack_/node_modules/@angular/compiler/fesm5/compiler.js:27107:1
    at Object.then (http://localhost:9876/_karma_webpack_/node_modules/@angular/compiler/fesm5/compiler.js:2411:33)
    at JitCompiler.push../node_modules/@angular/compiler/fesm5/compiler.js.JitCompiler._compileModuleAndAllComponents (http://localhost:9876/_karma_webpack_/node_modules/@angular/compiler/fesm5/compiler.js:27105:1)
</failure>
    <failure type="">      [hidden]="isGoToButtonHidden"
      &gt;
      &lt;ion-label&gt;{{ [ERROR -&gt;]'gotolocation-label' | translate}}&lt;/ion-label&gt;
    &lt;/ion-button&gt;
  &lt;/ion-row&gt;
Error: Template parse errors:
The pipe 'translate' could not be found ("
      [hidden]="isGoToButtonHidden"
      &gt;
      &lt;ion-label&gt;{{ [ERROR -&gt;]'gotolocation-label' | translate}}&lt;/ion-label&gt;
    &lt;/ion-button&gt;
  &lt;/ion-row&gt;
"): ng:///DynamicTestModule/OutdoorNavigationSideButtonsComponent.html@49:20
error properties: Object({ ngSyntaxError: true, ngParseErrors: [ The pipe 'translate' could not be found ("
"): ng:///DynamicTestModule/OutdoorNavigationSideButtonsComponent.html@49:20 ] })
    at syntaxError (http://localhost:9876/_karma_webpack_/node_modules/@angular/compiler/fesm5/compiler.js:2420:1)
    at TemplateParser.push../node_modules/@angular/compiler/fesm5/compiler.js.TemplateParser.parse (http://localhost:9876/_karma_webpack_/node_modules/@angular/compiler/fesm5/compiler.js:11987:1)
    at JitCompiler.push../node_modules/@angular/compiler/fesm5/compiler.js.JitCompiler._parseTemplate (http://localhost:9876/_karma_webpack_/node_modules/@angular/compiler/fesm5/compiler.js:27259:1)
    at JitCompiler.push../node_modules/@angular/compiler/fesm5/compiler.js.JitCompiler._compileTemplate (http://localhost:9876/_karma_webpack_/node_modules/@angular/compiler/fesm5/compiler.js:27246:1)
    at http://localhost:9876/_karma_webpack_/node_modules/@angular/compiler/fesm5/compiler.js:27189:48
    at &lt;Jasmine&gt;
    at JitCompiler.push../node_modules/@angular/compiler/fesm5/compiler.js.JitCompiler._compileComponents (http://localhost:9876/_karma_webpack_/node_modules/@angular/compiler/fesm5/compiler.js:27189:1)
    at http://localhost:9876/_karma_webpack_/node_modules/@angular/compiler/fesm5/compiler.js:27107:1
    at Object.then (http://localhost:9876/_karma_webpack_/node_modules/@angular/compiler/fesm5/compiler.js:2411:33)
    at JitCompiler.push../node_modules/@angular/compiler/fesm5/compiler.js.JitCompiler._compileModuleAndAllComponents (http://localhost:9876/_karma_webpack_/node_modules/@angular/compiler/fesm5/compiler.js:27105:1)
</failure>
    <failure type="">Error: Expected undefined to be truthy.
    at &lt;Jasmine&gt;
    at UserContext.&lt;anonymous&gt; (http://localhost:9876/_karma_webpack_/src/app/components/outdoor/outdoor-navigation-side-buttons/outdoor-navigation-side-buttons.component.spec.ts:47:23)
    at ZoneDelegate../node_modules/zone.js/dist/zone.js.ZoneDelegate.invoke (http://localhost:9876/_karma_webpack_/node_modules/zone.js/dist/zone.js:391:1)
    at ProxyZoneSpec.push../node_modules/zone.js/dist/zone-testing.js.ProxyZoneSpec.onInvoke (http://localhost:9876/_karma_webpack_/node_modules/zone.js/dist/zone-testing.js:308:1)
</failure>
  </testcase>
  <testcase name="OutdoorNavigationSideButtonsComponent  test poi toggle" time="0.204" classname="HeadlessChrome_80_0_3987_(Mac_OS_X_10_15_3).OutdoorNavigationSideButtonsComponent ">
    <failure type="">      [hidden]="isGoToButtonHidden"
      &gt;
      &lt;ion-label&gt;{{ [ERROR -&gt;]'gotolocation-label' | translate}}&lt;/ion-label&gt;
    &lt;/ion-button&gt;
  &lt;/ion-row&gt;
The pipe 'translate' could not be found ("
      [hidden]="isGoToButtonHidden"
      &gt;
      &lt;ion-label&gt;{{ [ERROR -&gt;]'gotolocation-label' | translate}}&lt;/ion-label&gt;
    &lt;/ion-button&gt;
  &lt;/ion-row&gt;
"): ng:///DynamicTestModule/OutdoorNavigationSideButtonsComponent.html@49:20
error properties: Object({ ngSyntaxError: true, ngParseErrors: [ The pipe 'translate' could not be found ("
"): ng:///DynamicTestModule/OutdoorNavigationSideButtonsComponent.html@49:20 ] })
Error: Template parse errors:
    at syntaxError (http://localhost:9876/_karma_webpack_/node_modules/@angular/compiler/fesm5/compiler.js:2420:1)
    at TemplateParser.push../node_modules/@angular/compiler/fesm5/compiler.js.TemplateParser.parse (http://localhost:9876/_karma_webpack_/node_modules/@angular/compiler/fesm5/compiler.js:11987:1)
    at JitCompiler.push../node_modules/@angular/compiler/fesm5/compiler.js.JitCompiler._parseTemplate (http://localhost:9876/_karma_webpack_/node_modules/@angular/compiler/fesm5/compiler.js:27259:1)
    at JitCompiler.push../node_modules/@angular/compiler/fesm5/compiler.js.JitCompiler._compileTemplate (http://localhost:9876/_karma_webpack_/node_modules/@angular/compiler/fesm5/compiler.js:27246:1)
    at http://localhost:9876/_karma_webpack_/node_modules/@angular/compiler/fesm5/compiler.js:27189:48
    at &lt;Jasmine&gt;
    at JitCompiler.push../node_modules/@angular/compiler/fesm5/compiler.js.JitCompiler._compileComponents (http://localhost:9876/_karma_webpack_/node_modules/@angular/compiler/fesm5/compiler.js:27189:1)
    at http://localhost:9876/_karma_webpack_/node_modules/@angular/compiler/fesm5/compiler.js:27107:1
    at Object.then (http://localhost:9876/_karma_webpack_/node_modules/@angular/compiler/fesm5/compiler.js:2411:33)
    at JitCompiler.push../node_modules/@angular/compiler/fesm5/compiler.js.JitCompiler._compileModuleAndAllComponents (http://localhost:9876/_karma_webpack_/node_modules/@angular/compiler/fesm5/compiler.js:27105:1)
</failure>
    <failure type="">      [hidden]="isGoToButtonHidden"
      &gt;
      &lt;ion-label&gt;{{ [ERROR -&gt;]'gotolocation-label' | translate}}&lt;/ion-label&gt;
    &lt;/ion-button&gt;
  &lt;/ion-row&gt;
Error: Template parse errors:
The pipe 'translate' could not be found ("
      [hidden]="isGoToButtonHidden"
      &gt;
      &lt;ion-label&gt;{{ [ERROR -&gt;]'gotolocation-label' | translate}}&lt;/ion-label&gt;
    &lt;/ion-button&gt;
  &lt;/ion-row&gt;
"): ng:///DynamicTestModule/OutdoorNavigationSideButtonsComponent.html@49:20
error properties: Object({ ngSyntaxError: true, ngParseErrors: [ The pipe 'translate' could not be found ("
"): ng:///DynamicTestModule/OutdoorNavigationSideButtonsComponent.html@49:20 ] })
    at syntaxError (http://localhost:9876/_karma_webpack_/node_modules/@angular/compiler/fesm5/compiler.js:2420:1)
    at TemplateParser.push../node_modules/@angular/compiler/fesm5/compiler.js.TemplateParser.parse (http://localhost:9876/_karma_webpack_/node_modules/@angular/compiler/fesm5/compiler.js:11987:1)
    at JitCompiler.push../node_modules/@angular/compiler/fesm5/compiler.js.JitCompiler._parseTemplate (http://localhost:9876/_karma_webpack_/node_modules/@angular/compiler/fesm5/compiler.js:27259:1)
    at JitCompiler.push../node_modules/@angular/compiler/fesm5/compiler.js.JitCompiler._compileTemplate (http://localhost:9876/_karma_webpack_/node_modules/@angular/compiler/fesm5/compiler.js:27246:1)
    at http://localhost:9876/_karma_webpack_/node_modules/@angular/compiler/fesm5/compiler.js:27189:48
    at &lt;Jasmine&gt;
    at JitCompiler.push../node_modules/@angular/compiler/fesm5/compiler.js.JitCompiler._compileComponents (http://localhost:9876/_karma_webpack_/node_modules/@angular/compiler/fesm5/compiler.js:27189:1)
    at http://localhost:9876/_karma_webpack_/node_modules/@angular/compiler/fesm5/compiler.js:27107:1
    at Object.then (http://localhost:9876/_karma_webpack_/node_modules/@angular/compiler/fesm5/compiler.js:2411:33)
    at JitCompiler.push../node_modules/@angular/compiler/fesm5/compiler.js.JitCompiler._compileModuleAndAllComponents (http://localhost:9876/_karma_webpack_/node_modules/@angular/compiler/fesm5/compiler.js:27105:1)
</failure>
    <failure type="">TypeError: Cannot read property 'detectChanges' of undefined
    at &lt;Jasmine&gt;
    at UserContext.&lt;anonymous&gt; (http://localhost:9876/_karma_webpack_/src/app/components/outdoor/outdoor-navigation-side-buttons/outdoor-navigation-side-buttons.component.spec.ts:51:13)
    at ZoneDelegate../node_modules/zone.js/dist/zone.js.ZoneDelegate.invoke (http://localhost:9876/_karma_webpack_/node_modules/zone.js/dist/zone.js:391:1)
    at ProxyZoneSpec.push../node_modules/zone.js/dist/zone-testing.js.ProxyZoneSpec.onInvoke (http://localhost:9876/_karma_webpack_/node_modules/zone.js/dist/zone-testing.js:308:1)
    at ZoneDelegate../node_modules/zone.js/dist/zone.js.ZoneDelegate.invoke (http://localhost:9876/_karma_webpack_/node_modules/zone.js/dist/zone.js:390:1)
    at Zone../node_modules/zone.js/dist/zone.js.Zone.run (http://localhost:9876/_karma_webpack_/node_modules/zone.js/dist/zone.js:150:1)
    at runInTestZone (http://localhost:9876/_karma_webpack_/node_modules/zone.js/dist/zone-testing.js:561:1)
    at UserContext.&lt;anonymous&gt; (http://localhost:9876/_karma_webpack_/node_modules/zone.js/dist/zone-testing.js:576:1)
    at &lt;Jasmine&gt;
</failure>
  </testcase>
  <testcase name="OutdoorNavigationSideButtonsComponent  test open pin" time="0.205" classname="HeadlessChrome_80_0_3987_(Mac_OS_X_10_15_3).OutdoorNavigationSideButtonsComponent ">
    <failure type="">      [hidden]="isGoToButtonHidden"
      &gt;
      &lt;ion-label&gt;{{ [ERROR -&gt;]'gotolocation-label' | translate}}&lt;/ion-label&gt;
    &lt;/ion-button&gt;
  &lt;/ion-row&gt;
The pipe 'translate' could not be found ("
      [hidden]="isGoToButtonHidden"
      &gt;
      &lt;ion-label&gt;{{ [ERROR -&gt;]'gotolocation-label' | translate}}&lt;/ion-label&gt;
    &lt;/ion-button&gt;
  &lt;/ion-row&gt;
"): ng:///DynamicTestModule/OutdoorNavigationSideButtonsComponent.html@49:20
error properties: Object({ ngSyntaxError: true, ngParseErrors: [ The pipe 'translate' could not be found ("
"): ng:///DynamicTestModule/OutdoorNavigationSideButtonsComponent.html@49:20 ] })
Error: Template parse errors:
    at syntaxError (http://localhost:9876/_karma_webpack_/node_modules/@angular/compiler/fesm5/compiler.js:2420:1)
    at TemplateParser.push../node_modules/@angular/compiler/fesm5/compiler.js.TemplateParser.parse (http://localhost:9876/_karma_webpack_/node_modules/@angular/compiler/fesm5/compiler.js:11987:1)
    at JitCompiler.push../node_modules/@angular/compiler/fesm5/compiler.js.JitCompiler._parseTemplate (http://localhost:9876/_karma_webpack_/node_modules/@angular/compiler/fesm5/compiler.js:27259:1)
    at JitCompiler.push../node_modules/@angular/compiler/fesm5/compiler.js.JitCompiler._compileTemplate (http://localhost:9876/_karma_webpack_/node_modules/@angular/compiler/fesm5/compiler.js:27246:1)
    at http://localhost:9876/_karma_webpack_/node_modules/@angular/compiler/fesm5/compiler.js:27189:48
    at &lt;Jasmine&gt;
    at JitCompiler.push../node_modules/@angular/compiler/fesm5/compiler.js.JitCompiler._compileComponents (http://localhost:9876/_karma_webpack_/node_modules/@angular/compiler/fesm5/compiler.js:27189:1)
    at http://localhost:9876/_karma_webpack_/node_modules/@angular/compiler/fesm5/compiler.js:27107:1
    at Object.then (http://localhost:9876/_karma_webpack_/node_modules/@angular/compiler/fesm5/compiler.js:2411:33)
    at JitCompiler.push../node_modules/@angular/compiler/fesm5/compiler.js.JitCompiler._compileModuleAndAllComponents (http://localhost:9876/_karma_webpack_/node_modules/@angular/compiler/fesm5/compiler.js:27105:1)
</failure>
    <failure type="">      [hidden]="isGoToButtonHidden"
      &gt;
      &lt;ion-label&gt;{{ [ERROR -&gt;]'gotolocation-label' | translate}}&lt;/ion-label&gt;
    &lt;/ion-button&gt;
  &lt;/ion-row&gt;
Error: Template parse errors:
The pipe 'translate' could not be found ("
      [hidden]="isGoToButtonHidden"
      &gt;
      &lt;ion-label&gt;{{ [ERROR -&gt;]'gotolocation-label' | translate}}&lt;/ion-label&gt;
    &lt;/ion-button&gt;
  &lt;/ion-row&gt;
"): ng:///DynamicTestModule/OutdoorNavigationSideButtonsComponent.html@49:20
error properties: Object({ ngSyntaxError: true, ngParseErrors: [ The pipe 'translate' could not be found ("
"): ng:///DynamicTestModule/OutdoorNavigationSideButtonsComponent.html@49:20 ] })
    at syntaxError (http://localhost:9876/_karma_webpack_/node_modules/@angular/compiler/fesm5/compiler.js:2420:1)
    at TemplateParser.push../node_modules/@angular/compiler/fesm5/compiler.js.TemplateParser.parse (http://localhost:9876/_karma_webpack_/node_modules/@angular/compiler/fesm5/compiler.js:11987:1)
    at JitCompiler.push../node_modules/@angular/compiler/fesm5/compiler.js.JitCompiler._parseTemplate (http://localhost:9876/_karma_webpack_/node_modules/@angular/compiler/fesm5/compiler.js:27259:1)
    at JitCompiler.push../node_modules/@angular/compiler/fesm5/compiler.js.JitCompiler._compileTemplate (http://localhost:9876/_karma_webpack_/node_modules/@angular/compiler/fesm5/compiler.js:27246:1)
    at http://localhost:9876/_karma_webpack_/node_modules/@angular/compiler/fesm5/compiler.js:27189:48
    at &lt;Jasmine&gt;
    at JitCompiler.push../node_modules/@angular/compiler/fesm5/compiler.js.JitCompiler._compileComponents (http://localhost:9876/_karma_webpack_/node_modules/@angular/compiler/fesm5/compiler.js:27189:1)
    at http://localhost:9876/_karma_webpack_/node_modules/@angular/compiler/fesm5/compiler.js:27107:1
    at Object.then (http://localhost:9876/_karma_webpack_/node_modules/@angular/compiler/fesm5/compiler.js:2411:33)
    at JitCompiler.push../node_modules/@angular/compiler/fesm5/compiler.js.JitCompiler._compileModuleAndAllComponents (http://localhost:9876/_karma_webpack_/node_modules/@angular/compiler/fesm5/compiler.js:27105:1)
</failure>
    <failure type="">TypeError: Cannot set property 'poiClicked' of undefined
    at &lt;Jasmine&gt;
    at UserContext.&lt;anonymous&gt; (http://localhost:9876/_karma_webpack_/src/app/components/outdoor/outdoor-navigation-side-buttons/outdoor-navigation-side-buttons.component.spec.ts:58:25)
    at ZoneDelegate../node_modules/zone.js/dist/zone.js.ZoneDelegate.invoke (http://localhost:9876/_karma_webpack_/node_modules/zone.js/dist/zone.js:391:1)
    at ProxyZoneSpec.push../node_modules/zone.js/dist/zone-testing.js.ProxyZoneSpec.onInvoke (http://localhost:9876/_karma_webpack_/node_modules/zone.js/dist/zone-testing.js:308:1)
    at ZoneDelegate../node_modules/zone.js/dist/zone.js.ZoneDelegate.invoke (http://localhost:9876/_karma_webpack_/node_modules/zone.js/dist/zone.js:390:1)
    at Zone../node_modules/zone.js/dist/zone.js.Zone.run (http://localhost:9876/_karma_webpack_/node_modules/zone.js/dist/zone.js:150:1)
    at runInTestZone (http://localhost:9876/_karma_webpack_/node_modules/zone.js/dist/zone-testing.js:561:1)
    at UserContext.&lt;anonymous&gt; (http://localhost:9876/_karma_webpack_/node_modules/zone.js/dist/zone-testing.js:576:1)
    at &lt;Jasmine&gt;
</failure>
  </testcase>
  <testcase name="OutdoorNavigationSideButtonsComponent  test close" time="0.175" classname="HeadlessChrome_80_0_3987_(Mac_OS_X_10_15_3).OutdoorNavigationSideButtonsComponent ">
    <failure type="">      [hidden]="isGoToButtonHidden"
      &gt;
      &lt;ion-label&gt;{{ [ERROR -&gt;]'gotolocation-label' | translate}}&lt;/ion-label&gt;
    &lt;/ion-button&gt;
  &lt;/ion-row&gt;
The pipe 'translate' could not be found ("
      [hidden]="isGoToButtonHidden"
      &gt;
      &lt;ion-label&gt;{{ [ERROR -&gt;]'gotolocation-label' | translate}}&lt;/ion-label&gt;
    &lt;/ion-button&gt;
  &lt;/ion-row&gt;
"): ng:///DynamicTestModule/OutdoorNavigationSideButtonsComponent.html@49:20
error properties: Object({ ngSyntaxError: true, ngParseErrors: [ The pipe 'translate' could not be found ("
"): ng:///DynamicTestModule/OutdoorNavigationSideButtonsComponent.html@49:20 ] })
Error: Template parse errors:
    at syntaxError (http://localhost:9876/_karma_webpack_/node_modules/@angular/compiler/fesm5/compiler.js:2420:1)
    at TemplateParser.push../node_modules/@angular/compiler/fesm5/compiler.js.TemplateParser.parse (http://localhost:9876/_karma_webpack_/node_modules/@angular/compiler/fesm5/compiler.js:11987:1)
[...]
  - Use "Observables" for a similar pub/sub architecture: https://angular.io/guide/observables
  - Use "Redux" for advanced state management: https://ngrx.io'
,HeadlessChrome 80.0.3987 (Mac OS X 10.15.3) WARN: '[DEPRECATION][Events]: The Events provider is deprecated and it will be removed in the next major release.
  - Use "Observables" for a similar pub/sub architecture: https://angular.io/guide/observables
  - Use "Redux" for advanced state management: https://ngrx.io'
,HeadlessChrome 80.0.3987 (Mac OS X 10.15.3) WARN: '[DEPRECATION][Events]: The Events provider is deprecated and it will be removed in the next major release.
  - Use "Observables" for a similar pub/sub architecture: https://angular.io/guide/observables
  - Use "Redux" for advanced state management: https://ngrx.io'
,HeadlessChrome 80.0.3987 (Mac OS X 10.15.3) WARN: 'Ionic Angular was already initialized. Make sure IonicModule.forRoot() is just called once.'
,HeadlessChrome 80.0.3987 (Mac OS X 10.15.3) WARN: '[DEPRECATION][Events]: The Events provider is deprecated and it will be removed in the next major release.
  - Use "Observables" for a similar pub/sub architecture: https://angular.io/guide/observables
  - Use "Redux" for advanced state management: https://ngrx.io'
,HeadlessChrome 80.0.3987 (Mac OS X 10.15.3) WARN: 'Ionic Angular was already initialized. Make sure IonicModule.forRoot() is just called once.'
,HeadlessChrome 80.0.3987 (Mac OS X 10.15.3) WARN: '[DEPRECATION][Events]: The Events provider is deprecated and it will be removed in the next major release.
  - Use "Observables" for a similar pub/sub architecture: https://angular.io/guide/observables
  - Use "Redux" for advanced state management: https://ngrx.io'
,HeadlessChrome 80.0.3987 (Mac OS X 10.15.3) WARN: 'Ionic Angular was already initialized. Make sure IonicModule.forRoot() is just called once.'
,HeadlessChrome 80.0.3987 (Mac OS X 10.15.3) WARN: '[DEPRECATION][Events]: The Events provider is deprecated and it will be removed in the next major release.
  - Use "Observables" for a similar pub/sub architecture: https://angular.io/guide/observables
  - Use "Redux" for advanced state management: https://ngrx.io'
,HeadlessChrome 80.0.3987 (Mac OS X 10.15.3) WARN: 'Ionic Angular was already initialized. Make sure IonicModule.forRoot() is just called once.'
,HeadlessChrome 80.0.3987 (Mac OS X 10.15.3) WARN: '[DEPRECATION][Events]: The Events provider is deprecated and it will be removed in the next major release.
  - Use "Observables" for a similar pub/sub architecture: https://angular.io/guide/observables
  - Use "Redux" for advanced state management: https://ngrx.io'
,HeadlessChrome 80.0.3987 (Mac OS X 10.15.3) ERROR: 'Unhandled Promise rejection:', 'No component factory found for RoomSelectorPopoverComponent. Did you add it to @NgModule.entryComponents?', '; Zone:', 'ProxyZone', '; Task:', 'Promise.then', '; Value:', Error: No component factory found for RoomSelectorPopoverComponent. Did you add it to @NgModule.entryComponents?
Error: No component factory found for RoomSelectorPopoverComponent. Did you add it to @NgModule.entryComponents?
    at noComponentFactoryError (http://localhost:9876/_karma_webpack_/node_modules/@angular/core/fesm5/core.js:18113:1)
    at CodegenComponentFactoryResolver.push../node_modules/@angular/core/fesm5/core.js.CodegenComponentFactoryResolver.resolveComponentFactory (http://localhost:9876/_karma_webpack_/node_modules/@angular/core/fesm5/core.js:18157:1)
    at attachView (http://localhost:9876/_karma_webpack_/node_modules/@ionic/angular/dist/fesm5.js:3212:1)
    at http://localhost:9876/_karma_webpack_/node_modules/@ionic/angular/dist/fesm5.js:3151:1
    at new ZoneAwarePromise (http://localhost:9876/_karma_webpack_/node_modules/zone.js/dist/zone.js:931:1)
    at http://localhost:9876/_karma_webpack_/node_modules/@ionic/angular/dist/fesm5.js:3145:1
    at ZoneDelegate../node_modules/zone.js/dist/zone.js.ZoneDelegate.invoke (http://localhost:9876/_karma_webpack_/node_modules/zone.js/dist/zone.js:391:1)
    at ProxyZoneSpec.push../node_modules/zone.js/dist/zone-testing.js.ProxyZoneSpec.onInvoke (http://localhost:9876/_karma_webpack_/node_modules/zone.js/dist/zone-testing.js:308:1)
    at ZoneDelegate../node_modules/zone.js/dist/zone.js.ZoneDelegate.invoke (http://localhost:9876/_karma_webpack_/node_modules/zone.js/dist/zone.js:390:1)
    at Object.onInvoke (http://localhost:9876/_karma_webpack_/node_modules/@angular/core/fesm5/core.js:26769:1), 'Error: No component factory found for RoomSelectorPopoverComponent. Did you add it to @NgModule.entryComponents?
    at noComponentFactoryError (http://localhost:9876/_karma_webpack_/node_modules/@angular/core/fesm5/core.js:18113:1)
    at CodegenComponentFactoryResolver.push../node_modules/@angular/core/fesm5/core.js.CodegenComponentFactoryResolver.resolveComponentFactory (http://localhost:9876/_karma_webpack_/node_modules/@angular/core/fesm5/core.js:18157:1)
    at attachView (http://localhost:9876/_karma_webpack_/node_modules/@ionic/angular/dist/fesm5.js:3212:1)
    at http://localhost:9876/_karma_webpack_/node_modules/@ionic/angular/dist/fesm5.js:3151:1
    at new ZoneAwarePromise (http://localhost:9876/_karma_webpack_/node_modules/zone.js/dist/zone.js:931:1)
    at http://localhost:9876/_karma_webpack_/node_modules/@ionic/angular/dist/fesm5.js:3145:1
    at ZoneDelegate../node_modules/zone.js/dist/zone.js.ZoneDelegate.invoke (http://localhost:9876/_karma_webpack_/node_modules/zone.js/dist/zone.js:391:1)
    at ProxyZoneSpec.push../node_modules/zone.js/dist/zone-testing.js.ProxyZoneSpec.onInvoke (http://localhost:9876/_karma_webpack_/node_modules/zone.js/dist/zone-testing.js:308:1)
    at ZoneDelegate../node_modules/zone.js/dist/zone.js.ZoneDelegate.invoke (http://localhost:9876/_karma_webpack_/node_modules/zone.js/dist/zone.js:390:1)
    at Object.onInvoke (http://localhost:9876/_karma_webpack_/node_modules/@angular/core/fesm5/core.js:26769:1)'
,HeadlessChrome 80.0.3987 (Mac OS X 10.15.3) ERROR: 'Unhandled Promise rejection:', 'No component factory found for InfoPopoverComponent. Did you add it to @NgModule.entryComponents?', '; Zone:', 'ProxyZone', '; Task:', 'Promise.then', '; Value:', Error: No component factory found for InfoPopoverComponent. Did you add it to @NgModule.entryComponents?
Error: No component factory found for InfoPopoverComponent. Did you add it to @NgModule.entryComponents?
    at noComponentFactoryError (http://localhost:9876/_karma_webpack_/node_modules/@angular/core/fesm5/core.js:18113:1)
    at CodegenComponentFactoryResolver.push../node_modules/@angular/core/fesm5/core.js.CodegenComponentFactoryResolver.resolveComponentFactory (http://localhost:9876/_karma_webpack_/node_modules/@angular/core/fesm5/core.js:18157:1)
    at attachView (http://localhost:9876/_karma_webpack_/node_modules/@ionic/angular/dist/fesm5.js:3212:1)
    at http://localhost:9876/_karma_webpack_/node_modules/@ionic/angular/dist/fesm5.js:3151:1
    at new ZoneAwarePromise (http://localhost:9876/_karma_webpack_/node_modules/zone.js/dist/zone.js:931:1)
    at http://localhost:9876/_karma_webpack_/node_modules/@ionic/angular/dist/fesm5.js:3145:1
    at ZoneDelegate../node_modules/zone.js/dist/zone.js.ZoneDelegate.invoke (http://localhost:9876/_karma_webpack_/node_modules/zone.js/dist/zone.js:391:1)
    at ProxyZoneSpec.push../node_modules/zone.js/dist/zone-testing.js.ProxyZoneSpec.onInvoke (http://localhost:9876/_karma_webpack_/node_modules/zone.js/dist/zone-testing.js:308:1)
    at ZoneDelegate../node_modules/zone.js/dist/zone.js.ZoneDelegate.invoke (http://localhost:9876/_karma_webpack_/node_modules/zone.js/dist/zone.js:390:1)
    at Object.onInvoke (http://localhost:9876/_karma_webpack_/node_modules/@angular/core/fesm5/core.js:26769:1), 'Error: No component factory found for InfoPopoverComponent. Did you add it to @NgModule.entryComponents?
    at noComponentFactoryError (http://localhost:9876/_karma_webpack_/node_modules/@angular/core/fesm5/core.js:18113:1)
    at CodegenComponentFactoryResolver.push../node_modules/@angular/core/fesm5/core.js.CodegenComponentFactoryResolver.resolveComponentFactory (http://localhost:9876/_karma_webpack_/node_modules/@angular/core/fesm5/core.js:18157:1)
    at attachView (http://localhost:9876/_karma_webpack_/node_modules/@ionic/angular/dist/fesm5.js:3212:1)
    at http://localhost:9876/_karma_webpack_/node_modules/@ionic/angular/dist/fesm5.js:3151:1
    at new ZoneAwarePromise (http://localhost:9876/_karma_webpack_/node_modules/zone.js/dist/zone.js:931:1)
    at http://localhost:9876/_karma_webpack_/node_modules/@ionic/angular/dist/fesm5.js:3145:1
    at ZoneDelegate../node_modules/zone.js/dist/zone.js.ZoneDelegate.invoke (http://localhost:9876/_karma_webpack_/node_modules/zone.js/dist/zone.js:391:1)
    at ProxyZoneSpec.push../node_modules/zone.js/dist/zone-testing.js.ProxyZoneSpec.onInvoke (http://localhost:9876/_karma_webpack_/node_modules/zone.js/dist/zone-testing.js:308:1)
    at ZoneDelegate../node_modules/zone.js/dist/zone.js.ZoneDelegate.invoke (http://localhost:9876/_karma_webpack_/node_modules/zone.js/dist/zone.js:390:1)
    at Object.onInvoke (http://localhost:9876/_karma_webpack_/node_modules/@angular/core/fesm5/core.js:26769:1)'
,HeadlessChrome 80.0.3987 (Mac OS X 10.15.3) WARN: '[DEPRECATION][Events]: The Events provider is deprecated and it will be removed in the next major release.
  - Use "Observables" for a similar pub/sub architecture: https://angular.io/guide/observables
  - Use "Redux" for advanced state management: https://ngrx.io'
,HeadlessChrome 80.0.3987 (Mac OS X 10.15.3) WARN: '[DEPRECATION][Events]: The Events provider is deprecated and it will be removed in the next major release.
  - Use "Observables" for a similar pub/sub architecture: https://angular.io/guide/observables
  - Use "Redux" for advanced state management: https://ngrx.io'
,HeadlessChrome 80.0.3987 (Mac OS X 10.15.3) WARN: '[DEPRECATION][Events]: The Events provider is deprecated and it will be removed in the next major release.
  - Use "Observables" for a similar pub/sub architecture: https://angular.io/guide/observables
  - Use "Redux" for advanced state management: https://ngrx.io'
,HeadlessChrome 80.0.3987 (Mac OS X 10.15.3) WARN: '[DEPRECATION][Events]: The Events provider is deprecated and it will be removed in the next major release.
  - Use "Observables" for a similar pub/sub architecture: https://angular.io/guide/observables
  - Use "Redux" for advanced state management: https://ngrx.io'
,HeadlessChrome 80.0.3987 (Mac OS X 10.15.3) WARN: '[DEPRECATION][Events]: The Events provider is deprecated and it will be removed in the next major release.
  - Use "Observables" for a similar pub/sub architecture: https://angular.io/guide/observables
  - Use "Redux" for advanced state management: https://ngrx.io'
,HeadlessChrome 80.0.3987 (Mac OS X 10.15.3) WARN: '[DEPRECATION][Events]: The Events provider is deprecated and it will be removed in the next major release.
  - Use "Observables" for a similar pub/sub architecture: https://angular.io/guide/observables
  - Use "Redux" for advanced state management: https://ngrx.io'
,HeadlessChrome 80.0.3987 (Mac OS X 10.15.3) WARN: '[DEPRECATION][Events]: The Events provider is deprecated and it will be removed in the next major release.
  - Use "Observables" for a similar pub/sub architecture: https://angular.io/guide/observables
  - Use "Redux" for advanced state management: https://ngrx.io'
,HeadlessChrome 80.0.3987 (Mac OS X 10.15.3) WARN: '[DEPRECATION][Events]: The Events provider is deprecated and it will be removed in the next major release.
  - Use "Observables" for a similar pub/sub architecture: https://angular.io/guide/observables
  - Use "Redux" for advanced state management: https://ngrx.io'
,HeadlessChrome 80.0.3987 (Mac OS X 10.15.3) WARN: '[DEPRECATION][Events]: The Events provider is deprecated and it will be removed in the next major release.
  - Use "Observables" for a similar pub/sub architecture: https://angular.io/guide/observables
  - Use "Redux" for advanced state management: https://ngrx.io'
,HeadlessChrome 80.0.3987 (Mac OS X 10.15.3) WARN: '[DEPRECATION][Events]: The Events provider is deprecated and it will be removed in the next major release.
  - Use "Observables" for a similar pub/sub architecture: https://angular.io/guide/observables
  - Use "Redux" for advanced state management: https://ngrx.io'
,HeadlessChrome 80.0.3987 (Mac OS X 10.15.3) WARN: 'Ionic Angular was already initialized. Make sure IonicModule.forRoot() is just called once.'
,HeadlessChrome 80.0.3987 (Mac OS X 10.15.3) WARN: '[DEPRECATION][Events]: The Events provider is deprecated and it will be removed in the next major release.
  - Use "Observables" for a similar pub/sub architecture: https://angular.io/guide/observables
  - Use "Redux" for advanced state management: https://ngrx.io'
,HeadlessChrome 80.0.3987 (Mac OS X 10.15.3) WARN: 'Ionic Angular was already initialized. Make sure IonicModule.forRoot() is just called once.'
,HeadlessChrome 80.0.3987 (Mac OS X 10.15.3) WARN: '[DEPRECATION][Events]: The Events provider is deprecated and it will be removed in the next major release.
  - Use "Observables" for a similar pub/sub architecture: https://angular.io/guide/observables
  - Use "Redux" for advanced state management: https://ngrx.io'
,HeadlessChrome 80.0.3987 (Mac OS X 10.15.3) WARN: 'Ionic Angular was already initialized. Make sure IonicModule.forRoot() is just called once.'
,HeadlessChrome 80.0.3987 (Mac OS X 10.15.3) WARN: '[DEPRECATION][Events]: The Events provider is deprecated and it will be removed in the next major release.
  - Use "Observables" for a similar pub/sub architecture: https://angular.io/guide/observables
  - Use "Redux" for advanced state management: https://ngrx.io'
,HeadlessChrome 80.0.3987 (Mac OS X 10.15.3) WARN: 'Ionic Angular was already initialized. Make sure IonicModule.forRoot() is just called once.'
,HeadlessChrome 80.0.3987 (Mac OS X 10.15.3) WARN: 'Ionic Angular was already initialized. Make sure IonicModule.forRoot() is just called once.'
,HeadlessChrome 80.0.3987 (Mac OS X 10.15.3) WARN: '[DEPRECATION][Events]: The Events provider is deprecated and it will be removed in the next major release.
  - Use "Observables" for a similar pub/sub architecture: https://angular.io/guide/observables
  - Use "Redux" for advanced state management: https://ngrx.io'
,HeadlessChrome 80.0.3987 (Mac OS X 10.15.3) WARN: 'Ionic Angular was already initialized. Make sure IonicModule.forRoot() is just called once.'
,HeadlessChrome 80.0.3987 (Mac OS X 10.15.3) WARN: '[DEPRECATION][Events]: The Events provider is deprecated and it will be removed in the next major release.
  - Use "Observables" for a similar pub/sub architecture: https://angular.io/guide/observables
  - Use "Redux" for advanced state management: https://ngrx.io'
,HeadlessChrome 80.0.3987 (Mac OS X 10.15.3) WARN: 'Ionic Angular was already initialized. Make sure IonicModule.forRoot() is just called once.'
,HeadlessChrome 80.0.3987 (Mac OS X 10.15.3) WARN: '[DEPRECATION][Events]: The Events provider is deprecated and it will be removed in the next major release.
  - Use "Observables" for a similar pub/sub architecture: https://angular.io/guide/observables
  - Use "Redux" for advanced state management: https://ngrx.io'
,HeadlessChrome 80.0.3987 (Mac OS X 10.15.3) WARN: 'Ionic Angular was already initialized. Make sure IonicModule.forRoot() is just called once.'
,HeadlessChrome 80.0.3987 (Mac OS X 10.15.3) WARN: '[DEPRECATION][Events]: The Events provider is deprecated and it will be removed in the next major release.
  - Use "Observables" for a similar pub/sub architecture: https://angular.io/guide/observables
  - Use "Redux" for advanced state management: https://ngrx.io'
,HeadlessChrome 80.0.3987 (Mac OS X 10.15.3) WARN: 'Ionic Angular was already initialized. Make sure IonicModule.forRoot() is just called once.'
,HeadlessChrome 80.0.3987 (Mac OS X 10.15.3) WARN: 'Ionic Angular was already initialized. Make sure IonicModule.forRoot() is just called once.'
,HeadlessChrome 80.0.3987 (Mac OS X 10.15.3) WARN: '[DEPRECATION][Events]: The Events provider is deprecated and it will be removed in the next major release.
  - Use "Observables" for a similar pub/sub architecture: https://angular.io/guide/observables
  - Use "Redux" for advanced state management: https://ngrx.io'
,HeadlessChrome 80.0.3987 (Mac OS X 10.15.3) WARN: 'Ionic Angular was already initialized. Make sure IonicModule.forRoot() is just called once.'
,HeadlessChrome 80.0.3987 (Mac OS X 10.15.3) WARN: '[DEPRECATION][Events]: The Events provider is deprecated and it will be removed in the next major release.
  - Use "Observables" for a similar pub/sub architecture: https://angular.io/guide/observables
  - Use "Redux" for advanced state management: https://ngrx.io'
,HeadlessChrome 80.0.3987 (Mac OS X 10.15.3) WARN: 'Ionic Angular was already initialized. Make sure IonicModule.forRoot() is just called once.'
,HeadlessChrome 80.0.3987 (Mac OS X 10.15.3) WARN: '[DEPRECATION][Events]: The Events provider is deprecated and it will be removed in the next major release.
  - Use "Observables" for a similar pub/sub architecture: https://angular.io/guide/observables
  - Use "Redux" for advanced state management: https://ngrx.io'
,HeadlessChrome 80.0.3987 (Mac OS X 10.15.3) WARN: 'Ionic Angular was already initialized. Make sure IonicModule.forRoot() is just called once.'
,HeadlessChrome 80.0.3987 (Mac OS X 10.15.3) WARN: '[DEPRECATION][Events]: The Events provider is deprecated and it will be removed in the next major release.
  - Use "Observables" for a similar pub/sub architecture: https://angular.io/guide/observables
  - Use "Redux" for advanced state management: https://ngrx.io'
,HeadlessChrome 80.0.3987 (Mac OS X 10.15.3) WARN: 'Ionic Angular was already initialized. Make sure IonicModule.forRoot() is just called once.'
,HeadlessChrome 80.0.3987 (Mac OS X 10.15.3) WARN: 'Ionic Angular was already initialized. Make sure IonicModule.forRoot() is just called once.'
,HeadlessChrome 80.0.3987 (Mac OS X 10.15.3) WARN: '[DEPRECATION][Events]: The Events provider is deprecated and it will be removed in the next major release.
  - Use "Observables" for a similar pub/sub architecture: https://angular.io/guide/observables
  - Use "Redux" for advanced state management: https://ngrx.io'
,HeadlessChrome 80.0.3987 (Mac OS X 10.15.3) WARN: 'Ionic Angular was already initialized. Make sure IonicModule.forRoot() is just called once.'
,HeadlessChrome 80.0.3987 (Mac OS X 10.15.3) WARN: '[DEPRECATION][Events]: The Events provider is deprecated and it will be removed in the next major release.
  - Use "Observables" for a similar pub/sub architecture: https://angular.io/guide/observables
  - Use "Redux" for advanced state management: https://ngrx.io'
,HeadlessChrome 80.0.3987 (Mac OS X 10.15.3) WARN: '[DEPRECATION][Events]: The Events provider is deprecated and it will be removed in the next major release.
  - Use "Observables" for a similar pub/sub architecture: https://angular.io/guide/observables
  - Use "Redux" for advanced state management: https://ngrx.io'
,HeadlessChrome 80.0.3987 (Mac OS X 10.15.3) WARN: '[DEPRECATION][Events]: The Events provider is deprecated and it will be removed in the next major release.
  - Use "Observables" for a similar pub/sub architecture: https://angular.io/guide/observables
  - Use "Redux" for advanced state management: https://ngrx.io'
,HeadlessChrome 80.0.3987 (Mac OS X 10.15.3) WARN: '[DEPRECATION][Events]: The Events provider is deprecated and it will be removed in the next major release.
  - Use "Observables" for a similar pub/sub architecture: https://angular.io/guide/observables
  - Use "Redux" for advanced state management: https://ngrx.io'

]]>
  </system-out>
  <system-err/>
</testsuite>